CRITICAL - 2020-12-31 04:38:59 --> Trying to get property 'code' of non-object
#0 C:\xampp_new\htdocs\cms-siswa\app\Controllers\Admin\Dashboard\DashboardController.php(18): CodeIgniter\Debug\Exceptions->errorHandler(8, 'Trying to get p...', 'C:\\xampp_new\\ht...', 18, Array)
#1 C:\xampp_new\htdocs\cms-siswa\system\CodeIgniter.php(914): App\Controllers\Admin\Dashboard\DashboardController->getDtSiswa('2020-12-27', '2020-12-27', '2003')
#2 C:\xampp_new\htdocs\cms-siswa\system\CodeIgniter.php(400): CodeIgniter\CodeIgniter->runController(Object(App\Controllers\Admin\Dashboard\DashboardController))
#3 C:\xampp_new\htdocs\cms-siswa\system\CodeIgniter.php(308): CodeIgniter\CodeIgniter->handleRequest(NULL, Object(Config\Cache), false)
#4 C:\xampp_new\htdocs\cms-siswa\index.php(20): CodeIgniter\CodeIgniter->run()
#5 {main}
CRITICAL - 2020-12-31 04:39:15 --> Trying to get property 'code' of non-object
#0 C:\xampp_new\htdocs\cms-siswa\app\Controllers\Admin\Dashboard\DashboardController.php(18): CodeIgniter\Debug\Exceptions->errorHandler(8, 'Trying to get p...', 'C:\\xampp_new\\ht...', 18, Array)
#1 C:\xampp_new\htdocs\cms-siswa\system\CodeIgniter.php(914): App\Controllers\Admin\Dashboard\DashboardController->getDtSiswa('2020-12-27', '2020-12-27', '2003')
#2 C:\xampp_new\htdocs\cms-siswa\system\CodeIgniter.php(400): CodeIgniter\CodeIgniter->runController(Object(App\Controllers\Admin\Dashboard\DashboardController))
#3 C:\xampp_new\htdocs\cms-siswa\system\CodeIgniter.php(308): CodeIgniter\CodeIgniter->handleRequest(NULL, Object(Config\Cache), false)
#4 C:\xampp_new\htdocs\cms-siswa\index.php(20): CodeIgniter\CodeIgniter->run()
#5 {main}
CRITICAL - 2020-12-31 06:01:21 --> Trying to get property 'code' of non-object
#0 C:\xampp_new\htdocs\cms-siswa\app\Controllers\Admin\Dashboard\DashboardController.php(18): CodeIgniter\Debug\Exceptions->errorHandler(8, 'Trying to get p...', 'C:\\xampp_new\\ht...', 18, Array)
#1 C:\xampp_new\htdocs\cms-siswa\system\CodeIgniter.php(914): App\Controllers\Admin\Dashboard\DashboardController->getDtSiswa('2020-12-27', '2020-12-27', '2003')
#2 C:\xampp_new\htdocs\cms-siswa\system\CodeIgniter.php(400): CodeIgniter\CodeIgniter->runController(Object(App\Controllers\Admin\Dashboard\DashboardController))
#3 C:\xampp_new\htdocs\cms-siswa\system\CodeIgniter.php(308): CodeIgniter\CodeIgniter->handleRequest(NULL, Object(Config\Cache), false)
#4 C:\xampp_new\htdocs\cms-siswa\index.php(20): CodeIgniter\CodeIgniter->run()
#5 {main}
CRITICAL - 2020-12-31 06:01:30 --> Trying to get property 'code' of non-object
#0 C:\xampp_new\htdocs\cms-siswa\app\Controllers\Admin\Dashboard\DashboardController.php(18): CodeIgniter\Debug\Exceptions->errorHandler(8, 'Trying to get p...', 'C:\\xampp_new\\ht...', 18, Array)
#1 C:\xampp_new\htdocs\cms-siswa\system\CodeIgniter.php(914): App\Controllers\Admin\Dashboard\DashboardController->getDtSiswa('2020-12-27', '2020-12-27', '2003')
#2 C:\xampp_new\htdocs\cms-siswa\system\CodeIgniter.php(400): CodeIgniter\CodeIgniter->runController(Object(App\Controllers\Admin\Dashboard\DashboardController))
#3 C:\xampp_new\htdocs\cms-siswa\system\CodeIgniter.php(308): CodeIgniter\CodeIgniter->handleRequest(NULL, Object(Config\Cache), false)
#4 C:\xampp_new\htdocs\cms-siswa\index.php(20): CodeIgniter\CodeIgniter->run()
#5 {main}
CRITICAL - 2020-12-31 06:01:52 --> Trying to get property 'code' of non-object
#0 C:\xampp_new\htdocs\cms-siswa\app\Controllers\Admin\Dashboard\DashboardController.php(18): CodeIgniter\Debug\Exceptions->errorHandler(8, 'Trying to get p...', 'C:\\xampp_new\\ht...', 18, Array)
#1 C:\xampp_new\htdocs\cms-siswa\system\CodeIgniter.php(914): App\Controllers\Admin\Dashboard\DashboardController->getDtSiswa('2020-12-27', '2020-12-27', '2003')
#2 C:\xampp_new\htdocs\cms-siswa\system\CodeIgniter.php(400): CodeIgniter\CodeIgniter->runController(Object(App\Controllers\Admin\Dashboard\DashboardController))
#3 C:\xampp_new\htdocs\cms-siswa\system\CodeIgniter.php(308): CodeIgniter\CodeIgniter->handleRequest(NULL, Object(Config\Cache), false)
#4 C:\xampp_new\htdocs\cms-siswa\index.php(20): CodeIgniter\CodeIgniter->run()
#5 {main}
