<<<<<<< HEAD
CRITICAL - 2020-07-02 02:05:46 --> Trying to get property 'products' of non-object
#0 C:\xampp_new\htdocs\cms_ci4_gitlab\app\Helpers\product_helper.php(13): CodeIgniter\Debug\Exceptions->errorHandler(8, 'Trying to get p...', 'C:\\xampp_new\\ht...', 13, Array)
#1 C:\xampp_new\htdocs\cms_ci4_gitlab\app\Controllers\Admin\Dashboard\Dashboard.php(14): totalProduct()
#2 C:\xampp_new\htdocs\cms_ci4_gitlab\system\CodeIgniter.php(914): App\Controllers\Admin\Dashboard\Dashboard->index()
#3 C:\xampp_new\htdocs\cms_ci4_gitlab\system\CodeIgniter.php(400): CodeIgniter\CodeIgniter->runController(Object(App\Controllers\Admin\Dashboard\Dashboard))
#4 C:\xampp_new\htdocs\cms_ci4_gitlab\system\CodeIgniter.php(308): CodeIgniter\CodeIgniter->handleRequest(NULL, Object(Config\Cache), false)
#5 C:\xampp_new\htdocs\cms_ci4_gitlab\index.php(45): CodeIgniter\CodeIgniter->run()
#6 {main}
CRITICAL - 2020-07-02 02:09:36 --> Maximum execution time of 120 seconds exceeded
#0 [internal function]: CodeIgniter\Debug\Exceptions->shutdownHandler()
#1 {main}
CRITICAL - 2020-07-02 02:21:50 --> Maximum execution time of 120 seconds exceeded
#0 [internal function]: CodeIgniter\Debug\Exceptions->shutdownHandler()
#1 {main}
CRITICAL - 2020-07-02 02:25:14 --> Trying to get property 'status' of non-object
#0 C:\xampp_new\htdocs\cms_ci4_gitlab\app\Controllers\Admin\Auth\Login.php(30): CodeIgniter\Debug\Exceptions->errorHandler(8, 'Trying to get p...', 'C:\\xampp_new\\ht...', 30, Array)
#1 C:\xampp_new\htdocs\cms_ci4_gitlab\system\CodeIgniter.php(914): App\Controllers\Admin\Auth\Login->store()
#2 C:\xampp_new\htdocs\cms_ci4_gitlab\system\CodeIgniter.php(400): CodeIgniter\CodeIgniter->runController(Object(App\Controllers\Admin\Auth\Login))
#3 C:\xampp_new\htdocs\cms_ci4_gitlab\system\CodeIgniter.php(308): CodeIgniter\CodeIgniter->handleRequest(NULL, Object(Config\Cache), false)
#4 C:\xampp_new\htdocs\cms_ci4_gitlab\index.php(45): CodeIgniter\CodeIgniter->run()
#5 {main}
CRITICAL - 2020-07-02 02:26:51 --> Maximum execution time of 120 seconds exceeded
#0 [internal function]: CodeIgniter\Debug\Exceptions->shutdownHandler()
#1 {main}
CRITICAL - 2020-07-02 02:29:20 --> Maximum execution time of 120 seconds exceeded
#0 [internal function]: CodeIgniter\Debug\Exceptions->shutdownHandler()
#1 {main}
CRITICAL - 2020-07-02 02:30:48 --> Trying to get property 'products' of non-object
#0 C:\xampp_new\htdocs\cms_ci4_gitlab\app\Helpers\product_helper.php(13): CodeIgniter\Debug\Exceptions->errorHandler(8, 'Trying to get p...', 'C:\\xampp_new\\ht...', 13, Array)
#1 C:\xampp_new\htdocs\cms_ci4_gitlab\app\Controllers\Admin\Dashboard\Dashboard.php(14): totalProduct()
#2 C:\xampp_new\htdocs\cms_ci4_gitlab\system\CodeIgniter.php(914): App\Controllers\Admin\Dashboard\Dashboard->index()
#3 C:\xampp_new\htdocs\cms_ci4_gitlab\system\CodeIgniter.php(400): CodeIgniter\CodeIgniter->runController(Object(App\Controllers\Admin\Dashboard\Dashboard))
#4 C:\xampp_new\htdocs\cms_ci4_gitlab\system\CodeIgniter.php(308): CodeIgniter\CodeIgniter->handleRequest(NULL, Object(Config\Cache), false)
#5 C:\xampp_new\htdocs\cms_ci4_gitlab\index.php(45): CodeIgniter\CodeIgniter->run()
#6 {main}
CRITICAL - 2020-07-02 02:31:30 --> Trying to get property 'products' of non-object
#0 C:\xampp_new\htdocs\cms_ci4_gitlab\app\Helpers\product_helper.php(13): CodeIgniter\Debug\Exceptions->errorHandler(8, 'Trying to get p...', 'C:\\xampp_new\\ht...', 13, Array)
#1 C:\xampp_new\htdocs\cms_ci4_gitlab\app\Controllers\Admin\Dashboard\Dashboard.php(14): totalProduct()
#2 C:\xampp_new\htdocs\cms_ci4_gitlab\system\CodeIgniter.php(914): App\Controllers\Admin\Dashboard\Dashboard->index()
#3 C:\xampp_new\htdocs\cms_ci4_gitlab\system\CodeIgniter.php(400): CodeIgniter\CodeIgniter->runController(Object(App\Controllers\Admin\Dashboard\Dashboard))
#4 C:\xampp_new\htdocs\cms_ci4_gitlab\system\CodeIgniter.php(308): CodeIgniter\CodeIgniter->handleRequest(NULL, Object(Config\Cache), false)
#5 C:\xampp_new\htdocs\cms_ci4_gitlab\index.php(45): CodeIgniter\CodeIgniter->run()
#6 {main}
CRITICAL - 2020-07-02 02:31:34 --> Trying to get property 'status' of non-object
#0 C:\xampp_new\htdocs\cms_ci4_gitlab\app\Controllers\Admin\Auth\Login.php(31): CodeIgniter\Debug\Exceptions->errorHandler(8, 'Trying to get p...', 'C:\\xampp_new\\ht...', 31, Array)
#1 C:\xampp_new\htdocs\cms_ci4_gitlab\system\CodeIgniter.php(914): App\Controllers\Admin\Auth\Login->store()
#2 C:\xampp_new\htdocs\cms_ci4_gitlab\system\CodeIgniter.php(400): CodeIgniter\CodeIgniter->runController(Object(App\Controllers\Admin\Auth\Login))
#3 C:\xampp_new\htdocs\cms_ci4_gitlab\system\CodeIgniter.php(308): CodeIgniter\CodeIgniter->handleRequest(NULL, Object(Config\Cache), false)
#4 C:\xampp_new\htdocs\cms_ci4_gitlab\index.php(45): CodeIgniter\CodeIgniter->run()
#5 {main}
CRITICAL - 2020-07-02 02:34:50 --> Maximum execution time of 120 seconds exceeded
#0 [internal function]: CodeIgniter\Debug\Exceptions->shutdownHandler()
#1 {main}
CRITICAL - 2020-07-02 02:39:21 --> Maximum execution time of 120 seconds exceeded
#0 [internal function]: CodeIgniter\Debug\Exceptions->shutdownHandler()
#1 {main}
CRITICAL - 2020-07-02 02:41:36 --> Trying to get property 'products' of non-object
#0 C:\xampp_new\htdocs\cms_ci4_gitlab\app\Helpers\product_helper.php(13): CodeIgniter\Debug\Exceptions->errorHandler(8, 'Trying to get p...', 'C:\\xampp_new\\ht...', 13, Array)
#1 C:\xampp_new\htdocs\cms_ci4_gitlab\app\Controllers\Admin\Dashboard\Dashboard.php(14): totalProduct()
#2 C:\xampp_new\htdocs\cms_ci4_gitlab\system\CodeIgniter.php(914): App\Controllers\Admin\Dashboard\Dashboard->index()
#3 C:\xampp_new\htdocs\cms_ci4_gitlab\system\CodeIgniter.php(400): CodeIgniter\CodeIgniter->runController(Object(App\Controllers\Admin\Dashboard\Dashboard))
#4 C:\xampp_new\htdocs\cms_ci4_gitlab\system\CodeIgniter.php(308): CodeIgniter\CodeIgniter->handleRequest(NULL, Object(Config\Cache), false)
#5 C:\xampp_new\htdocs\cms_ci4_gitlab\index.php(45): CodeIgniter\CodeIgniter->run()
#6 {main}
CRITICAL - 2020-07-02 02:43:24 --> Maximum execution time of 120 seconds exceeded
#0 [internal function]: CodeIgniter\Debug\Exceptions->shutdownHandler()
#1 {main}
CRITICAL - 2020-07-02 02:43:27 --> Undefined property: stdClass::$products
#0 C:\xampp_new\htdocs\cms_ci4_gitlab\app\Helpers\product_helper.php(13): CodeIgniter\Debug\Exceptions->errorHandler(8, 'Undefined prope...', 'C:\\xampp_new\\ht...', 13, Array)
#1 C:\xampp_new\htdocs\cms_ci4_gitlab\app\Controllers\Admin\Dashboard\Dashboard.php(14): totalProduct()
#2 C:\xampp_new\htdocs\cms_ci4_gitlab\system\CodeIgniter.php(914): App\Controllers\Admin\Dashboard\Dashboard->index()
#3 C:\xampp_new\htdocs\cms_ci4_gitlab\system\CodeIgniter.php(400): CodeIgniter\CodeIgniter->runController(Object(App\Controllers\Admin\Dashboard\Dashboard))
#4 C:\xampp_new\htdocs\cms_ci4_gitlab\system\CodeIgniter.php(308): CodeIgniter\CodeIgniter->handleRequest(NULL, Object(Config\Cache), false)
#5 C:\xampp_new\htdocs\cms_ci4_gitlab\index.php(45): CodeIgniter\CodeIgniter->run()
#6 {main}
CRITICAL - 2020-07-02 02:43:47 --> Trying to get property 'products' of non-object
#0 C:\xampp_new\htdocs\cms_ci4_gitlab\app\Helpers\product_helper.php(13): CodeIgniter\Debug\Exceptions->errorHandler(8, 'Trying to get p...', 'C:\\xampp_new\\ht...', 13, Array)
#1 C:\xampp_new\htdocs\cms_ci4_gitlab\app\Controllers\Admin\Dashboard\Dashboard.php(14): totalProduct()
#2 C:\xampp_new\htdocs\cms_ci4_gitlab\system\CodeIgniter.php(914): App\Controllers\Admin\Dashboard\Dashboard->index()
#3 C:\xampp_new\htdocs\cms_ci4_gitlab\system\CodeIgniter.php(400): CodeIgniter\CodeIgniter->runController(Object(App\Controllers\Admin\Dashboard\Dashboard))
#4 C:\xampp_new\htdocs\cms_ci4_gitlab\system\CodeIgniter.php(308): CodeIgniter\CodeIgniter->handleRequest(NULL, Object(Config\Cache), false)
#5 C:\xampp_new\htdocs\cms_ci4_gitlab\index.php(45): CodeIgniter\CodeIgniter->run()
#6 {main}
CRITICAL - 2020-07-02 02:44:29 --> Trying to get property 'products' of non-object
#0 C:\xampp_new\htdocs\cms_ci4_gitlab\app\Helpers\product_helper.php(13): CodeIgniter\Debug\Exceptions->errorHandler(8, 'Trying to get p...', 'C:\\xampp_new\\ht...', 13, Array)
#1 C:\xampp_new\htdocs\cms_ci4_gitlab\app\Controllers\Admin\Dashboard\Dashboard.php(14): totalProduct()
#2 C:\xampp_new\htdocs\cms_ci4_gitlab\system\CodeIgniter.php(914): App\Controllers\Admin\Dashboard\Dashboard->index()
#3 C:\xampp_new\htdocs\cms_ci4_gitlab\system\CodeIgniter.php(400): CodeIgniter\CodeIgniter->runController(Object(App\Controllers\Admin\Dashboard\Dashboard))
#4 C:\xampp_new\htdocs\cms_ci4_gitlab\system\CodeIgniter.php(308): CodeIgniter\CodeIgniter->handleRequest(NULL, Object(Config\Cache), false)
#5 C:\xampp_new\htdocs\cms_ci4_gitlab\index.php(45): CodeIgniter\CodeIgniter->run()
#6 {main}
CRITICAL - 2020-07-02 02:44:50 --> Maximum execution time of 120 seconds exceeded
#0 [internal function]: CodeIgniter\Debug\Exceptions->shutdownHandler()
#1 {main}
CRITICAL - 2020-07-02 02:44:50 --> Maximum execution time of 120 seconds exceeded
#0 [internal function]: CodeIgniter\Debug\Exceptions->shutdownHandler()
#1 {main}
CRITICAL - 2020-07-02 02:44:50 --> Maximum execution time of 120 seconds exceeded
#0 [internal function]: CodeIgniter\Debug\Exceptions->shutdownHandler()
#1 {main}
CRITICAL - 2020-07-02 02:45:12 --> Maximum execution time of 120 seconds exceeded
#0 [internal function]: CodeIgniter\Debug\Exceptions->shutdownHandler()
#1 {main}
CRITICAL - 2020-07-02 02:51:39 --> Trying to get property 'products' of non-object
#0 C:\xampp_new\htdocs\cms_ci4_gitlab\app\Helpers\product_helper.php(13): CodeIgniter\Debug\Exceptions->errorHandler(8, 'Trying to get p...', 'C:\\xampp_new\\ht...', 13, Array)
#1 C:\xampp_new\htdocs\cms_ci4_gitlab\app\Controllers\Admin\Dashboard\Dashboard.php(14): totalProduct()
#2 C:\xampp_new\htdocs\cms_ci4_gitlab\system\CodeIgniter.php(914): App\Controllers\Admin\Dashboard\Dashboard->index()
#3 C:\xampp_new\htdocs\cms_ci4_gitlab\system\CodeIgniter.php(400): CodeIgniter\CodeIgniter->runController(Object(App\Controllers\Admin\Dashboard\Dashboard))
#4 C:\xampp_new\htdocs\cms_ci4_gitlab\system\CodeIgniter.php(308): CodeIgniter\CodeIgniter->handleRequest(NULL, Object(Config\Cache), false)
#5 C:\xampp_new\htdocs\cms_ci4_gitlab\index.php(45): CodeIgniter\CodeIgniter->run()
#6 {main}
CRITICAL - 2020-07-02 02:52:27 --> Trying to get property 'products' of non-object
#0 C:\xampp_new\htdocs\cms_ci4_gitlab\app\Helpers\product_helper.php(13): CodeIgniter\Debug\Exceptions->errorHandler(8, 'Trying to get p...', 'C:\\xampp_new\\ht...', 13, Array)
#1 C:\xampp_new\htdocs\cms_ci4_gitlab\app\Controllers\Admin\Dashboard\Dashboard.php(14): totalProduct()
#2 C:\xampp_new\htdocs\cms_ci4_gitlab\system\CodeIgniter.php(914): App\Controllers\Admin\Dashboard\Dashboard->index()
#3 C:\xampp_new\htdocs\cms_ci4_gitlab\system\CodeIgniter.php(400): CodeIgniter\CodeIgniter->runController(Object(App\Controllers\Admin\Dashboard\Dashboard))
#4 C:\xampp_new\htdocs\cms_ci4_gitlab\system\CodeIgniter.php(308): CodeIgniter\CodeIgniter->handleRequest(NULL, Object(Config\Cache), false)
#5 C:\xampp_new\htdocs\cms_ci4_gitlab\index.php(45): CodeIgniter\CodeIgniter->run()
#6 {main}
CRITICAL - 2020-07-02 02:53:29 --> Undefined property: stdClass::$products
#0 C:\xampp_new\htdocs\cms_ci4_gitlab\app\Helpers\product_helper.php(13): CodeIgniter\Debug\Exceptions->errorHandler(8, 'Undefined prope...', 'C:\\xampp_new\\ht...', 13, Array)
#1 C:\xampp_new\htdocs\cms_ci4_gitlab\app\Controllers\Admin\Dashboard\Dashboard.php(14): totalProduct()
#2 C:\xampp_new\htdocs\cms_ci4_gitlab\system\CodeIgniter.php(914): App\Controllers\Admin\Dashboard\Dashboard->index()
#3 C:\xampp_new\htdocs\cms_ci4_gitlab\system\CodeIgniter.php(400): CodeIgniter\CodeIgniter->runController(Object(App\Controllers\Admin\Dashboard\Dashboard))
#4 C:\xampp_new\htdocs\cms_ci4_gitlab\system\CodeIgniter.php(308): CodeIgniter\CodeIgniter->handleRequest(NULL, Object(Config\Cache), false)
#5 C:\xampp_new\htdocs\cms_ci4_gitlab\index.php(45): CodeIgniter\CodeIgniter->run()
#6 {main}
CRITICAL - 2020-07-02 02:54:32 --> Undefined property: stdClass::$products
#0 C:\xampp_new\htdocs\cms_ci4_gitlab\app\Helpers\product_helper.php(13): CodeIgniter\Debug\Exceptions->errorHandler(8, 'Undefined prope...', 'C:\\xampp_new\\ht...', 13, Array)
#1 C:\xampp_new\htdocs\cms_ci4_gitlab\app\Controllers\Admin\Dashboard\Dashboard.php(14): totalProduct()
#2 C:\xampp_new\htdocs\cms_ci4_gitlab\system\CodeIgniter.php(914): App\Controllers\Admin\Dashboard\Dashboard->index()
#3 C:\xampp_new\htdocs\cms_ci4_gitlab\system\CodeIgniter.php(400): CodeIgniter\CodeIgniter->runController(Object(App\Controllers\Admin\Dashboard\Dashboard))
#4 C:\xampp_new\htdocs\cms_ci4_gitlab\system\CodeIgniter.php(308): CodeIgniter\CodeIgniter->handleRequest(NULL, Object(Config\Cache), false)
#5 C:\xampp_new\htdocs\cms_ci4_gitlab\index.php(45): CodeIgniter\CodeIgniter->run()
#6 {main}
CRITICAL - 2020-07-02 02:56:13 --> Trying to get property 'products' of non-object
#0 C:\xampp_new\htdocs\cms_ci4_gitlab\app\Helpers\product_helper.php(13): CodeIgniter\Debug\Exceptions->errorHandler(8, 'Trying to get p...', 'C:\\xampp_new\\ht...', 13, Array)
#1 C:\xampp_new\htdocs\cms_ci4_gitlab\app\Controllers\Admin\Dashboard\Dashboard.php(14): totalProduct()
#2 C:\xampp_new\htdocs\cms_ci4_gitlab\system\CodeIgniter.php(914): App\Controllers\Admin\Dashboard\Dashboard->index()
#3 C:\xampp_new\htdocs\cms_ci4_gitlab\system\CodeIgniter.php(400): CodeIgniter\CodeIgniter->runController(Object(App\Controllers\Admin\Dashboard\Dashboard))
#4 C:\xampp_new\htdocs\cms_ci4_gitlab\system\CodeIgniter.php(308): CodeIgniter\CodeIgniter->handleRequest(NULL, Object(Config\Cache), false)
#5 C:\xampp_new\htdocs\cms_ci4_gitlab\index.php(45): CodeIgniter\CodeIgniter->run()
#6 {main}
CRITICAL - 2020-07-02 02:57:19 --> Undefined property: stdClass::$products
#0 C:\xampp_new\htdocs\cms_ci4_gitlab\app\Helpers\product_helper.php(13): CodeIgniter\Debug\Exceptions->errorHandler(8, 'Undefined prope...', 'C:\\xampp_new\\ht...', 13, Array)
#1 C:\xampp_new\htdocs\cms_ci4_gitlab\app\Controllers\Admin\Dashboard\Dashboard.php(14): totalProduct()
#2 C:\xampp_new\htdocs\cms_ci4_gitlab\system\CodeIgniter.php(914): App\Controllers\Admin\Dashboard\Dashboard->index()
#3 C:\xampp_new\htdocs\cms_ci4_gitlab\system\CodeIgniter.php(400): CodeIgniter\CodeIgniter->runController(Object(App\Controllers\Admin\Dashboard\Dashboard))
#4 C:\xampp_new\htdocs\cms_ci4_gitlab\system\CodeIgniter.php(308): CodeIgniter\CodeIgniter->handleRequest(NULL, Object(Config\Cache), false)
#5 C:\xampp_new\htdocs\cms_ci4_gitlab\index.php(45): CodeIgniter\CodeIgniter->run()
=======
CRITICAL - 2020-07-02 01:30:54 --> Trying to get property 'status' of non-object
#0 C:\xampp\htdocs\cms_ci4_gitlab\app\Controllers\Admin\Auth\Login.php(30): CodeIgniter\Debug\Exceptions->errorHandler(8, 'Trying to get p...', 'C:\\xampp\\htdocs...', 30, Array)
#1 C:\xampp\htdocs\cms_ci4_gitlab\system\CodeIgniter.php(914): App\Controllers\Admin\Auth\Login->store()
#2 C:\xampp\htdocs\cms_ci4_gitlab\system\CodeIgniter.php(400): CodeIgniter\CodeIgniter->runController(Object(App\Controllers\Admin\Auth\Login))
#3 C:\xampp\htdocs\cms_ci4_gitlab\system\CodeIgniter.php(308): CodeIgniter\CodeIgniter->handleRequest(NULL, Object(Config\Cache), false)
#4 C:\xampp\htdocs\cms_ci4_gitlab\index.php(45): CodeIgniter\CodeIgniter->run()
#5 {main}
CRITICAL - 2020-07-02 01:56:12 --> Trying to get property 'status' of non-object
#0 C:\xampp\htdocs\cms_ci4_gitlab\app\Controllers\Admin\Auth\Login.php(30): CodeIgniter\Debug\Exceptions->errorHandler(8, 'Trying to get p...', 'C:\\xampp\\htdocs...', 30, Array)
#1 C:\xampp\htdocs\cms_ci4_gitlab\system\CodeIgniter.php(914): App\Controllers\Admin\Auth\Login->store()
#2 C:\xampp\htdocs\cms_ci4_gitlab\system\CodeIgniter.php(400): CodeIgniter\CodeIgniter->runController(Object(App\Controllers\Admin\Auth\Login))
#3 C:\xampp\htdocs\cms_ci4_gitlab\system\CodeIgniter.php(308): CodeIgniter\CodeIgniter->handleRequest(NULL, Object(Config\Cache), false)
#4 C:\xampp\htdocs\cms_ci4_gitlab\index.php(45): CodeIgniter\CodeIgniter->run()
#5 {main}
CRITICAL - 2020-07-02 02:08:03 --> Trying to get property 'status' of non-object
#0 C:\xampp\htdocs\cms_ci4_gitlab\app\Controllers\Admin\Auth\Login.php(30): CodeIgniter\Debug\Exceptions->errorHandler(8, 'Trying to get p...', 'C:\\xampp\\htdocs...', 30, Array)
#1 C:\xampp\htdocs\cms_ci4_gitlab\system\CodeIgniter.php(914): App\Controllers\Admin\Auth\Login->store()
#2 C:\xampp\htdocs\cms_ci4_gitlab\system\CodeIgniter.php(400): CodeIgniter\CodeIgniter->runController(Object(App\Controllers\Admin\Auth\Login))
#3 C:\xampp\htdocs\cms_ci4_gitlab\system\CodeIgniter.php(308): CodeIgniter\CodeIgniter->handleRequest(NULL, Object(Config\Cache), false)
#4 C:\xampp\htdocs\cms_ci4_gitlab\index.php(45): CodeIgniter\CodeIgniter->run()
#5 {main}
CRITICAL - 2020-07-02 02:24:41 --> Trying to get property 'status' of non-object
#0 C:\xampp\htdocs\cms_ci4_gitlab\app\Controllers\Admin\Auth\Login.php(30): CodeIgniter\Debug\Exceptions->errorHandler(8, 'Trying to get p...', 'C:\\xampp\\htdocs...', 30, Array)
#1 C:\xampp\htdocs\cms_ci4_gitlab\system\CodeIgniter.php(914): App\Controllers\Admin\Auth\Login->store()
#2 C:\xampp\htdocs\cms_ci4_gitlab\system\CodeIgniter.php(400): CodeIgniter\CodeIgniter->runController(Object(App\Controllers\Admin\Auth\Login))
#3 C:\xampp\htdocs\cms_ci4_gitlab\system\CodeIgniter.php(308): CodeIgniter\CodeIgniter->handleRequest(NULL, Object(Config\Cache), false)
#4 C:\xampp\htdocs\cms_ci4_gitlab\index.php(45): CodeIgniter\CodeIgniter->run()
#5 {main}
CRITICAL - 2020-07-02 02:25:51 --> Trying to get property 'status' of non-object
#0 C:\xampp\htdocs\cms_ci4_gitlab\app\Controllers\Admin\Auth\Login.php(30): CodeIgniter\Debug\Exceptions->errorHandler(8, 'Trying to get p...', 'C:\\xampp\\htdocs...', 30, Array)
#1 C:\xampp\htdocs\cms_ci4_gitlab\system\CodeIgniter.php(914): App\Controllers\Admin\Auth\Login->store()
#2 C:\xampp\htdocs\cms_ci4_gitlab\system\CodeIgniter.php(400): CodeIgniter\CodeIgniter->runController(Object(App\Controllers\Admin\Auth\Login))
#3 C:\xampp\htdocs\cms_ci4_gitlab\system\CodeIgniter.php(308): CodeIgniter\CodeIgniter->handleRequest(NULL, Object(Config\Cache), false)
#4 C:\xampp\htdocs\cms_ci4_gitlab\index.php(45): CodeIgniter\CodeIgniter->run()
#5 {main}
CRITICAL - 2020-07-02 02:26:20 --> Trying to get property 'status' of non-object
#0 C:\xampp\htdocs\cms_ci4_gitlab\app\Controllers\Admin\Auth\Login.php(30): CodeIgniter\Debug\Exceptions->errorHandler(8, 'Trying to get p...', 'C:\\xampp\\htdocs...', 30, Array)
#1 C:\xampp\htdocs\cms_ci4_gitlab\system\CodeIgniter.php(914): App\Controllers\Admin\Auth\Login->store()
#2 C:\xampp\htdocs\cms_ci4_gitlab\system\CodeIgniter.php(400): CodeIgniter\CodeIgniter->runController(Object(App\Controllers\Admin\Auth\Login))
#3 C:\xampp\htdocs\cms_ci4_gitlab\system\CodeIgniter.php(308): CodeIgniter\CodeIgniter->handleRequest(NULL, Object(Config\Cache), false)
#4 C:\xampp\htdocs\cms_ci4_gitlab\index.php(45): CodeIgniter\CodeIgniter->run()
#5 {main}
CRITICAL - 2020-07-02 02:27:46 --> Trying to get property 'status' of non-object
#0 C:\xampp\htdocs\cms_ci4_gitlab\app\Controllers\Admin\Auth\Login.php(30): CodeIgniter\Debug\Exceptions->errorHandler(8, 'Trying to get p...', 'C:\\xampp\\htdocs...', 30, Array)
#1 C:\xampp\htdocs\cms_ci4_gitlab\system\CodeIgniter.php(914): App\Controllers\Admin\Auth\Login->store()
#2 C:\xampp\htdocs\cms_ci4_gitlab\system\CodeIgniter.php(400): CodeIgniter\CodeIgniter->runController(Object(App\Controllers\Admin\Auth\Login))
#3 C:\xampp\htdocs\cms_ci4_gitlab\system\CodeIgniter.php(308): CodeIgniter\CodeIgniter->handleRequest(NULL, Object(Config\Cache), false)
#4 C:\xampp\htdocs\cms_ci4_gitlab\index.php(45): CodeIgniter\CodeIgniter->run()
#5 {main}
CRITICAL - 2020-07-02 02:33:43 --> Trying to get property 'products' of non-object
#0 C:\xampp\htdocs\cms_ci4_gitlab\app\Helpers\product_helper.php(13): CodeIgniter\Debug\Exceptions->errorHandler(8, 'Trying to get p...', 'C:\\xampp\\htdocs...', 13, Array)
#1 C:\xampp\htdocs\cms_ci4_gitlab\app\Controllers\Admin\Dashboard\Dashboard.php(14): totalProduct()
#2 C:\xampp\htdocs\cms_ci4_gitlab\system\CodeIgniter.php(914): App\Controllers\Admin\Dashboard\Dashboard->index()
#3 C:\xampp\htdocs\cms_ci4_gitlab\system\CodeIgniter.php(400): CodeIgniter\CodeIgniter->runController(Object(App\Controllers\Admin\Dashboard\Dashboard))
#4 C:\xampp\htdocs\cms_ci4_gitlab\system\CodeIgniter.php(308): CodeIgniter\CodeIgniter->handleRequest(NULL, Object(Config\Cache), false)
#5 C:\xampp\htdocs\cms_ci4_gitlab\index.php(45): CodeIgniter\CodeIgniter->run()
#6 {main}
CRITICAL - 2020-07-02 02:35:41 --> Trying to get property 'data' of non-object
#0 C:\xampp\htdocs\cms_ci4_gitlab\app\Helpers\product_helper.php(31): CodeIgniter\Debug\Exceptions->errorHandler(8, 'Trying to get p...', 'C:\\xampp\\htdocs...', 31, Array)
#1 C:\xampp\htdocs\cms_ci4_gitlab\app\Controllers\Admin\Dashboard\Dashboard.php(15): totalUser()
#2 C:\xampp\htdocs\cms_ci4_gitlab\system\CodeIgniter.php(914): App\Controllers\Admin\Dashboard\Dashboard->index()
#3 C:\xampp\htdocs\cms_ci4_gitlab\system\CodeIgniter.php(400): CodeIgniter\CodeIgniter->runController(Object(App\Controllers\Admin\Dashboard\Dashboard))
#4 C:\xampp\htdocs\cms_ci4_gitlab\system\CodeIgniter.php(308): CodeIgniter\CodeIgniter->handleRequest(NULL, Object(Config\Cache), false)
#5 C:\xampp\htdocs\cms_ci4_gitlab\index.php(45): CodeIgniter\CodeIgniter->run()
#6 {main}
CRITICAL - 2020-07-02 02:47:52 --> Trying to get property 'products' of non-object
#0 C:\xampp\htdocs\cms_ci4_gitlab\app\Helpers\product_helper.php(13): CodeIgniter\Debug\Exceptions->errorHandler(8, 'Trying to get p...', 'C:\\xampp\\htdocs...', 13, Array)
#1 C:\xampp\htdocs\cms_ci4_gitlab\app\Controllers\Admin\Dashboard\Dashboard.php(14): totalProduct()
#2 C:\xampp\htdocs\cms_ci4_gitlab\system\CodeIgniter.php(914): App\Controllers\Admin\Dashboard\Dashboard->index()
#3 C:\xampp\htdocs\cms_ci4_gitlab\system\CodeIgniter.php(400): CodeIgniter\CodeIgniter->runController(Object(App\Controllers\Admin\Dashboard\Dashboard))
#4 C:\xampp\htdocs\cms_ci4_gitlab\system\CodeIgniter.php(308): CodeIgniter\CodeIgniter->handleRequest(NULL, Object(Config\Cache), false)
#5 C:\xampp\htdocs\cms_ci4_gitlab\index.php(45): CodeIgniter\CodeIgniter->run()
#6 {main}
CRITICAL - 2020-07-02 02:55:52 --> Maximum execution time of 120 seconds exceeded
#0 [internal function]: CodeIgniter\Debug\Exceptions->shutdownHandler()
#1 {main}
CRITICAL - 2020-07-02 02:55:52 --> Maximum execution time of 120 seconds exceeded
#0 [internal function]: CodeIgniter\Debug\Exceptions->shutdownHandler()
#1 {main}
CRITICAL - 2020-07-02 04:45:24 --> Trying to get property 'data' of non-object
#0 C:\xampp\htdocs\cms_ci4_gitlab\app\Helpers\product_helper.php(31): CodeIgniter\Debug\Exceptions->errorHandler(8, 'Trying to get p...', 'C:\\xampp\\htdocs...', 31, Array)
#1 C:\xampp\htdocs\cms_ci4_gitlab\app\Controllers\Admin\Dashboard\Dashboard.php(15): totalUser()
#2 C:\xampp\htdocs\cms_ci4_gitlab\system\CodeIgniter.php(914): App\Controllers\Admin\Dashboard\Dashboard->index()
#3 C:\xampp\htdocs\cms_ci4_gitlab\system\CodeIgniter.php(400): CodeIgniter\CodeIgniter->runController(Object(App\Controllers\Admin\Dashboard\Dashboard))
#4 C:\xampp\htdocs\cms_ci4_gitlab\system\CodeIgniter.php(308): CodeIgniter\CodeIgniter->handleRequest(NULL, Object(Config\Cache), false)
#5 C:\xampp\htdocs\cms_ci4_gitlab\index.php(45): CodeIgniter\CodeIgniter->run()
>>>>>>> 707efdc7506e2602a28e7ee3b05bded4ca0887d0
#6 {main}
