CRITICAL - 2021-01-14 04:17:11 --> MySQL server has gone away
#0 C:\xampp_new\htdocs\cms-siswa\system\Database\BaseConnection.php(377): CodeIgniter\Database\MySQLi\Connection->connect(false)
#1 C:\xampp_new\htdocs\cms-siswa\system\Database\BaseConnection.php(643): CodeIgniter\Database\BaseConnection->initialize()
#2 C:\xampp_new\htdocs\cms-siswa\app\Controllers\Admin\Student\StudentController.php(68): CodeIgniter\Database\BaseConnection->query('SELECT * FROM o...')
#3 C:\xampp_new\htdocs\cms-siswa\system\CodeIgniter.php(914): App\Controllers\Admin\Student\StudentController->searchStudent()
#4 C:\xampp_new\htdocs\cms-siswa\system\CodeIgniter.php(400): CodeIgniter\CodeIgniter->runController(Object(App\Controllers\Admin\Student\StudentController))
#5 C:\xampp_new\htdocs\cms-siswa\system\CodeIgniter.php(308): CodeIgniter\CodeIgniter->handleRequest(NULL, Object(Config\Cache), false)
#6 C:\xampp_new\htdocs\cms-siswa\index.php(20): CodeIgniter\CodeIgniter->run()
#7 {main}
CRITICAL - 2021-01-14 04:34:28 --> Undefined variable: stat
#0 C:\xampp_new\htdocs\cms-siswa\app\Views\student\detail.php(136): CodeIgniter\Debug\Exceptions->errorHandler(8, 'Undefined varia...', 'C:\\xampp_new\\ht...', 136, Array)
#1 C:\xampp_new\htdocs\cms-siswa\system\View\View.php(246): include('C:\\xampp_new\\ht...')
#2 C:\xampp_new\htdocs\cms-siswa\system\Common.php(1087): CodeIgniter\View\View->render('student/detail', Array, true)
#3 C:\xampp_new\htdocs\cms-siswa\app\Controllers\Admin\Student\StudentController.php(102): view('student/detail', Array)
#4 C:\xampp_new\htdocs\cms-siswa\system\CodeIgniter.php(914): App\Controllers\Admin\Student\StudentController->searchStudentByID('152')
#5 C:\xampp_new\htdocs\cms-siswa\system\CodeIgniter.php(400): CodeIgniter\CodeIgniter->runController(Object(App\Controllers\Admin\Student\StudentController))
#6 C:\xampp_new\htdocs\cms-siswa\system\CodeIgniter.php(308): CodeIgniter\CodeIgniter->handleRequest(NULL, Object(Config\Cache), false)
#7 C:\xampp_new\htdocs\cms-siswa\index.php(20): CodeIgniter\CodeIgniter->run()
#8 {main}
CRITICAL - 2021-01-14 04:35:38 --> Undefined variable: stat
#0 C:\xampp_new\htdocs\cms-siswa\app\Views\student\detail.php(166): CodeIgniter\Debug\Exceptions->errorHandler(8, 'Undefined varia...', 'C:\\xampp_new\\ht...', 166, Array)
#1 C:\xampp_new\htdocs\cms-siswa\system\View\View.php(246): include('C:\\xampp_new\\ht...')
#2 C:\xampp_new\htdocs\cms-siswa\system\Common.php(1087): CodeIgniter\View\View->render('student/detail', Array, true)
#3 C:\xampp_new\htdocs\cms-siswa\app\Controllers\Admin\Student\StudentController.php(102): view('student/detail', Array)
#4 C:\xampp_new\htdocs\cms-siswa\system\CodeIgniter.php(914): App\Controllers\Admin\Student\StudentController->searchStudentByID('152')
#5 C:\xampp_new\htdocs\cms-siswa\system\CodeIgniter.php(400): CodeIgniter\CodeIgniter->runController(Object(App\Controllers\Admin\Student\StudentController))
#6 C:\xampp_new\htdocs\cms-siswa\system\CodeIgniter.php(308): CodeIgniter\CodeIgniter->handleRequest(NULL, Object(Config\Cache), false)
#7 C:\xampp_new\htdocs\cms-siswa\index.php(20): CodeIgniter\CodeIgniter->run()
#8 {main}
CRITICAL - 2021-01-14 04:55:36 --> Undefined offset: 0
#0 C:\xampp_new\htdocs\cms-siswa\app\Controllers\Admin\Student\StudentController.php(68): CodeIgniter\Debug\Exceptions->errorHandler(8, 'Undefined offse...', 'C:\\xampp_new\\ht...', 68, Array)
#1 C:\xampp_new\htdocs\cms-siswa\system\CodeIgniter.php(914): App\Controllers\Admin\Student\StudentController->searchStudent()
#2 C:\xampp_new\htdocs\cms-siswa\system\CodeIgniter.php(400): CodeIgniter\CodeIgniter->runController(Object(App\Controllers\Admin\Student\StudentController))
#3 C:\xampp_new\htdocs\cms-siswa\system\CodeIgniter.php(308): CodeIgniter\CodeIgniter->handleRequest(NULL, Object(Config\Cache), false)
#4 C:\xampp_new\htdocs\cms-siswa\index.php(20): CodeIgniter\CodeIgniter->run()
#5 {main}
CRITICAL - 2021-01-14 04:55:40 --> Undefined offset: 0
#0 C:\xampp_new\htdocs\cms-siswa\app\Controllers\Admin\Student\StudentController.php(68): CodeIgniter\Debug\Exceptions->errorHandler(8, 'Undefined offse...', 'C:\\xampp_new\\ht...', 68, Array)
#1 C:\xampp_new\htdocs\cms-siswa\system\CodeIgniter.php(914): App\Controllers\Admin\Student\StudentController->searchStudent()
#2 C:\xampp_new\htdocs\cms-siswa\system\CodeIgniter.php(400): CodeIgniter\CodeIgniter->runController(Object(App\Controllers\Admin\Student\StudentController))
#3 C:\xampp_new\htdocs\cms-siswa\system\CodeIgniter.php(308): CodeIgniter\CodeIgniter->handleRequest(NULL, Object(Config\Cache), false)
#4 C:\xampp_new\htdocs\cms-siswa\index.php(20): CodeIgniter\CodeIgniter->run()
#5 {main}
CRITICAL - 2021-01-14 04:56:25 --> Undefined offset: 0
#0 C:\xampp_new\htdocs\cms-siswa\app\Controllers\Admin\Student\StudentController.php(68): CodeIgniter\Debug\Exceptions->errorHandler(8, 'Undefined offse...', 'C:\\xampp_new\\ht...', 68, Array)
#1 C:\xampp_new\htdocs\cms-siswa\system\CodeIgniter.php(914): App\Controllers\Admin\Student\StudentController->searchStudent()
#2 C:\xampp_new\htdocs\cms-siswa\system\CodeIgniter.php(400): CodeIgniter\CodeIgniter->runController(Object(App\Controllers\Admin\Student\StudentController))
#3 C:\xampp_new\htdocs\cms-siswa\system\CodeIgniter.php(308): CodeIgniter\CodeIgniter->handleRequest(NULL, Object(Config\Cache), false)
#4 C:\xampp_new\htdocs\cms-siswa\index.php(20): CodeIgniter\CodeIgniter->run()
#5 {main}
CRITICAL - 2021-01-14 04:56:33 --> Undefined offset: 0
#0 C:\xampp_new\htdocs\cms-siswa\app\Controllers\Admin\Student\StudentController.php(68): CodeIgniter\Debug\Exceptions->errorHandler(8, 'Undefined offse...', 'C:\\xampp_new\\ht...', 68, Array)
#1 C:\xampp_new\htdocs\cms-siswa\system\CodeIgniter.php(914): App\Controllers\Admin\Student\StudentController->searchStudent()
#2 C:\xampp_new\htdocs\cms-siswa\system\CodeIgniter.php(400): CodeIgniter\CodeIgniter->runController(Object(App\Controllers\Admin\Student\StudentController))
#3 C:\xampp_new\htdocs\cms-siswa\system\CodeIgniter.php(308): CodeIgniter\CodeIgniter->handleRequest(NULL, Object(Config\Cache), false)
#4 C:\xampp_new\htdocs\cms-siswa\index.php(20): CodeIgniter\CodeIgniter->run()
#5 {main}
CRITICAL - 2021-01-14 05:14:20 --> Undefined offset: 0
#0 C:\xampp_new\htdocs\cms-siswa\app\Controllers\Admin\Student\StudentController.php(76): CodeIgniter\Debug\Exceptions->errorHandler(8, 'Undefined offse...', 'C:\\xampp_new\\ht...', 76, Array)
#1 C:\xampp_new\htdocs\cms-siswa\system\CodeIgniter.php(914): App\Controllers\Admin\Student\StudentController->search()
#2 C:\xampp_new\htdocs\cms-siswa\system\CodeIgniter.php(400): CodeIgniter\CodeIgniter->runController(Object(App\Controllers\Admin\Student\StudentController))
#3 C:\xampp_new\htdocs\cms-siswa\system\CodeIgniter.php(308): CodeIgniter\CodeIgniter->handleRequest(NULL, Object(Config\Cache), false)
#4 C:\xampp_new\htdocs\cms-siswa\index.php(20): CodeIgniter\CodeIgniter->run()
#5 {main}
CRITICAL - 2021-01-14 05:20:55 --> MySQL server has gone away
#0 C:\xampp_new\htdocs\cms-siswa\system\Database\BaseConnection.php(377): CodeIgniter\Database\MySQLi\Connection->connect(false)
#1 C:\xampp_new\htdocs\cms-siswa\system\Database\BaseConnection.php(643): CodeIgniter\Database\BaseConnection->initialize()
#2 C:\xampp_new\htdocs\cms-siswa\app\Controllers\Admin\Student\StudentController.php(20): CodeIgniter\Database\BaseConnection->query('SELECT * FROM o...')
#3 C:\xampp_new\htdocs\cms-siswa\system\CodeIgniter.php(914): App\Controllers\Admin\Student\StudentController->listComment()
#4 C:\xampp_new\htdocs\cms-siswa\system\CodeIgniter.php(400): CodeIgniter\CodeIgniter->runController(Object(App\Controllers\Admin\Student\StudentController))
#5 C:\xampp_new\htdocs\cms-siswa\system\CodeIgniter.php(308): CodeIgniter\CodeIgniter->handleRequest(NULL, Object(Config\Cache), false)
#6 C:\xampp_new\htdocs\cms-siswa\index.php(20): CodeIgniter\CodeIgniter->run()
#7 {main}
CRITICAL - 2021-01-14 10:13:52 --> Undefined variable: disabled
#0 C:\xampp_new\htdocs\cms-siswa\app\Views\student\detail.php(141): CodeIgniter\Debug\Exceptions->errorHandler(8, 'Undefined varia...', 'C:\\xampp_new\\ht...', 141, Array)
#1 C:\xampp_new\htdocs\cms-siswa\system\View\View.php(246): include('C:\\xampp_new\\ht...')
#2 C:\xampp_new\htdocs\cms-siswa\system\Common.php(1087): CodeIgniter\View\View->render('student/detail', Array, true)
#3 C:\xampp_new\htdocs\cms-siswa\app\Controllers\Admin\Student\StudentController.php(109): view('student/detail', Array)
#4 C:\xampp_new\htdocs\cms-siswa\system\CodeIgniter.php(914): App\Controllers\Admin\Student\StudentController->search()
#5 C:\xampp_new\htdocs\cms-siswa\system\CodeIgniter.php(400): CodeIgniter\CodeIgniter->runController(Object(App\Controllers\Admin\Student\StudentController))
#6 C:\xampp_new\htdocs\cms-siswa\system\CodeIgniter.php(308): CodeIgniter\CodeIgniter->handleRequest(NULL, Object(Config\Cache), false)
#7 C:\xampp_new\htdocs\cms-siswa\index.php(20): CodeIgniter\CodeIgniter->run()
#8 {main}
CRITICAL - 2021-01-14 10:16:35 --> Undefined variable: disabled
#0 C:\xampp_new\htdocs\cms-siswa\app\Views\student\detail.php(144): CodeIgniter\Debug\Exceptions->errorHandler(8, 'Undefined varia...', 'C:\\xampp_new\\ht...', 144, Array)
#1 C:\xampp_new\htdocs\cms-siswa\system\View\View.php(246): include('C:\\xampp_new\\ht...')
#2 C:\xampp_new\htdocs\cms-siswa\system\Common.php(1087): CodeIgniter\View\View->render('student/detail', Array, true)
#3 C:\xampp_new\htdocs\cms-siswa\app\Controllers\Admin\Student\StudentController.php(109): view('student/detail', Array)
#4 C:\xampp_new\htdocs\cms-siswa\system\CodeIgniter.php(914): App\Controllers\Admin\Student\StudentController->search()
#5 C:\xampp_new\htdocs\cms-siswa\system\CodeIgniter.php(400): CodeIgniter\CodeIgniter->runController(Object(App\Controllers\Admin\Student\StudentController))
#6 C:\xampp_new\htdocs\cms-siswa\system\CodeIgniter.php(308): CodeIgniter\CodeIgniter->handleRequest(NULL, Object(Config\Cache), false)
#7 C:\xampp_new\htdocs\cms-siswa\index.php(20): CodeIgniter\CodeIgniter->run()
#8 {main}
CRITICAL - 2021-01-14 10:16:48 --> Undefined variable: disabled
#0 C:\xampp_new\htdocs\cms-siswa\app\Views\student\detail.php(145): CodeIgniter\Debug\Exceptions->errorHandler(8, 'Undefined varia...', 'C:\\xampp_new\\ht...', 145, Array)
#1 C:\xampp_new\htdocs\cms-siswa\system\View\View.php(246): include('C:\\xampp_new\\ht...')
#2 C:\xampp_new\htdocs\cms-siswa\system\Common.php(1087): CodeIgniter\View\View->render('student/detail', Array, true)
#3 C:\xampp_new\htdocs\cms-siswa\app\Controllers\Admin\Student\StudentController.php(109): view('student/detail', Array)
#4 C:\xampp_new\htdocs\cms-siswa\system\CodeIgniter.php(914): App\Controllers\Admin\Student\StudentController->search()
#5 C:\xampp_new\htdocs\cms-siswa\system\CodeIgniter.php(400): CodeIgniter\CodeIgniter->runController(Object(App\Controllers\Admin\Student\StudentController))
#6 C:\xampp_new\htdocs\cms-siswa\system\CodeIgniter.php(308): CodeIgniter\CodeIgniter->handleRequest(NULL, Object(Config\Cache), false)
#7 C:\xampp_new\htdocs\cms-siswa\index.php(20): CodeIgniter\CodeIgniter->run()
#8 {main}
CRITICAL - 2021-01-14 10:17:04 --> Undefined variable: disabled
#0 C:\xampp_new\htdocs\cms-siswa\app\Views\student\detail.php(144): CodeIgniter\Debug\Exceptions->errorHandler(8, 'Undefined varia...', 'C:\\xampp_new\\ht...', 144, Array)
#1 C:\xampp_new\htdocs\cms-siswa\system\View\View.php(246): include('C:\\xampp_new\\ht...')
#2 C:\xampp_new\htdocs\cms-siswa\system\Common.php(1087): CodeIgniter\View\View->render('student/detail', Array, true)
#3 C:\xampp_new\htdocs\cms-siswa\app\Controllers\Admin\Student\StudentController.php(109): view('student/detail', Array)
#4 C:\xampp_new\htdocs\cms-siswa\system\CodeIgniter.php(914): App\Controllers\Admin\Student\StudentController->search()
#5 C:\xampp_new\htdocs\cms-siswa\system\CodeIgniter.php(400): CodeIgniter\CodeIgniter->runController(Object(App\Controllers\Admin\Student\StudentController))
#6 C:\xampp_new\htdocs\cms-siswa\system\CodeIgniter.php(308): CodeIgniter\CodeIgniter->handleRequest(NULL, Object(Config\Cache), false)
#7 C:\xampp_new\htdocs\cms-siswa\index.php(20): CodeIgniter\CodeIgniter->run()
#8 {main}
CRITICAL - 2021-01-14 10:22:09 --> Call to a member function getResult() on array
#0 C:\xampp_new\htdocs\cms-siswa\system\CodeIgniter.php(914): App\Controllers\Admin\Student\StudentController->search()
#1 C:\xampp_new\htdocs\cms-siswa\system\CodeIgniter.php(400): CodeIgniter\CodeIgniter->runController(Object(App\Controllers\Admin\Student\StudentController))
#2 C:\xampp_new\htdocs\cms-siswa\system\CodeIgniter.php(308): CodeIgniter\CodeIgniter->handleRequest(NULL, Object(Config\Cache), false)
#3 C:\xampp_new\htdocs\cms-siswa\index.php(20): CodeIgniter\CodeIgniter->run()
#4 {main}
CRITICAL - 2021-01-14 10:22:19 --> syntax error, unexpected '}'
#0 C:\xampp_new\htdocs\cms-siswa\system\Autoloader\Autoloader.php(296): CodeIgniter\Autoloader\Autoloader->requireFile('C:\\xampp_new\\ht...')
#1 C:\xampp_new\htdocs\cms-siswa\system\Autoloader\Autoloader.php(258): CodeIgniter\Autoloader\Autoloader->loadInNamespace('App\\Controllers...')
#2 [internal function]: CodeIgniter\Autoloader\Autoloader->loadClass('App\\Controllers...')
#3 [internal function]: spl_autoload_call('App\\Controllers...')
#4 C:\xampp_new\htdocs\cms-siswa\system\CodeIgniter.php(865): class_exists('\\App\\Controller...', true)
#5 C:\xampp_new\htdocs\cms-siswa\system\CodeIgniter.php(390): CodeIgniter\CodeIgniter->startController()
#6 C:\xampp_new\htdocs\cms-siswa\system\CodeIgniter.php(308): CodeIgniter\CodeIgniter->handleRequest(NULL, Object(Config\Cache), false)
#7 C:\xampp_new\htdocs\cms-siswa\index.php(20): CodeIgniter\CodeIgniter->run()
#8 {main}
CRITICAL - 2021-01-14 10:22:26 --> Undefined variable: disabled
#0 C:\xampp_new\htdocs\cms-siswa\app\Views\student\detail.php(145): CodeIgniter\Debug\Exceptions->errorHandler(8, 'Undefined varia...', 'C:\\xampp_new\\ht...', 145, Array)
#1 C:\xampp_new\htdocs\cms-siswa\system\View\View.php(246): include('C:\\xampp_new\\ht...')
#2 C:\xampp_new\htdocs\cms-siswa\system\Common.php(1087): CodeIgniter\View\View->render('student/detail', Array, true)
#3 C:\xampp_new\htdocs\cms-siswa\app\Controllers\Admin\Student\StudentController.php(108): view('student/detail', Array)
#4 C:\xampp_new\htdocs\cms-siswa\system\CodeIgniter.php(914): App\Controllers\Admin\Student\StudentController->search()
#5 C:\xampp_new\htdocs\cms-siswa\system\CodeIgniter.php(400): CodeIgniter\CodeIgniter->runController(Object(App\Controllers\Admin\Student\StudentController))
#6 C:\xampp_new\htdocs\cms-siswa\system\CodeIgniter.php(308): CodeIgniter\CodeIgniter->handleRequest(NULL, Object(Config\Cache), false)
#7 C:\xampp_new\htdocs\cms-siswa\index.php(20): CodeIgniter\CodeIgniter->run()
#8 {main}
CRITICAL - 2021-01-14 10:22:45 --> Undefined variable: disabled
#0 C:\xampp_new\htdocs\cms-siswa\app\Views\student\detail.php(145): CodeIgniter\Debug\Exceptions->errorHandler(8, 'Undefined varia...', 'C:\\xampp_new\\ht...', 145, Array)
#1 C:\xampp_new\htdocs\cms-siswa\system\View\View.php(246): include('C:\\xampp_new\\ht...')
#2 C:\xampp_new\htdocs\cms-siswa\system\Common.php(1087): CodeIgniter\View\View->render('student/detail', Array, true)
#3 C:\xampp_new\htdocs\cms-siswa\app\Controllers\Admin\Student\StudentController.php(108): view('student/detail', Array)
#4 C:\xampp_new\htdocs\cms-siswa\system\CodeIgniter.php(914): App\Controllers\Admin\Student\StudentController->search()
#5 C:\xampp_new\htdocs\cms-siswa\system\CodeIgniter.php(400): CodeIgniter\CodeIgniter->runController(Object(App\Controllers\Admin\Student\StudentController))
#6 C:\xampp_new\htdocs\cms-siswa\system\CodeIgniter.php(308): CodeIgniter\CodeIgniter->handleRequest(NULL, Object(Config\Cache), false)
#7 C:\xampp_new\htdocs\cms-siswa\index.php(20): CodeIgniter\CodeIgniter->run()
#8 {main}
CRITICAL - 2021-01-14 10:28:30 --> Undefined variable: statusCounselor
#0 C:\xampp_new\htdocs\cms-siswa\app\Views\student\detail.php(116): CodeIgniter\Debug\Exceptions->errorHandler(8, 'Undefined varia...', 'C:\\xampp_new\\ht...', 116, Array)
#1 C:\xampp_new\htdocs\cms-siswa\system\View\View.php(246): include('C:\\xampp_new\\ht...')
#2 C:\xampp_new\htdocs\cms-siswa\system\Common.php(1087): CodeIgniter\View\View->render('student/detail', Array, true)
#3 C:\xampp_new\htdocs\cms-siswa\app\Controllers\Admin\Student\StudentController.php(83): view('student/detail', Array)
#4 C:\xampp_new\htdocs\cms-siswa\system\CodeIgniter.php(914): App\Controllers\Admin\Student\StudentController->search()
#5 C:\xampp_new\htdocs\cms-siswa\system\CodeIgniter.php(400): CodeIgniter\CodeIgniter->runController(Object(App\Controllers\Admin\Student\StudentController))
#6 C:\xampp_new\htdocs\cms-siswa\system\CodeIgniter.php(308): CodeIgniter\CodeIgniter->handleRequest(NULL, Object(Config\Cache), false)
#7 C:\xampp_new\htdocs\cms-siswa\index.php(20): CodeIgniter\CodeIgniter->run()
#8 {main}
CRITICAL - 2021-01-14 10:40:00 --> Call to a member function getResult() on array
#0 C:\xampp_new\htdocs\cms-siswa\system\CodeIgniter.php(914): App\Controllers\Admin\Student\StudentController->search()
#1 C:\xampp_new\htdocs\cms-siswa\system\CodeIgniter.php(400): CodeIgniter\CodeIgniter->runController(Object(App\Controllers\Admin\Student\StudentController))
#2 C:\xampp_new\htdocs\cms-siswa\system\CodeIgniter.php(308): CodeIgniter\CodeIgniter->handleRequest(NULL, Object(Config\Cache), false)
#3 C:\xampp_new\htdocs\cms-siswa\index.php(20): CodeIgniter\CodeIgniter->run()
#4 {main}
CRITICAL - 2021-01-14 10:40:25 --> Cannot use object of type CodeIgniter\Database\MySQLi\Result as array
#0 C:\xampp_new\htdocs\cms-siswa\system\CodeIgniter.php(914): App\Controllers\Admin\Student\StudentController->search()
#1 C:\xampp_new\htdocs\cms-siswa\system\CodeIgniter.php(400): CodeIgniter\CodeIgniter->runController(Object(App\Controllers\Admin\Student\StudentController))
#2 C:\xampp_new\htdocs\cms-siswa\system\CodeIgniter.php(308): CodeIgniter\CodeIgniter->handleRequest(NULL, Object(Config\Cache), false)
#3 C:\xampp_new\htdocs\cms-siswa\index.php(20): CodeIgniter\CodeIgniter->run()
#4 {main}
CRITICAL - 2021-01-14 10:41:08 --> count(): Parameter must be an array or an object that implements Countable
#0 [internal function]: CodeIgniter\Debug\Exceptions->errorHandler(2, 'count(): Parame...', 'C:\\xampp_new\\ht...', 105, Array)
#1 C:\xampp_new\htdocs\cms-siswa\app\Controllers\Admin\Student\StudentController.php(105): count(Object(CodeIgniter\Database\MySQLi\Result))
#2 C:\xampp_new\htdocs\cms-siswa\system\CodeIgniter.php(914): App\Controllers\Admin\Student\StudentController->search()
#3 C:\xampp_new\htdocs\cms-siswa\system\CodeIgniter.php(400): CodeIgniter\CodeIgniter->runController(Object(App\Controllers\Admin\Student\StudentController))
#4 C:\xampp_new\htdocs\cms-siswa\system\CodeIgniter.php(308): CodeIgniter\CodeIgniter->handleRequest(NULL, Object(Config\Cache), false)
#5 C:\xampp_new\htdocs\cms-siswa\index.php(20): CodeIgniter\CodeIgniter->run()
#6 {main}
CRITICAL - 2021-01-14 10:42:03 --> Call to a member function getResult() on array
#0 C:\xampp_new\htdocs\cms-siswa\system\CodeIgniter.php(914): App\Controllers\Admin\Student\StudentController->search()
#1 C:\xampp_new\htdocs\cms-siswa\system\CodeIgniter.php(400): CodeIgniter\CodeIgniter->runController(Object(App\Controllers\Admin\Student\StudentController))
#2 C:\xampp_new\htdocs\cms-siswa\system\CodeIgniter.php(308): CodeIgniter\CodeIgniter->handleRequest(NULL, Object(Config\Cache), false)
#3 C:\xampp_new\htdocs\cms-siswa\index.php(20): CodeIgniter\CodeIgniter->run()
#4 {main}
CRITICAL - 2021-01-14 20:03:47 --> Trying to get property 'id' of non-object
#0 C:\xampp_new\htdocs\cms-siswa\app\Controllers\Admin\Student\StudentController.php(75): CodeIgniter\Debug\Exceptions->errorHandler(8, 'Trying to get p...', 'C:\\xampp_new\\ht...', 75, Array)
#1 C:\xampp_new\htdocs\cms-siswa\system\CodeIgniter.php(914): App\Controllers\Admin\Student\StudentController->search()
#2 C:\xampp_new\htdocs\cms-siswa\system\CodeIgniter.php(400): CodeIgniter\CodeIgniter->runController(Object(App\Controllers\Admin\Student\StudentController))
#3 C:\xampp_new\htdocs\cms-siswa\system\CodeIgniter.php(308): CodeIgniter\CodeIgniter->handleRequest(NULL, Object(Config\Cache), false)
#4 C:\xampp_new\htdocs\cms-siswa\index.php(20): CodeIgniter\CodeIgniter->run()
#5 {main}
CRITICAL - 2021-01-14 20:04:21 --> Undefined variable: statusCounselor
#0 C:\xampp_new\htdocs\cms-siswa\app\Views\student\detail.php(116): CodeIgniter\Debug\Exceptions->errorHandler(8, 'Undefined varia...', 'C:\\xampp_new\\ht...', 116, Array)
#1 C:\xampp_new\htdocs\cms-siswa\system\View\View.php(246): include('C:\\xampp_new\\ht...')
#2 C:\xampp_new\htdocs\cms-siswa\system\Common.php(1087): CodeIgniter\View\View->render('student/detail', Array, true)
#3 C:\xampp_new\htdocs\cms-siswa\app\Controllers\Admin\Student\StudentController.php(124): view('student/detail', Array)
#4 C:\xampp_new\htdocs\cms-siswa\system\CodeIgniter.php(914): App\Controllers\Admin\Student\StudentController->search()
#5 C:\xampp_new\htdocs\cms-siswa\system\CodeIgniter.php(400): CodeIgniter\CodeIgniter->runController(Object(App\Controllers\Admin\Student\StudentController))
#6 C:\xampp_new\htdocs\cms-siswa\system\CodeIgniter.php(308): CodeIgniter\CodeIgniter->handleRequest(NULL, Object(Config\Cache), false)
#7 C:\xampp_new\htdocs\cms-siswa\index.php(20): CodeIgniter\CodeIgniter->run()
#8 {main}
CRITICAL - 2021-01-14 20:07:38 --> Undefined variable: disabled
#0 C:\xampp_new\htdocs\cms-siswa\app\Views\student\detail.php(144): CodeIgniter\Debug\Exceptions->errorHandler(8, 'Undefined varia...', 'C:\\xampp_new\\ht...', 144, Array)
#1 C:\xampp_new\htdocs\cms-siswa\system\View\View.php(246): include('C:\\xampp_new\\ht...')
#2 C:\xampp_new\htdocs\cms-siswa\system\Common.php(1087): CodeIgniter\View\View->render('student/detail', Array, true)
#3 C:\xampp_new\htdocs\cms-siswa\app\Controllers\Admin\Student\StudentController.php(125): view('student/detail', Array)
#4 C:\xampp_new\htdocs\cms-siswa\system\CodeIgniter.php(914): App\Controllers\Admin\Student\StudentController->search()
#5 C:\xampp_new\htdocs\cms-siswa\system\CodeIgniter.php(400): CodeIgniter\CodeIgniter->runController(Object(App\Controllers\Admin\Student\StudentController))
#6 C:\xampp_new\htdocs\cms-siswa\system\CodeIgniter.php(308): CodeIgniter\CodeIgniter->handleRequest(NULL, Object(Config\Cache), false)
#7 C:\xampp_new\htdocs\cms-siswa\index.php(20): CodeIgniter\CodeIgniter->run()
#8 {main}
CRITICAL - 2021-01-14 20:09:31 --> count(): Parameter must be an array or an object that implements Countable
#0 [internal function]: CodeIgniter\Debug\Exceptions->errorHandler(2, 'count(): Parame...', 'C:\\xampp_new\\ht...', 123, Array)
#1 C:\xampp_new\htdocs\cms-siswa\app\Controllers\Admin\Student\StudentController.php(123): count(Object(CodeIgniter\Database\MySQLi\Result))
#2 C:\xampp_new\htdocs\cms-siswa\system\CodeIgniter.php(914): App\Controllers\Admin\Student\StudentController->search()
#3 C:\xampp_new\htdocs\cms-siswa\system\CodeIgniter.php(400): CodeIgniter\CodeIgniter->runController(Object(App\Controllers\Admin\Student\StudentController))
#4 C:\xampp_new\htdocs\cms-siswa\system\CodeIgniter.php(308): CodeIgniter\CodeIgniter->handleRequest(NULL, Object(Config\Cache), false)
#5 C:\xampp_new\htdocs\cms-siswa\index.php(20): CodeIgniter\CodeIgniter->run()
#6 {main}
CRITICAL - 2021-01-14 20:10:24 --> Cannot use object of type CodeIgniter\Database\MySQLi\Result as array
#0 C:\xampp_new\htdocs\cms-siswa\system\View\View.php(246): include()
#1 C:\xampp_new\htdocs\cms-siswa\system\Common.php(1087): CodeIgniter\View\View->render('student/detail', Array, true)
#2 C:\xampp_new\htdocs\cms-siswa\app\Controllers\Admin\Student\StudentController.php(129): view('student/detail', Array)
#3 C:\xampp_new\htdocs\cms-siswa\system\CodeIgniter.php(914): App\Controllers\Admin\Student\StudentController->search()
#4 C:\xampp_new\htdocs\cms-siswa\system\CodeIgniter.php(400): CodeIgniter\CodeIgniter->runController(Object(App\Controllers\Admin\Student\StudentController))
#5 C:\xampp_new\htdocs\cms-siswa\system\CodeIgniter.php(308): CodeIgniter\CodeIgniter->handleRequest(NULL, Object(Config\Cache), false)
#6 C:\xampp_new\htdocs\cms-siswa\index.php(20): CodeIgniter\CodeIgniter->run()
#7 {main}
CRITICAL - 2021-01-14 20:11:02 --> Undefined variable: student
#0 C:\xampp_new\htdocs\cms-siswa\app\Controllers\Admin\Student\StudentController.php(127): CodeIgniter\Debug\Exceptions->errorHandler(8, 'Undefined varia...', 'C:\\xampp_new\\ht...', 127, Array)
#1 C:\xampp_new\htdocs\cms-siswa\system\CodeIgniter.php(914): App\Controllers\Admin\Student\StudentController->search()
#2 C:\xampp_new\htdocs\cms-siswa\system\CodeIgniter.php(400): CodeIgniter\CodeIgniter->runController(Object(App\Controllers\Admin\Student\StudentController))
#3 C:\xampp_new\htdocs\cms-siswa\system\CodeIgniter.php(308): CodeIgniter\CodeIgniter->handleRequest(NULL, Object(Config\Cache), false)
#4 C:\xampp_new\htdocs\cms-siswa\index.php(20): CodeIgniter\CodeIgniter->run()
#5 {main}
CRITICAL - 2021-01-14 20:12:50 --> Call to a member function getResult() on array
#0 C:\xampp_new\htdocs\cms-siswa\system\CodeIgniter.php(914): App\Controllers\Admin\Student\StudentController->search()
#1 C:\xampp_new\htdocs\cms-siswa\system\CodeIgniter.php(400): CodeIgniter\CodeIgniter->runController(Object(App\Controllers\Admin\Student\StudentController))
#2 C:\xampp_new\htdocs\cms-siswa\system\CodeIgniter.php(308): CodeIgniter\CodeIgniter->handleRequest(NULL, Object(Config\Cache), false)
#3 C:\xampp_new\htdocs\cms-siswa\index.php(20): CodeIgniter\CodeIgniter->run()
#4 {main}
CRITICAL - 2021-01-14 20:14:05 --> Undefined variable: disabled
#0 C:\xampp_new\htdocs\cms-siswa\app\Views\student\detail.php(144): CodeIgniter\Debug\Exceptions->errorHandler(8, 'Undefined varia...', 'C:\\xampp_new\\ht...', 144, Array)
#1 C:\xampp_new\htdocs\cms-siswa\system\View\View.php(246): include('C:\\xampp_new\\ht...')
#2 C:\xampp_new\htdocs\cms-siswa\system\Common.php(1087): CodeIgniter\View\View->render('student/detail', Array, true)
#3 C:\xampp_new\htdocs\cms-siswa\app\Controllers\Admin\Student\StudentController.php(129): view('student/detail', Array)
#4 C:\xampp_new\htdocs\cms-siswa\system\CodeIgniter.php(914): App\Controllers\Admin\Student\StudentController->search()
#5 C:\xampp_new\htdocs\cms-siswa\system\CodeIgniter.php(400): CodeIgniter\CodeIgniter->runController(Object(App\Controllers\Admin\Student\StudentController))
#6 C:\xampp_new\htdocs\cms-siswa\system\CodeIgniter.php(308): CodeIgniter\CodeIgniter->handleRequest(NULL, Object(Config\Cache), false)
#7 C:\xampp_new\htdocs\cms-siswa\index.php(20): CodeIgniter\CodeIgniter->run()
#8 {main}
CRITICAL - 2021-01-14 20:35:43 --> Undefined property: stdClass::$username
#0 C:\xampp_new\htdocs\cms-siswa\app\Views\student\detail.php(34): CodeIgniter\Debug\Exceptions->errorHandler(8, 'Undefined prope...', 'C:\\xampp_new\\ht...', 34, Array)
#1 C:\xampp_new\htdocs\cms-siswa\system\View\View.php(246): include('C:\\xampp_new\\ht...')
#2 C:\xampp_new\htdocs\cms-siswa\system\Common.php(1087): CodeIgniter\View\View->render('student/detail', Array, true)
#3 C:\xampp_new\htdocs\cms-siswa\app\Controllers\Admin\Student\StudentController.php(132): view('student/detail', Array)
#4 C:\xampp_new\htdocs\cms-siswa\system\CodeIgniter.php(914): App\Controllers\Admin\Student\StudentController->search()
#5 C:\xampp_new\htdocs\cms-siswa\system\CodeIgniter.php(400): CodeIgniter\CodeIgniter->runController(Object(App\Controllers\Admin\Student\StudentController))
#6 C:\xampp_new\htdocs\cms-siswa\system\CodeIgniter.php(308): CodeIgniter\CodeIgniter->handleRequest(NULL, Object(Config\Cache), false)
#7 C:\xampp_new\htdocs\cms-siswa\index.php(20): CodeIgniter\CodeIgniter->run()
#8 {main}
CRITICAL - 2021-01-14 20:43:05 --> Undefined property: stdClass::$id
#0 C:\xampp_new\htdocs\cms-siswa\app\Views\student\detail.php(220): CodeIgniter\Debug\Exceptions->errorHandler(8, 'Undefined prope...', 'C:\\xampp_new\\ht...', 220, Array)
#1 C:\xampp_new\htdocs\cms-siswa\system\View\View.php(246): include('C:\\xampp_new\\ht...')
#2 C:\xampp_new\htdocs\cms-siswa\system\Common.php(1087): CodeIgniter\View\View->render('student/detail', Array, true)
#3 C:\xampp_new\htdocs\cms-siswa\app\Controllers\Admin\Student\StudentController.php(130): view('student/detail', Array)
#4 C:\xampp_new\htdocs\cms-siswa\system\CodeIgniter.php(914): App\Controllers\Admin\Student\StudentController->search()
#5 C:\xampp_new\htdocs\cms-siswa\system\CodeIgniter.php(400): CodeIgniter\CodeIgniter->runController(Object(App\Controllers\Admin\Student\StudentController))
#6 C:\xampp_new\htdocs\cms-siswa\system\CodeIgniter.php(308): CodeIgniter\CodeIgniter->handleRequest(NULL, Object(Config\Cache), false)
#7 C:\xampp_new\htdocs\cms-siswa\index.php(20): CodeIgniter\CodeIgniter->run()
#8 {main}
CRITICAL - 2021-01-14 20:46:07 --> Table 'counseling.omega_student' doesn't exist
#0 C:\xampp_new\htdocs\cms-siswa\system\Database\MySQLi\Connection.php(331): mysqli->query('SELECT * FROM o...')
#1 C:\xampp_new\htdocs\cms-siswa\system\Database\BaseConnection.php(738): CodeIgniter\Database\MySQLi\Connection->execute('SELECT * FROM o...')
#2 C:\xampp_new\htdocs\cms-siswa\system\Database\BaseConnection.php(666): CodeIgniter\Database\BaseConnection->simpleQuery('SELECT * FROM o...')
#3 C:\xampp_new\htdocs\cms-siswa\app\Controllers\Admin\Student\StudentController.php(121): CodeIgniter\Database\BaseConnection->query('SELECT * FROM o...')
#4 C:\xampp_new\htdocs\cms-siswa\system\CodeIgniter.php(914): App\Controllers\Admin\Student\StudentController->search()
#5 C:\xampp_new\htdocs\cms-siswa\system\CodeIgniter.php(400): CodeIgniter\CodeIgniter->runController(Object(App\Controllers\Admin\Student\StudentController))
#6 C:\xampp_new\htdocs\cms-siswa\system\CodeIgniter.php(308): CodeIgniter\CodeIgniter->handleRequest(NULL, Object(Config\Cache), false)
#7 C:\xampp_new\htdocs\cms-siswa\index.php(20): CodeIgniter\CodeIgniter->run()
#8 {main}
CRITICAL - 2021-01-14 20:57:18 --> Undefined index: name-student
#0 C:\xampp_new\htdocs\cms-siswa\app\Controllers\Admin\Student\StudentController.php(76): CodeIgniter\Debug\Exceptions->errorHandler(8, 'Undefined index...', 'C:\\xampp_new\\ht...', 76, Array)
#1 C:\xampp_new\htdocs\cms-siswa\system\CodeIgniter.php(914): App\Controllers\Admin\Student\StudentController->search()
#2 C:\xampp_new\htdocs\cms-siswa\system\CodeIgniter.php(400): CodeIgniter\CodeIgniter->runController(Object(App\Controllers\Admin\Student\StudentController))
#3 C:\xampp_new\htdocs\cms-siswa\system\CodeIgniter.php(308): CodeIgniter\CodeIgniter->handleRequest(NULL, Object(Config\Cache), false)
#4 C:\xampp_new\htdocs\cms-siswa\index.php(20): CodeIgniter\CodeIgniter->run()
#5 {main}
CRITICAL - 2021-01-14 20:58:08 --> Undefined index: name_student
#0 C:\xampp_new\htdocs\cms-siswa\app\Controllers\Admin\Student\StudentController.php(76): CodeIgniter\Debug\Exceptions->errorHandler(8, 'Undefined index...', 'C:\\xampp_new\\ht...', 76, Array)
#1 C:\xampp_new\htdocs\cms-siswa\system\CodeIgniter.php(914): App\Controllers\Admin\Student\StudentController->search()
#2 C:\xampp_new\htdocs\cms-siswa\system\CodeIgniter.php(400): CodeIgniter\CodeIgniter->runController(Object(App\Controllers\Admin\Student\StudentController))
#3 C:\xampp_new\htdocs\cms-siswa\system\CodeIgniter.php(308): CodeIgniter\CodeIgniter->handleRequest(NULL, Object(Config\Cache), false)
#4 C:\xampp_new\htdocs\cms-siswa\index.php(20): CodeIgniter\CodeIgniter->run()
#5 {main}
CRITICAL - 2021-01-14 21:04:26 --> Undefined variable: disabled
#0 C:\xampp_new\htdocs\cms-siswa\app\Views\student\detail.php(167): CodeIgniter\Debug\Exceptions->errorHandler(8, 'Undefined varia...', 'C:\\xampp_new\\ht...', 167, Array)
#1 C:\xampp_new\htdocs\cms-siswa\system\View\View.php(246): include('C:\\xampp_new\\ht...')
#2 C:\xampp_new\htdocs\cms-siswa\system\Common.php(1087): CodeIgniter\View\View->render('student/detail', Array, true)
#3 C:\xampp_new\htdocs\cms-siswa\app\Controllers\Admin\Student\StudentController.php(133): view('student/detail', Array)
#4 C:\xampp_new\htdocs\cms-siswa\system\CodeIgniter.php(914): App\Controllers\Admin\Student\StudentController->search()
#5 C:\xampp_new\htdocs\cms-siswa\system\CodeIgniter.php(400): CodeIgniter\CodeIgniter->runController(Object(App\Controllers\Admin\Student\StudentController))
#6 C:\xampp_new\htdocs\cms-siswa\system\CodeIgniter.php(308): CodeIgniter\CodeIgniter->handleRequest(NULL, Object(Config\Cache), false)
#7 C:\xampp_new\htdocs\cms-siswa\index.php(20): CodeIgniter\CodeIgniter->run()
#8 {main}
CRITICAL - 2021-01-14 21:31:24 --> Undefined variable: disabled
#0 C:\xampp_new\htdocs\cms-siswa\app\Views\student\detail.php(167): CodeIgniter\Debug\Exceptions->errorHandler(8, 'Undefined varia...', 'C:\\xampp_new\\ht...', 167, Array)
#1 C:\xampp_new\htdocs\cms-siswa\system\View\View.php(246): include('C:\\xampp_new\\ht...')
#2 C:\xampp_new\htdocs\cms-siswa\system\Common.php(1087): CodeIgniter\View\View->render('student/detail', Array, true)
#3 C:\xampp_new\htdocs\cms-siswa\app\Controllers\Admin\Student\StudentController.php(133): view('student/detail', Array)
#4 C:\xampp_new\htdocs\cms-siswa\system\CodeIgniter.php(914): App\Controllers\Admin\Student\StudentController->search()
#5 C:\xampp_new\htdocs\cms-siswa\system\CodeIgniter.php(400): CodeIgniter\CodeIgniter->runController(Object(App\Controllers\Admin\Student\StudentController))
#6 C:\xampp_new\htdocs\cms-siswa\system\CodeIgniter.php(308): CodeIgniter\CodeIgniter->handleRequest(NULL, Object(Config\Cache), false)
#7 C:\xampp_new\htdocs\cms-siswa\index.php(20): CodeIgniter\CodeIgniter->run()
#8 {main}
CRITICAL - 2021-01-14 21:38:49 --> Undefined variable: disabled
#0 C:\xampp_new\htdocs\cms-siswa\app\Views\student\detail.php(167): CodeIgniter\Debug\Exceptions->errorHandler(8, 'Undefined varia...', 'C:\\xampp_new\\ht...', 167, Array)
#1 C:\xampp_new\htdocs\cms-siswa\system\View\View.php(246): include('C:\\xampp_new\\ht...')
#2 C:\xampp_new\htdocs\cms-siswa\system\Common.php(1087): CodeIgniter\View\View->render('student/detail', Array, true)
#3 C:\xampp_new\htdocs\cms-siswa\app\Controllers\Admin\Student\StudentController.php(134): view('student/detail', Array)
#4 C:\xampp_new\htdocs\cms-siswa\system\CodeIgniter.php(914): App\Controllers\Admin\Student\StudentController->search()
#5 C:\xampp_new\htdocs\cms-siswa\system\CodeIgniter.php(400): CodeIgniter\CodeIgniter->runController(Object(App\Controllers\Admin\Student\StudentController))
#6 C:\xampp_new\htdocs\cms-siswa\system\CodeIgniter.php(308): CodeIgniter\CodeIgniter->handleRequest(NULL, Object(Config\Cache), false)
#7 C:\xampp_new\htdocs\cms-siswa\index.php(20): CodeIgniter\CodeIgniter->run()
#8 {main}
CRITICAL - 2021-01-14 21:39:27 --> Undefined variable: disabled
#0 C:\xampp_new\htdocs\cms-siswa\app\Views\student\detail.php(167): CodeIgniter\Debug\Exceptions->errorHandler(8, 'Undefined varia...', 'C:\\xampp_new\\ht...', 167, Array)
#1 C:\xampp_new\htdocs\cms-siswa\system\View\View.php(246): include('C:\\xampp_new\\ht...')
#2 C:\xampp_new\htdocs\cms-siswa\system\Common.php(1087): CodeIgniter\View\View->render('student/detail', Array, true)
#3 C:\xampp_new\htdocs\cms-siswa\app\Controllers\Admin\Student\StudentController.php(134): view('student/detail', Array)
#4 C:\xampp_new\htdocs\cms-siswa\system\CodeIgniter.php(914): App\Controllers\Admin\Student\StudentController->search()
#5 C:\xampp_new\htdocs\cms-siswa\system\CodeIgniter.php(400): CodeIgniter\CodeIgniter->runController(Object(App\Controllers\Admin\Student\StudentController))
#6 C:\xampp_new\htdocs\cms-siswa\system\CodeIgniter.php(308): CodeIgniter\CodeIgniter->handleRequest(NULL, Object(Config\Cache), false)
#7 C:\xampp_new\htdocs\cms-siswa\index.php(20): CodeIgniter\CodeIgniter->run()
#8 {main}
CRITICAL - 2021-01-14 21:43:59 --> Undefined variable: stat
#0 C:\xampp_new\htdocs\cms-siswa\app\Views\student\detail.php(165): CodeIgniter\Debug\Exceptions->errorHandler(8, 'Undefined varia...', 'C:\\xampp_new\\ht...', 165, Array)
#1 C:\xampp_new\htdocs\cms-siswa\system\View\View.php(246): include('C:\\xampp_new\\ht...')
#2 C:\xampp_new\htdocs\cms-siswa\system\Common.php(1087): CodeIgniter\View\View->render('student/detail', Array, true)
#3 C:\xampp_new\htdocs\cms-siswa\app\Controllers\Admin\Student\StudentController.php(134): view('student/detail', Array)
#4 C:\xampp_new\htdocs\cms-siswa\system\CodeIgniter.php(914): App\Controllers\Admin\Student\StudentController->search()
#5 C:\xampp_new\htdocs\cms-siswa\system\CodeIgniter.php(400): CodeIgniter\CodeIgniter->runController(Object(App\Controllers\Admin\Student\StudentController))
#6 C:\xampp_new\htdocs\cms-siswa\system\CodeIgniter.php(308): CodeIgniter\CodeIgniter->handleRequest(NULL, Object(Config\Cache), false)
#7 C:\xampp_new\htdocs\cms-siswa\index.php(20): CodeIgniter\CodeIgniter->run()
#8 {main}
CRITICAL - 2021-01-14 21:44:36 --> Undefined variable: disabled
#0 C:\xampp_new\htdocs\cms-siswa\app\Views\student\detail.php(171): CodeIgniter\Debug\Exceptions->errorHandler(8, 'Undefined varia...', 'C:\\xampp_new\\ht...', 171, Array)
#1 C:\xampp_new\htdocs\cms-siswa\system\View\View.php(246): include('C:\\xampp_new\\ht...')
#2 C:\xampp_new\htdocs\cms-siswa\system\Common.php(1087): CodeIgniter\View\View->render('student/detail', Array, true)
#3 C:\xampp_new\htdocs\cms-siswa\app\Controllers\Admin\Student\StudentController.php(134): view('student/detail', Array)
#4 C:\xampp_new\htdocs\cms-siswa\system\CodeIgniter.php(914): App\Controllers\Admin\Student\StudentController->search()
#5 C:\xampp_new\htdocs\cms-siswa\system\CodeIgniter.php(400): CodeIgniter\CodeIgniter->runController(Object(App\Controllers\Admin\Student\StudentController))
#6 C:\xampp_new\htdocs\cms-siswa\system\CodeIgniter.php(308): CodeIgniter\CodeIgniter->handleRequest(NULL, Object(Config\Cache), false)
#7 C:\xampp_new\htdocs\cms-siswa\index.php(20): CodeIgniter\CodeIgniter->run()
#8 {main}
CRITICAL - 2021-01-14 21:45:23 --> Undefined variable: disabled
#0 C:\xampp_new\htdocs\cms-siswa\app\Views\student\detail.php(171): CodeIgniter\Debug\Exceptions->errorHandler(8, 'Undefined varia...', 'C:\\xampp_new\\ht...', 171, Array)
#1 C:\xampp_new\htdocs\cms-siswa\system\View\View.php(246): include('C:\\xampp_new\\ht...')
#2 C:\xampp_new\htdocs\cms-siswa\system\Common.php(1087): CodeIgniter\View\View->render('student/detail', Array, true)
#3 C:\xampp_new\htdocs\cms-siswa\app\Controllers\Admin\Student\StudentController.php(134): view('student/detail', Array)
#4 C:\xampp_new\htdocs\cms-siswa\system\CodeIgniter.php(914): App\Controllers\Admin\Student\StudentController->search()
#5 C:\xampp_new\htdocs\cms-siswa\system\CodeIgniter.php(400): CodeIgniter\CodeIgniter->runController(Object(App\Controllers\Admin\Student\StudentController))
#6 C:\xampp_new\htdocs\cms-siswa\system\CodeIgniter.php(308): CodeIgniter\CodeIgniter->handleRequest(NULL, Object(Config\Cache), false)
#7 C:\xampp_new\htdocs\cms-siswa\index.php(20): CodeIgniter\CodeIgniter->run()
#8 {main}
CRITICAL - 2021-01-14 21:48:27 --> Undefined variable: disabled
#0 C:\xampp_new\htdocs\cms-siswa\app\Views\student\detail.php(171): CodeIgniter\Debug\Exceptions->errorHandler(8, 'Undefined varia...', 'C:\\xampp_new\\ht...', 171, Array)
#1 C:\xampp_new\htdocs\cms-siswa\system\View\View.php(246): include('C:\\xampp_new\\ht...')
#2 C:\xampp_new\htdocs\cms-siswa\system\Common.php(1087): CodeIgniter\View\View->render('student/detail', Array, true)
#3 C:\xampp_new\htdocs\cms-siswa\app\Controllers\Admin\Student\StudentController.php(138): view('student/detail', Array)
#4 C:\xampp_new\htdocs\cms-siswa\system\CodeIgniter.php(914): App\Controllers\Admin\Student\StudentController->search()
#5 C:\xampp_new\htdocs\cms-siswa\system\CodeIgniter.php(400): CodeIgniter\CodeIgniter->runController(Object(App\Controllers\Admin\Student\StudentController))
#6 C:\xampp_new\htdocs\cms-siswa\system\CodeIgniter.php(308): CodeIgniter\CodeIgniter->handleRequest(NULL, Object(Config\Cache), false)
#7 C:\xampp_new\htdocs\cms-siswa\index.php(20): CodeIgniter\CodeIgniter->run()
#8 {main}
CRITICAL - 2021-01-14 21:52:43 --> Undefined variable: disabled
#0 C:\xampp_new\htdocs\cms-siswa\app\Views\student\detail.php(171): CodeIgniter\Debug\Exceptions->errorHandler(8, 'Undefined varia...', 'C:\\xampp_new\\ht...', 171, Array)
#1 C:\xampp_new\htdocs\cms-siswa\system\View\View.php(246): include('C:\\xampp_new\\ht...')
#2 C:\xampp_new\htdocs\cms-siswa\system\Common.php(1087): CodeIgniter\View\View->render('student/detail', Array, true)
#3 C:\xampp_new\htdocs\cms-siswa\app\Controllers\Admin\Student\StudentController.php(138): view('student/detail', Array)
#4 C:\xampp_new\htdocs\cms-siswa\system\CodeIgniter.php(914): App\Controllers\Admin\Student\StudentController->search()
#5 C:\xampp_new\htdocs\cms-siswa\system\CodeIgniter.php(400): CodeIgniter\CodeIgniter->runController(Object(App\Controllers\Admin\Student\StudentController))
#6 C:\xampp_new\htdocs\cms-siswa\system\CodeIgniter.php(308): CodeIgniter\CodeIgniter->handleRequest(NULL, Object(Config\Cache), false)
#7 C:\xampp_new\htdocs\cms-siswa\index.php(20): CodeIgniter\CodeIgniter->run()
#8 {main}
CRITICAL - 2021-01-14 21:54:32 --> Undefined variable: disabled
#0 C:\xampp_new\htdocs\cms-siswa\app\Views\student\detail.php(175): CodeIgniter\Debug\Exceptions->errorHandler(8, 'Undefined varia...', 'C:\\xampp_new\\ht...', 175, Array)
#1 C:\xampp_new\htdocs\cms-siswa\system\View\View.php(246): include('C:\\xampp_new\\ht...')
#2 C:\xampp_new\htdocs\cms-siswa\system\Common.php(1087): CodeIgniter\View\View->render('student/detail', Array, true)
#3 C:\xampp_new\htdocs\cms-siswa\app\Controllers\Admin\Student\StudentController.php(138): view('student/detail', Array)
#4 C:\xampp_new\htdocs\cms-siswa\system\CodeIgniter.php(914): App\Controllers\Admin\Student\StudentController->search()
#5 C:\xampp_new\htdocs\cms-siswa\system\CodeIgniter.php(400): CodeIgniter\CodeIgniter->runController(Object(App\Controllers\Admin\Student\StudentController))
#6 C:\xampp_new\htdocs\cms-siswa\system\CodeIgniter.php(308): CodeIgniter\CodeIgniter->handleRequest(NULL, Object(Config\Cache), false)
#7 C:\xampp_new\htdocs\cms-siswa\index.php(20): CodeIgniter\CodeIgniter->run()
#8 {main}
