CRITICAL - 2020-07-01 02:28:48 --> Maximum execution time of 120 seconds exceeded
#0 [internal function]: CodeIgniter\Debug\Exceptions->shutdownHandler()
#1 {main}
CRITICAL - 2020-07-01 03:50:50 --> syntax error, unexpected ''los'' (T_CONSTANT_ENCAPSED_STRING), expecting variable (T_VARIABLE) or '{' or '$'
#0 C:\xampp\htdocs\cms_ci4_gitlab\system\Autoloader\Autoloader.php(296): CodeIgniter\Autoloader\Autoloader->requireFile('C:\\xampp\\htdocs...')
#1 C:\xampp\htdocs\cms_ci4_gitlab\system\Autoloader\Autoloader.php(258): CodeIgniter\Autoloader\Autoloader->loadInNamespace('App\\Controllers...')
#2 [internal function]: CodeIgniter\Autoloader\Autoloader->loadClass('App\\Controllers...')
#3 [internal function]: spl_autoload_call('App\\Controllers...')
#4 C:\xampp\htdocs\cms_ci4_gitlab\system\CodeIgniter.php(865): class_exists('\\App\\Controller...', true)
#5 C:\xampp\htdocs\cms_ci4_gitlab\system\CodeIgniter.php(390): CodeIgniter\CodeIgniter->startController()
#6 C:\xampp\htdocs\cms_ci4_gitlab\system\CodeIgniter.php(308): CodeIgniter\CodeIgniter->handleRequest(NULL, Object(Config\Cache), false)
#7 C:\xampp\htdocs\cms_ci4_gitlab\index.php(45): CodeIgniter\CodeIgniter->run()
#8 {main}
CRITICAL - 2020-07-01 03:55:45 --> Undefined variable: query_string
#0 C:\xampp\htdocs\cms_ci4_gitlab\app\Helpers\curl_helper.php(27): CodeIgniter\Debug\Exceptions->errorHandler(8, 'Undefined varia...', 'C:\\xampp\\htdocs...', 27, Array)
#1 C:\xampp\htdocs\cms_ci4_gitlab\app\Controllers\Admin\User\User.php(48): curlHelper('https://api2.ke...', 'PATCH')
#2 C:\xampp\htdocs\cms_ci4_gitlab\system\CodeIgniter.php(914): App\Controllers\Admin\User\User->detailUser()
#3 C:\xampp\htdocs\cms_ci4_gitlab\system\CodeIgniter.php(400): CodeIgniter\CodeIgniter->runController(Object(App\Controllers\Admin\User\User))
#4 C:\xampp\htdocs\cms_ci4_gitlab\system\CodeIgniter.php(308): CodeIgniter\CodeIgniter->handleRequest(NULL, Object(Config\Cache), false)
#5 C:\xampp\htdocs\cms_ci4_gitlab\index.php(45): CodeIgniter\CodeIgniter->run()
#6 {main}
CRITICAL - 2020-07-01 03:55:45 --> Uncaught CodeIgniter\Format\Exceptions\FormatException: Failed to parse json string, error: "Type is not supported". in C:\xampp\htdocs\cms_ci4_gitlab\system\Format\Exceptions\FormatException.php:9
Stack trace:
#0 C:\xampp\htdocs\cms_ci4_gitlab\system\Format\JSONFormatter.php(67): CodeIgniter\Format\Exceptions\FormatException::forInvalidJSON('Type is not sup...')
#1 C:\xampp\htdocs\cms_ci4_gitlab\system\API\ResponseTrait.php(414): CodeIgniter\Format\JSONFormatter->format(Array)
#2 C:\xampp\htdocs\cms_ci4_gitlab\system\API\ResponseTrait.php(134): CodeIgniter\Debug\Exceptions->format(Array)
#3 C:\xampp\htdocs\cms_ci4_gitlab\system\Debug\Exceptions.php(166): CodeIgniter\Debug\Exceptions->respond(Array, 500)
#4 [internal function]: CodeIgniter\Debug\Exceptions->exceptionHandler(Object(ErrorException))
#5 {main}
  thrown
#0 [internal function]: CodeIgniter\Debug\Exceptions->shutdownHandler()
#1 {main}
CRITICAL - 2020-07-01 03:56:08 --> Undefined variable: query_string
#0 C:\xampp\htdocs\cms_ci4_gitlab\app\Helpers\curl_helper.php(27): CodeIgniter\Debug\Exceptions->errorHandler(8, 'Undefined varia...', 'C:\\xampp\\htdocs...', 27, Array)
#1 C:\xampp\htdocs\cms_ci4_gitlab\app\Controllers\Admin\User\User.php(48): curlHelper('https://api2.ke...', 'PATCH')
#2 C:\xampp\htdocs\cms_ci4_gitlab\system\CodeIgniter.php(914): App\Controllers\Admin\User\User->detailUser()
#3 C:\xampp\htdocs\cms_ci4_gitlab\system\CodeIgniter.php(400): CodeIgniter\CodeIgniter->runController(Object(App\Controllers\Admin\User\User))
#4 C:\xampp\htdocs\cms_ci4_gitlab\system\CodeIgniter.php(308): CodeIgniter\CodeIgniter->handleRequest(NULL, Object(Config\Cache), false)
#5 C:\xampp\htdocs\cms_ci4_gitlab\index.php(45): CodeIgniter\CodeIgniter->run()
#6 {main}
CRITICAL - 2020-07-01 03:56:08 --> Uncaught CodeIgniter\Format\Exceptions\FormatException: Failed to parse json string, error: "Type is not supported". in C:\xampp\htdocs\cms_ci4_gitlab\system\Format\Exceptions\FormatException.php:9
Stack trace:
#0 C:\xampp\htdocs\cms_ci4_gitlab\system\Format\JSONFormatter.php(67): CodeIgniter\Format\Exceptions\FormatException::forInvalidJSON('Type is not sup...')
#1 C:\xampp\htdocs\cms_ci4_gitlab\system\API\ResponseTrait.php(414): CodeIgniter\Format\JSONFormatter->format(Array)
#2 C:\xampp\htdocs\cms_ci4_gitlab\system\API\ResponseTrait.php(134): CodeIgniter\Debug\Exceptions->format(Array)
#3 C:\xampp\htdocs\cms_ci4_gitlab\system\Debug\Exceptions.php(166): CodeIgniter\Debug\Exceptions->respond(Array, 500)
#4 [internal function]: CodeIgniter\Debug\Exceptions->exceptionHandler(Object(ErrorException))
#5 {main}
  thrown
#0 [internal function]: CodeIgniter\Debug\Exceptions->shutdownHandler()
#1 {main}
CRITICAL - 2020-07-01 22:22:27 --> Trying to get property 'status' of non-object
#0 C:\xampp\htdocs\cms_ci4_gitlab\app\Controllers\Admin\Auth\Login.php(30): CodeIgniter\Debug\Exceptions->errorHandler(8, 'Trying to get p...', 'C:\\xampp\\htdocs...', 30, Array)
#1 C:\xampp\htdocs\cms_ci4_gitlab\system\CodeIgniter.php(914): App\Controllers\Admin\Auth\Login->store()
#2 C:\xampp\htdocs\cms_ci4_gitlab\system\CodeIgniter.php(400): CodeIgniter\CodeIgniter->runController(Object(App\Controllers\Admin\Auth\Login))
#3 C:\xampp\htdocs\cms_ci4_gitlab\system\CodeIgniter.php(308): CodeIgniter\CodeIgniter->handleRequest(NULL, Object(Config\Cache), false)
#4 C:\xampp\htdocs\cms_ci4_gitlab\index.php(45): CodeIgniter\CodeIgniter->run()
#5 {main}
CRITICAL - 2020-07-01 22:23:55 --> Trying to get property 'products' of non-object
#0 C:\xampp\htdocs\cms_ci4_gitlab\app\Helpers\product_helper.php(13): CodeIgniter\Debug\Exceptions->errorHandler(8, 'Trying to get p...', 'C:\\xampp\\htdocs...', 13, Array)
#1 C:\xampp\htdocs\cms_ci4_gitlab\app\Controllers\Admin\Dashboard\Dashboard.php(14): totalProduct()
#2 C:\xampp\htdocs\cms_ci4_gitlab\system\CodeIgniter.php(914): App\Controllers\Admin\Dashboard\Dashboard->index()
#3 C:\xampp\htdocs\cms_ci4_gitlab\system\CodeIgniter.php(400): CodeIgniter\CodeIgniter->runController(Object(App\Controllers\Admin\Dashboard\Dashboard))
#4 C:\xampp\htdocs\cms_ci4_gitlab\system\CodeIgniter.php(308): CodeIgniter\CodeIgniter->handleRequest(NULL, Object(Config\Cache), false)
#5 C:\xampp\htdocs\cms_ci4_gitlab\index.php(45): CodeIgniter\CodeIgniter->run()
#6 {main}
CRITICAL - 2020-07-01 22:25:17 --> Trying to get property 'data' of non-object
#0 C:\xampp\htdocs\cms_ci4_gitlab\app\Helpers\product_helper.php(31): CodeIgniter\Debug\Exceptions->errorHandler(8, 'Trying to get p...', 'C:\\xampp\\htdocs...', 31, Array)
#1 C:\xampp\htdocs\cms_ci4_gitlab\app\Controllers\Admin\Dashboard\Dashboard.php(15): totalUser()
#2 C:\xampp\htdocs\cms_ci4_gitlab\system\CodeIgniter.php(914): App\Controllers\Admin\Dashboard\Dashboard->index()
#3 C:\xampp\htdocs\cms_ci4_gitlab\system\CodeIgniter.php(400): CodeIgniter\CodeIgniter->runController(Object(App\Controllers\Admin\Dashboard\Dashboard))
#4 C:\xampp\htdocs\cms_ci4_gitlab\system\CodeIgniter.php(308): CodeIgniter\CodeIgniter->handleRequest(NULL, Object(Config\Cache), false)
#5 C:\xampp\htdocs\cms_ci4_gitlab\index.php(45): CodeIgniter\CodeIgniter->run()
#6 {main}
