CRITICAL - 2021-01-25 08:25:06 --> Undefined variable: resultAchievement
#0 C:\xampp_new\htdocs\cms-siswa\app\Controllers\Admin\Dashboard\DashboardController.php(348): CodeIgniter\Debug\Exceptions->errorHandler(8, 'Undefined varia...', 'C:\\xampp_new\\ht...', 348, Array)
#1 C:\xampp_new\htdocs\cms-siswa\system\CodeIgniter.php(914): App\Controllers\Admin\Dashboard\DashboardController->getAchievement()
#2 C:\xampp_new\htdocs\cms-siswa\system\CodeIgniter.php(400): CodeIgniter\CodeIgniter->runController(Object(App\Controllers\Admin\Dashboard\DashboardController))
#3 C:\xampp_new\htdocs\cms-siswa\system\CodeIgniter.php(308): CodeIgniter\CodeIgniter->handleRequest(NULL, Object(Config\Cache), false)
#4 C:\xampp_new\htdocs\cms-siswa\index.php(20): CodeIgniter\CodeIgniter->run()
#5 {main}
CRITICAL - 2021-01-25 08:25:23 --> Undefined variable: resultAchievement
#0 C:\xampp_new\htdocs\cms-siswa\app\Controllers\Admin\Dashboard\DashboardController.php(348): CodeIgniter\Debug\Exceptions->errorHandler(8, 'Undefined varia...', 'C:\\xampp_new\\ht...', 348, Array)
#1 C:\xampp_new\htdocs\cms-siswa\system\CodeIgniter.php(914): App\Controllers\Admin\Dashboard\DashboardController->getAchievement()
#2 C:\xampp_new\htdocs\cms-siswa\system\CodeIgniter.php(400): CodeIgniter\CodeIgniter->runController(Object(App\Controllers\Admin\Dashboard\DashboardController))
#3 C:\xampp_new\htdocs\cms-siswa\system\CodeIgniter.php(308): CodeIgniter\CodeIgniter->handleRequest(NULL, Object(Config\Cache), false)
#4 C:\xampp_new\htdocs\cms-siswa\index.php(20): CodeIgniter\CodeIgniter->run()
#5 {main}
CRITICAL - 2021-01-25 23:55:20 --> Undefined offset: 0
#0 C:\xampp_new\htdocs\cms-siswa\app\Controllers\Admin\Auth\AuthController.php(23): CodeIgniter\Debug\Exceptions->errorHandler(8, 'Undefined offse...', 'C:\\xampp_new\\ht...', 23, Array)
#1 C:\xampp_new\htdocs\cms-siswa\system\CodeIgniter.php(914): App\Controllers\Admin\Auth\AuthController->loginPost()
#2 C:\xampp_new\htdocs\cms-siswa\system\CodeIgniter.php(400): CodeIgniter\CodeIgniter->runController(Object(App\Controllers\Admin\Auth\AuthController))
#3 C:\xampp_new\htdocs\cms-siswa\system\CodeIgniter.php(308): CodeIgniter\CodeIgniter->handleRequest(NULL, Object(Config\Cache), false)
#4 C:\xampp_new\htdocs\cms-siswa\index.php(20): CodeIgniter\CodeIgniter->run()
#5 {main}
