CRITICAL - 2021-01-28 00:07:47 --> Undefined offset: 0
#0 C:\xampp_new\htdocs\cms-siswa\app\Views\followup\detail.php(45): CodeIgniter\Debug\Exceptions->errorHandler(8, 'Undefined offse...', 'C:\\xampp_new\\ht...', 45, Array)
#1 C:\xampp_new\htdocs\cms-siswa\system\View\View.php(246): include('C:\\xampp_new\\ht...')
#2 C:\xampp_new\htdocs\cms-siswa\system\Common.php(1087): CodeIgniter\View\View->render('followup/detail', Array, true)
#3 C:\xampp_new\htdocs\cms-siswa\app\Controllers\Admin\FollowUp\FollowUpController.php(144): view('followup/detail', Array)
#4 C:\xampp_new\htdocs\cms-siswa\system\CodeIgniter.php(914): App\Controllers\Admin\FollowUp\FollowUpController->detail('236')
#5 C:\xampp_new\htdocs\cms-siswa\system\CodeIgniter.php(400): CodeIgniter\CodeIgniter->runController(Object(App\Controllers\Admin\FollowUp\FollowUpController))
#6 C:\xampp_new\htdocs\cms-siswa\system\CodeIgniter.php(308): CodeIgniter\CodeIgniter->handleRequest(NULL, Object(Config\Cache), false)
#7 C:\xampp_new\htdocs\cms-siswa\index.php(20): CodeIgniter\CodeIgniter->run()
#8 {main}
CRITICAL - 2021-01-28 00:08:03 --> Undefined variable: resultAchievement
#0 C:\xampp_new\htdocs\cms-siswa\app\Controllers\Admin\Dashboard\DashboardController.php(389): CodeIgniter\Debug\Exceptions->errorHandler(8, 'Undefined varia...', 'C:\\xampp_new\\ht...', 389, Array)
#1 C:\xampp_new\htdocs\cms-siswa\system\CodeIgniter.php(914): App\Controllers\Admin\Dashboard\DashboardController->getAchievement()
#2 C:\xampp_new\htdocs\cms-siswa\system\CodeIgniter.php(400): CodeIgniter\CodeIgniter->runController(Object(App\Controllers\Admin\Dashboard\DashboardController))
#3 C:\xampp_new\htdocs\cms-siswa\system\CodeIgniter.php(308): CodeIgniter\CodeIgniter->handleRequest(NULL, Object(Config\Cache), false)
#4 C:\xampp_new\htdocs\cms-siswa\index.php(20): CodeIgniter\CodeIgniter->run()
#5 {main}
CRITICAL - 2021-01-28 00:08:32 --> Undefined variable: resultAchievement
#0 C:\xampp_new\htdocs\cms-siswa\app\Controllers\Admin\Dashboard\DashboardController.php(389): CodeIgniter\Debug\Exceptions->errorHandler(8, 'Undefined varia...', 'C:\\xampp_new\\ht...', 389, Array)
#1 C:\xampp_new\htdocs\cms-siswa\system\CodeIgniter.php(914): App\Controllers\Admin\Dashboard\DashboardController->getAchievement()
#2 C:\xampp_new\htdocs\cms-siswa\system\CodeIgniter.php(400): CodeIgniter\CodeIgniter->runController(Object(App\Controllers\Admin\Dashboard\DashboardController))
#3 C:\xampp_new\htdocs\cms-siswa\system\CodeIgniter.php(308): CodeIgniter\CodeIgniter->handleRequest(NULL, Object(Config\Cache), false)
#4 C:\xampp_new\htdocs\cms-siswa\index.php(20): CodeIgniter\CodeIgniter->run()
#5 {main}
CRITICAL - 2021-01-28 00:10:57 --> Undefined variable: resultAchievement
#0 C:\xampp_new\htdocs\cms-siswa\app\Controllers\Admin\Dashboard\DashboardController.php(389): CodeIgniter\Debug\Exceptions->errorHandler(8, 'Undefined varia...', 'C:\\xampp_new\\ht...', 389, Array)
#1 C:\xampp_new\htdocs\cms-siswa\system\CodeIgniter.php(914): App\Controllers\Admin\Dashboard\DashboardController->getAchievement()
#2 C:\xampp_new\htdocs\cms-siswa\system\CodeIgniter.php(400): CodeIgniter\CodeIgniter->runController(Object(App\Controllers\Admin\Dashboard\DashboardController))
#3 C:\xampp_new\htdocs\cms-siswa\system\CodeIgniter.php(308): CodeIgniter\CodeIgniter->handleRequest(NULL, Object(Config\Cache), false)
#4 C:\xampp_new\htdocs\cms-siswa\index.php(20): CodeIgniter\CodeIgniter->run()
#5 {main}
CRITICAL - 2021-01-28 00:12:12 --> Undefined variable: resultAchievement
#0 C:\xampp_new\htdocs\cms-siswa\app\Controllers\Admin\Dashboard\DashboardController.php(389): CodeIgniter\Debug\Exceptions->errorHandler(8, 'Undefined varia...', 'C:\\xampp_new\\ht...', 389, Array)
#1 C:\xampp_new\htdocs\cms-siswa\system\CodeIgniter.php(914): App\Controllers\Admin\Dashboard\DashboardController->getAchievement()
#2 C:\xampp_new\htdocs\cms-siswa\system\CodeIgniter.php(400): CodeIgniter\CodeIgniter->runController(Object(App\Controllers\Admin\Dashboard\DashboardController))
#3 C:\xampp_new\htdocs\cms-siswa\system\CodeIgniter.php(308): CodeIgniter\CodeIgniter->handleRequest(NULL, Object(Config\Cache), false)
#4 C:\xampp_new\htdocs\cms-siswa\index.php(20): CodeIgniter\CodeIgniter->run()
#5 {main}
CRITICAL - 2021-01-28 00:19:23 --> Undefined offset: 0
#0 C:\xampp_new\htdocs\cms-siswa\app\Views\followup\detail.php(45): CodeIgniter\Debug\Exceptions->errorHandler(8, 'Undefined offse...', 'C:\\xampp_new\\ht...', 45, Array)
#1 C:\xampp_new\htdocs\cms-siswa\system\View\View.php(246): include('C:\\xampp_new\\ht...')
#2 C:\xampp_new\htdocs\cms-siswa\system\Common.php(1087): CodeIgniter\View\View->render('followup/detail', Array, true)
#3 C:\xampp_new\htdocs\cms-siswa\app\Controllers\Admin\FollowUp\FollowUpController.php(144): view('followup/detail', Array)
#4 C:\xampp_new\htdocs\cms-siswa\system\CodeIgniter.php(914): App\Controllers\Admin\FollowUp\FollowUpController->detail('237')
#5 C:\xampp_new\htdocs\cms-siswa\system\CodeIgniter.php(400): CodeIgniter\CodeIgniter->runController(Object(App\Controllers\Admin\FollowUp\FollowUpController))
#6 C:\xampp_new\htdocs\cms-siswa\system\CodeIgniter.php(308): CodeIgniter\CodeIgniter->handleRequest(NULL, Object(Config\Cache), false)
#7 C:\xampp_new\htdocs\cms-siswa\index.php(20): CodeIgniter\CodeIgniter->run()
#8 {main}
CRITICAL - 2021-01-28 00:22:38 --> Undefined offset: 0
#0 C:\xampp_new\htdocs\cms-siswa\app\Views\followup\detail.php(124): CodeIgniter\Debug\Exceptions->errorHandler(8, 'Undefined offse...', 'C:\\xampp_new\\ht...', 124, Array)
#1 C:\xampp_new\htdocs\cms-siswa\system\View\View.php(246): include('C:\\xampp_new\\ht...')
#2 C:\xampp_new\htdocs\cms-siswa\system\Common.php(1087): CodeIgniter\View\View->render('followup/detail', Array, true)
#3 C:\xampp_new\htdocs\cms-siswa\app\Controllers\Admin\FollowUp\FollowUpController.php(144): view('followup/detail', Array)
#4 C:\xampp_new\htdocs\cms-siswa\system\CodeIgniter.php(914): App\Controllers\Admin\FollowUp\FollowUpController->detail('237')
#5 C:\xampp_new\htdocs\cms-siswa\system\CodeIgniter.php(400): CodeIgniter\CodeIgniter->runController(Object(App\Controllers\Admin\FollowUp\FollowUpController))
#6 C:\xampp_new\htdocs\cms-siswa\system\CodeIgniter.php(308): CodeIgniter\CodeIgniter->handleRequest(NULL, Object(Config\Cache), false)
#7 C:\xampp_new\htdocs\cms-siswa\index.php(20): CodeIgniter\CodeIgniter->run()
#8 {main}
CRITICAL - 2021-01-28 00:25:02 --> Undefined offset: 0
#0 C:\xampp_new\htdocs\cms-siswa\app\Views\followup\detail.php(155): CodeIgniter\Debug\Exceptions->errorHandler(8, 'Undefined offse...', 'C:\\xampp_new\\ht...', 155, Array)
#1 C:\xampp_new\htdocs\cms-siswa\system\View\View.php(246): include('C:\\xampp_new\\ht...')
#2 C:\xampp_new\htdocs\cms-siswa\system\Common.php(1087): CodeIgniter\View\View->render('followup/detail', Array, true)
#3 C:\xampp_new\htdocs\cms-siswa\app\Controllers\Admin\FollowUp\FollowUpController.php(144): view('followup/detail', Array)
#4 C:\xampp_new\htdocs\cms-siswa\system\CodeIgniter.php(914): App\Controllers\Admin\FollowUp\FollowUpController->detail('237')
#5 C:\xampp_new\htdocs\cms-siswa\system\CodeIgniter.php(400): CodeIgniter\CodeIgniter->runController(Object(App\Controllers\Admin\FollowUp\FollowUpController))
#6 C:\xampp_new\htdocs\cms-siswa\system\CodeIgniter.php(308): CodeIgniter\CodeIgniter->handleRequest(NULL, Object(Config\Cache), false)
#7 C:\xampp_new\htdocs\cms-siswa\index.php(20): CodeIgniter\CodeIgniter->run()
#8 {main}
CRITICAL - 2021-01-28 00:25:19 --> Undefined variable: resultAchievement
#0 C:\xampp_new\htdocs\cms-siswa\app\Controllers\Admin\Dashboard\DashboardController.php(389): CodeIgniter\Debug\Exceptions->errorHandler(8, 'Undefined varia...', 'C:\\xampp_new\\ht...', 389, Array)
#1 C:\xampp_new\htdocs\cms-siswa\system\CodeIgniter.php(914): App\Controllers\Admin\Dashboard\DashboardController->getAchievement()
#2 C:\xampp_new\htdocs\cms-siswa\system\CodeIgniter.php(400): CodeIgniter\CodeIgniter->runController(Object(App\Controllers\Admin\Dashboard\DashboardController))
#3 C:\xampp_new\htdocs\cms-siswa\system\CodeIgniter.php(308): CodeIgniter\CodeIgniter->handleRequest(NULL, Object(Config\Cache), false)
#4 C:\xampp_new\htdocs\cms-siswa\index.php(20): CodeIgniter\CodeIgniter->run()
#5 {main}
CRITICAL - 2021-01-28 00:26:13 --> Undefined variable: resultAchievement
#0 C:\xampp_new\htdocs\cms-siswa\app\Controllers\Admin\Dashboard\DashboardController.php(389): CodeIgniter\Debug\Exceptions->errorHandler(8, 'Undefined varia...', 'C:\\xampp_new\\ht...', 389, Array)
#1 C:\xampp_new\htdocs\cms-siswa\system\CodeIgniter.php(914): App\Controllers\Admin\Dashboard\DashboardController->getAchievement()
#2 C:\xampp_new\htdocs\cms-siswa\system\CodeIgniter.php(400): CodeIgniter\CodeIgniter->runController(Object(App\Controllers\Admin\Dashboard\DashboardController))
#3 C:\xampp_new\htdocs\cms-siswa\system\CodeIgniter.php(308): CodeIgniter\CodeIgniter->handleRequest(NULL, Object(Config\Cache), false)
#4 C:\xampp_new\htdocs\cms-siswa\index.php(20): CodeIgniter\CodeIgniter->run()
#5 {main}
