CRITICAL - 2021-02-04 00:31:14 --> Undefined variable: resultAchievement
#0 /home/connexis/omega.connexist.id/app/Controllers/Admin/Dashboard/DashboardController.php(431): CodeIgniter\Debug\Exceptions->errorHandler(8, 'Undefined varia...', '/home/connexis/...', 431, Array)
#1 /home/connexis/omega.connexist.id/system/CodeIgniter.php(914): App\Controllers\Admin\Dashboard\DashboardController->getAchievement()
#2 /home/connexis/omega.connexist.id/system/CodeIgniter.php(400): CodeIgniter\CodeIgniter->runController(Object(App\Controllers\Admin\Dashboard\DashboardController))
#3 /home/connexis/omega.connexist.id/system/CodeIgniter.php(308): CodeIgniter\CodeIgniter->handleRequest(NULL, Object(Config\Cache), false)
#4 /home/connexis/omega.connexist.id/index.php(20): CodeIgniter\CodeIgniter->run()
#5 {main}
CRITICAL - 2021-02-04 00:58:16 --> Undefined variable: resultAchievement
#0 /home/connexis/omega.connexist.id/app/Controllers/Admin/Dashboard/DashboardController.php(431): CodeIgniter\Debug\Exceptions->errorHandler(8, 'Undefined varia...', '/home/connexis/...', 431, Array)
#1 /home/connexis/omega.connexist.id/system/CodeIgniter.php(914): App\Controllers\Admin\Dashboard\DashboardController->getAchievement()
#2 /home/connexis/omega.connexist.id/system/CodeIgniter.php(400): CodeIgniter\CodeIgniter->runController(Object(App\Controllers\Admin\Dashboard\DashboardController))
#3 /home/connexis/omega.connexist.id/system/CodeIgniter.php(308): CodeIgniter\CodeIgniter->handleRequest(NULL, Object(Config\Cache), false)
#4 /home/connexis/omega.connexist.id/index.php(20): CodeIgniter\CodeIgniter->run()
#5 {main}
CRITICAL - 2021-02-04 00:59:25 --> Undefined variable: resultAchievement
#0 /home/connexis/omega.connexist.id/app/Controllers/Admin/Dashboard/DashboardController.php(431): CodeIgniter\Debug\Exceptions->errorHandler(8, 'Undefined varia...', '/home/connexis/...', 431, Array)
#1 /home/connexis/omega.connexist.id/system/CodeIgniter.php(914): App\Controllers\Admin\Dashboard\DashboardController->getAchievement()
#2 /home/connexis/omega.connexist.id/system/CodeIgniter.php(400): CodeIgniter\CodeIgniter->runController(Object(App\Controllers\Admin\Dashboard\DashboardController))
#3 /home/connexis/omega.connexist.id/system/CodeIgniter.php(308): CodeIgniter\CodeIgniter->handleRequest(NULL, Object(Config\Cache), false)
#4 /home/connexis/omega.connexist.id/index.php(20): CodeIgniter\CodeIgniter->run()
#5 {main}
CRITICAL - 2021-02-04 01:00:17 --> Undefined variable: resultAchievement
#0 /home/connexis/omega.connexist.id/app/Controllers/Admin/Dashboard/DashboardController.php(431): CodeIgniter\Debug\Exceptions->errorHandler(8, 'Undefined varia...', '/home/connexis/...', 431, Array)
#1 /home/connexis/omega.connexist.id/system/CodeIgniter.php(914): App\Controllers\Admin\Dashboard\DashboardController->getAchievement()
#2 /home/connexis/omega.connexist.id/system/CodeIgniter.php(400): CodeIgniter\CodeIgniter->runController(Object(App\Controllers\Admin\Dashboard\DashboardController))
#3 /home/connexis/omega.connexist.id/system/CodeIgniter.php(308): CodeIgniter\CodeIgniter->handleRequest(NULL, Object(Config\Cache), false)
#4 /home/connexis/omega.connexist.id/index.php(20): CodeIgniter\CodeIgniter->run()
#5 {main}
CRITICAL - 2021-02-04 01:04:11 --> Undefined variable: resultAchievement
#0 /home/connexis/omega.connexist.id/app/Controllers/Admin/Dashboard/DashboardController.php(431): CodeIgniter\Debug\Exceptions->errorHandler(8, 'Undefined varia...', '/home/connexis/...', 431, Array)
#1 /home/connexis/omega.connexist.id/system/CodeIgniter.php(914): App\Controllers\Admin\Dashboard\DashboardController->getAchievement()
#2 /home/connexis/omega.connexist.id/system/CodeIgniter.php(400): CodeIgniter\CodeIgniter->runController(Object(App\Controllers\Admin\Dashboard\DashboardController))
#3 /home/connexis/omega.connexist.id/system/CodeIgniter.php(308): CodeIgniter\CodeIgniter->handleRequest(NULL, Object(Config\Cache), false)
#4 /home/connexis/omega.connexist.id/index.php(20): CodeIgniter\CodeIgniter->run()
#5 {main}
CRITICAL - 2021-02-04 01:06:53 --> Undefined variable: resultAchievement
#0 /home/connexis/omega.connexist.id/app/Controllers/Admin/Dashboard/DashboardController.php(431): CodeIgniter\Debug\Exceptions->errorHandler(8, 'Undefined varia...', '/home/connexis/...', 431, Array)
#1 /home/connexis/omega.connexist.id/system/CodeIgniter.php(914): App\Controllers\Admin\Dashboard\DashboardController->getAchievement()
#2 /home/connexis/omega.connexist.id/system/CodeIgniter.php(400): CodeIgniter\CodeIgniter->runController(Object(App\Controllers\Admin\Dashboard\DashboardController))
#3 /home/connexis/omega.connexist.id/system/CodeIgniter.php(308): CodeIgniter\CodeIgniter->handleRequest(NULL, Object(Config\Cache), false)
#4 /home/connexis/omega.connexist.id/index.php(20): CodeIgniter\CodeIgniter->run()
#5 {main}
CRITICAL - 2021-02-04 01:07:35 --> Undefined variable: resultAchievement
#0 /home/connexis/omega.connexist.id/app/Controllers/Admin/Dashboard/DashboardController.php(431): CodeIgniter\Debug\Exceptions->errorHandler(8, 'Undefined varia...', '/home/connexis/...', 431, Array)
#1 /home/connexis/omega.connexist.id/system/CodeIgniter.php(914): App\Controllers\Admin\Dashboard\DashboardController->getAchievement()
#2 /home/connexis/omega.connexist.id/system/CodeIgniter.php(400): CodeIgniter\CodeIgniter->runController(Object(App\Controllers\Admin\Dashboard\DashboardController))
#3 /home/connexis/omega.connexist.id/system/CodeIgniter.php(308): CodeIgniter\CodeIgniter->handleRequest(NULL, Object(Config\Cache), false)
#4 /home/connexis/omega.connexist.id/index.php(20): CodeIgniter\CodeIgniter->run()
#5 {main}
CRITICAL - 2021-02-04 01:07:51 --> Undefined variable: resultAchievement
#0 /home/connexis/omega.connexist.id/app/Controllers/Admin/Dashboard/DashboardController.php(431): CodeIgniter\Debug\Exceptions->errorHandler(8, 'Undefined varia...', '/home/connexis/...', 431, Array)
#1 /home/connexis/omega.connexist.id/system/CodeIgniter.php(914): App\Controllers\Admin\Dashboard\DashboardController->getAchievement()
#2 /home/connexis/omega.connexist.id/system/CodeIgniter.php(400): CodeIgniter\CodeIgniter->runController(Object(App\Controllers\Admin\Dashboard\DashboardController))
#3 /home/connexis/omega.connexist.id/system/CodeIgniter.php(308): CodeIgniter\CodeIgniter->handleRequest(NULL, Object(Config\Cache), false)
#4 /home/connexis/omega.connexist.id/index.php(20): CodeIgniter\CodeIgniter->run()
#5 {main}
CRITICAL - 2021-02-04 01:11:49 --> Undefined variable: resultAchievement
#0 /home/connexis/omega.connexist.id/app/Controllers/Admin/Dashboard/DashboardController.php(431): CodeIgniter\Debug\Exceptions->errorHandler(8, 'Undefined varia...', '/home/connexis/...', 431, Array)
#1 /home/connexis/omega.connexist.id/system/CodeIgniter.php(914): App\Controllers\Admin\Dashboard\DashboardController->getAchievement()
#2 /home/connexis/omega.connexist.id/system/CodeIgniter.php(400): CodeIgniter\CodeIgniter->runController(Object(App\Controllers\Admin\Dashboard\DashboardController))
#3 /home/connexis/omega.connexist.id/system/CodeIgniter.php(308): CodeIgniter\CodeIgniter->handleRequest(NULL, Object(Config\Cache), false)
#4 /home/connexis/omega.connexist.id/index.php(20): CodeIgniter\CodeIgniter->run()
#5 {main}
CRITICAL - 2021-02-04 01:12:13 --> Too many connections
#0 /home/connexis/omega.connexist.id/system/Database/BaseConnection.php(377): CodeIgniter\Database\MySQLi\Connection->connect(false)
#1 /home/connexis/omega.connexist.id/system/Database/BaseConnection.php(643): CodeIgniter\Database\BaseConnection->initialize()
#2 /home/connexis/omega.connexist.id/app/Controllers/Admin/Auth/AuthController.php(21): CodeIgniter\Database\BaseConnection->query('SELECT * FROM o...')
#3 /home/connexis/omega.connexist.id/system/CodeIgniter.php(914): App\Controllers\Admin\Auth\AuthController->loginPost()
#4 /home/connexis/omega.connexist.id/system/CodeIgniter.php(400): CodeIgniter\CodeIgniter->runController(Object(App\Controllers\Admin\Auth\AuthController))
#5 /home/connexis/omega.connexist.id/system/CodeIgniter.php(308): CodeIgniter\CodeIgniter->handleRequest(NULL, Object(Config\Cache), false)
#6 /home/connexis/omega.connexist.id/index.php(20): CodeIgniter\CodeIgniter->run()
#7 {main}
CRITICAL - 2021-02-04 01:13:21 --> Undefined variable: resultAchievement
#0 /home/connexis/omega.connexist.id/app/Controllers/Admin/Dashboard/DashboardController.php(431): CodeIgniter\Debug\Exceptions->errorHandler(8, 'Undefined varia...', '/home/connexis/...', 431, Array)
#1 /home/connexis/omega.connexist.id/system/CodeIgniter.php(914): App\Controllers\Admin\Dashboard\DashboardController->getAchievement()
#2 /home/connexis/omega.connexist.id/system/CodeIgniter.php(400): CodeIgniter\CodeIgniter->runController(Object(App\Controllers\Admin\Dashboard\DashboardController))
#3 /home/connexis/omega.connexist.id/system/CodeIgniter.php(308): CodeIgniter\CodeIgniter->handleRequest(NULL, Object(Config\Cache), false)
#4 /home/connexis/omega.connexist.id/index.php(20): CodeIgniter\CodeIgniter->run()
#5 {main}
CRITICAL - 2021-02-04 01:14:15 --> Undefined variable: resultAchievement
#0 /home/connexis/omega.connexist.id/app/Controllers/Admin/Dashboard/DashboardController.php(431): CodeIgniter\Debug\Exceptions->errorHandler(8, 'Undefined varia...', '/home/connexis/...', 431, Array)
#1 /home/connexis/omega.connexist.id/system/CodeIgniter.php(914): App\Controllers\Admin\Dashboard\DashboardController->getAchievement()
#2 /home/connexis/omega.connexist.id/system/CodeIgniter.php(400): CodeIgniter\CodeIgniter->runController(Object(App\Controllers\Admin\Dashboard\DashboardController))
#3 /home/connexis/omega.connexist.id/system/CodeIgniter.php(308): CodeIgniter\CodeIgniter->handleRequest(NULL, Object(Config\Cache), false)
#4 /home/connexis/omega.connexist.id/index.php(20): CodeIgniter\CodeIgniter->run()
#5 {main}
CRITICAL - 2021-02-04 01:14:36 --> Undefined variable: resultAchievement
#0 /home/connexis/omega.connexist.id/app/Controllers/Admin/Dashboard/DashboardController.php(431): CodeIgniter\Debug\Exceptions->errorHandler(8, 'Undefined varia...', '/home/connexis/...', 431, Array)
#1 /home/connexis/omega.connexist.id/system/CodeIgniter.php(914): App\Controllers\Admin\Dashboard\DashboardController->getAchievement()
#2 /home/connexis/omega.connexist.id/system/CodeIgniter.php(400): CodeIgniter\CodeIgniter->runController(Object(App\Controllers\Admin\Dashboard\DashboardController))
#3 /home/connexis/omega.connexist.id/system/CodeIgniter.php(308): CodeIgniter\CodeIgniter->handleRequest(NULL, Object(Config\Cache), false)
#4 /home/connexis/omega.connexist.id/index.php(20): CodeIgniter\CodeIgniter->run()
#5 {main}
CRITICAL - 2021-02-04 01:15:52 --> Too many connections
#0 /home/connexis/omega.connexist.id/system/Database/BaseConnection.php(377): CodeIgniter\Database\MySQLi\Connection->connect(false)
#1 /home/connexis/omega.connexist.id/system/Database/BaseConnection.php(643): CodeIgniter\Database\BaseConnection->initialize()
#2 /home/connexis/omega.connexist.id/app/Controllers/Admin/Auth/AuthController.php(21): CodeIgniter\Database\BaseConnection->query('SELECT * FROM o...')
#3 /home/connexis/omega.connexist.id/system/CodeIgniter.php(914): App\Controllers\Admin\Auth\AuthController->loginPost()
#4 /home/connexis/omega.connexist.id/system/CodeIgniter.php(400): CodeIgniter\CodeIgniter->runController(Object(App\Controllers\Admin\Auth\AuthController))
#5 /home/connexis/omega.connexist.id/system/CodeIgniter.php(308): CodeIgniter\CodeIgniter->handleRequest(NULL, Object(Config\Cache), false)
#6 /home/connexis/omega.connexist.id/index.php(20): CodeIgniter\CodeIgniter->run()
#7 {main}
CRITICAL - 2021-02-04 01:23:07 --> Undefined variable: disabled
#0 /home/connexis/omega.connexist.id/app/Views/admission/detail.php(147): CodeIgniter\Debug\Exceptions->errorHandler(8, 'Undefined varia...', '/home/connexis/...', 147, Array)
#1 /home/connexis/omega.connexist.id/system/View/View.php(246): include('/home/connexis/...')
#2 /home/connexis/omega.connexist.id/system/Common.php(1087): CodeIgniter\View\View->render('admission/detai...', Array, true)
#3 /home/connexis/omega.connexist.id/app/Controllers/Admin/Admission/AdmissionController.php(104): view('admission/detai...', Array)
#4 /home/connexis/omega.connexist.id/system/CodeIgniter.php(914): App\Controllers\Admin\Admission\AdmissionController->detail('243')
#5 /home/connexis/omega.connexist.id/system/CodeIgniter.php(400): CodeIgniter\CodeIgniter->runController(Object(App\Controllers\Admin\Admission\AdmissionController))
#6 /home/connexis/omega.connexist.id/system/CodeIgniter.php(308): CodeIgniter\CodeIgniter->handleRequest(NULL, Object(Config\Cache), false)
#7 /home/connexis/omega.connexist.id/index.php(20): CodeIgniter\CodeIgniter->run()
#8 {main}
CRITICAL - 2021-02-04 01:23:11 --> Undefined variable: disabled
#0 /home/connexis/omega.connexist.id/app/Views/admission/detail.php(147): CodeIgniter\Debug\Exceptions->errorHandler(8, 'Undefined varia...', '/home/connexis/...', 147, Array)
#1 /home/connexis/omega.connexist.id/system/View/View.php(246): include('/home/connexis/...')
#2 /home/connexis/omega.connexist.id/system/Common.php(1087): CodeIgniter\View\View->render('admission/detai...', Array, true)
#3 /home/connexis/omega.connexist.id/app/Controllers/Admin/Admission/AdmissionController.php(104): view('admission/detai...', Array)
#4 /home/connexis/omega.connexist.id/system/CodeIgniter.php(914): App\Controllers\Admin\Admission\AdmissionController->detail('243')
#5 /home/connexis/omega.connexist.id/system/CodeIgniter.php(400): CodeIgniter\CodeIgniter->runController(Object(App\Controllers\Admin\Admission\AdmissionController))
#6 /home/connexis/omega.connexist.id/system/CodeIgniter.php(308): CodeIgniter\CodeIgniter->handleRequest(NULL, Object(Config\Cache), false)
#7 /home/connexis/omega.connexist.id/index.php(20): CodeIgniter\CodeIgniter->run()
#8 {main}
CRITICAL - 2021-02-04 01:23:33 --> Undefined offset: 100
#0 /home/connexis/omega.connexist.id/app/Controllers/Admin/Dashboard/DashboardController.php(186): CodeIgniter\Debug\Exceptions->errorHandler(8, 'Undefined offse...', '/home/connexis/...', 186, Array)
#1 /home/connexis/omega.connexist.id/system/CodeIgniter.php(914): App\Controllers\Admin\Dashboard\DashboardController->getDtSiswa('all', 'all', '2021-01-01', '2021-01-31', '2003', 'all')
#2 /home/connexis/omega.connexist.id/system/CodeIgniter.php(400): CodeIgniter\CodeIgniter->runController(Object(App\Controllers\Admin\Dashboard\DashboardController))
#3 /home/connexis/omega.connexist.id/system/CodeIgniter.php(308): CodeIgniter\CodeIgniter->handleRequest(NULL, Object(Config\Cache), false)
#4 /home/connexis/omega.connexist.id/index.php(20): CodeIgniter\CodeIgniter->run()
#5 {main}
CRITICAL - 2021-02-04 01:24:04 --> Undefined variable: resultAchievement
#0 /home/connexis/omega.connexist.id/app/Controllers/Admin/Dashboard/DashboardController.php(431): CodeIgniter\Debug\Exceptions->errorHandler(8, 'Undefined varia...', '/home/connexis/...', 431, Array)
#1 /home/connexis/omega.connexist.id/system/CodeIgniter.php(914): App\Controllers\Admin\Dashboard\DashboardController->getAchievement()
#2 /home/connexis/omega.connexist.id/system/CodeIgniter.php(400): CodeIgniter\CodeIgniter->runController(Object(App\Controllers\Admin\Dashboard\DashboardController))
#3 /home/connexis/omega.connexist.id/system/CodeIgniter.php(308): CodeIgniter\CodeIgniter->handleRequest(NULL, Object(Config\Cache), false)
#4 /home/connexis/omega.connexist.id/index.php(20): CodeIgniter\CodeIgniter->run()
#5 {main}
CRITICAL - 2021-02-04 01:24:19 --> Undefined variable: resultAchievement
#0 /home/connexis/omega.connexist.id/app/Controllers/Admin/Dashboard/DashboardController.php(431): CodeIgniter\Debug\Exceptions->errorHandler(8, 'Undefined varia...', '/home/connexis/...', 431, Array)
#1 /home/connexis/omega.connexist.id/system/CodeIgniter.php(914): App\Controllers\Admin\Dashboard\DashboardController->getAchievement()
#2 /home/connexis/omega.connexist.id/system/CodeIgniter.php(400): CodeIgniter\CodeIgniter->runController(Object(App\Controllers\Admin\Dashboard\DashboardController))
#3 /home/connexis/omega.connexist.id/system/CodeIgniter.php(308): CodeIgniter\CodeIgniter->handleRequest(NULL, Object(Config\Cache), false)
#4 /home/connexis/omega.connexist.id/index.php(20): CodeIgniter\CodeIgniter->run()
#5 {main}
CRITICAL - 2021-02-04 01:25:15 --> Undefined variable: resultAchievement
#0 /home/connexis/omega.connexist.id/app/Controllers/Admin/Dashboard/DashboardController.php(431): CodeIgniter\Debug\Exceptions->errorHandler(8, 'Undefined varia...', '/home/connexis/...', 431, Array)
#1 /home/connexis/omega.connexist.id/system/CodeIgniter.php(914): App\Controllers\Admin\Dashboard\DashboardController->getAchievement()
#2 /home/connexis/omega.connexist.id/system/CodeIgniter.php(400): CodeIgniter\CodeIgniter->runController(Object(App\Controllers\Admin\Dashboard\DashboardController))
#3 /home/connexis/omega.connexist.id/system/CodeIgniter.php(308): CodeIgniter\CodeIgniter->handleRequest(NULL, Object(Config\Cache), false)
#4 /home/connexis/omega.connexist.id/index.php(20): CodeIgniter\CodeIgniter->run()
#5 {main}
CRITICAL - 2021-02-04 01:25:33 --> Undefined offset: 10
#0 /home/connexis/omega.connexist.id/app/Controllers/Admin/Dashboard/DashboardController.php(155): CodeIgniter\Debug\Exceptions->errorHandler(8, 'Undefined offse...', '/home/connexis/...', 155, Array)
#1 /home/connexis/omega.connexist.id/system/CodeIgniter.php(914): App\Controllers\Admin\Dashboard\DashboardController->getDtSiswa('all', 'all', '2021-01-28', '2021-02-04', '2003', 'all')
#2 /home/connexis/omega.connexist.id/system/CodeIgniter.php(400): CodeIgniter\CodeIgniter->runController(Object(App\Controllers\Admin\Dashboard\DashboardController))
#3 /home/connexis/omega.connexist.id/system/CodeIgniter.php(308): CodeIgniter\CodeIgniter->handleRequest(NULL, Object(Config\Cache), false)
#4 /home/connexis/omega.connexist.id/index.php(20): CodeIgniter\CodeIgniter->run()
#5 {main}
CRITICAL - 2021-02-04 01:26:18 --> Undefined offset: 100
#0 /home/connexis/omega.connexist.id/app/Controllers/Admin/Dashboard/DashboardController.php(186): CodeIgniter\Debug\Exceptions->errorHandler(8, 'Undefined offse...', '/home/connexis/...', 186, Array)
#1 /home/connexis/omega.connexist.id/system/CodeIgniter.php(914): App\Controllers\Admin\Dashboard\DashboardController->getDtSiswa('all', 'jakarta', '2021-01-01', '2021-01-31', '2003', 'all')
#2 /home/connexis/omega.connexist.id/system/CodeIgniter.php(400): CodeIgniter\CodeIgniter->runController(Object(App\Controllers\Admin\Dashboard\DashboardController))
#3 /home/connexis/omega.connexist.id/system/CodeIgniter.php(308): CodeIgniter\CodeIgniter->handleRequest(NULL, Object(Config\Cache), false)
#4 /home/connexis/omega.connexist.id/index.php(20): CodeIgniter\CodeIgniter->run()
#5 {main}
CRITICAL - 2021-02-04 01:26:30 --> Undefined offset: 100
#0 /home/connexis/omega.connexist.id/app/Controllers/Admin/Dashboard/DashboardController.php(186): CodeIgniter\Debug\Exceptions->errorHandler(8, 'Undefined offse...', '/home/connexis/...', 186, Array)
#1 /home/connexis/omega.connexist.id/system/CodeIgniter.php(914): App\Controllers\Admin\Dashboard\DashboardController->getDtSiswa('all', 'jakarta', '2021-01-01', '2021-01-31', '2003', 'all')
#2 /home/connexis/omega.connexist.id/system/CodeIgniter.php(400): CodeIgniter\CodeIgniter->runController(Object(App\Controllers\Admin\Dashboard\DashboardController))
#3 /home/connexis/omega.connexist.id/system/CodeIgniter.php(308): CodeIgniter\CodeIgniter->handleRequest(NULL, Object(Config\Cache), false)
#4 /home/connexis/omega.connexist.id/index.php(20): CodeIgniter\CodeIgniter->run()
#5 {main}
CRITICAL - 2021-02-04 01:26:50 --> Undefined variable: resultAchievement
#0 /home/connexis/omega.connexist.id/app/Controllers/Admin/Dashboard/DashboardController.php(431): CodeIgniter\Debug\Exceptions->errorHandler(8, 'Undefined varia...', '/home/connexis/...', 431, Array)
#1 /home/connexis/omega.connexist.id/system/CodeIgniter.php(914): App\Controllers\Admin\Dashboard\DashboardController->getAchievement()
#2 /home/connexis/omega.connexist.id/system/CodeIgniter.php(400): CodeIgniter\CodeIgniter->runController(Object(App\Controllers\Admin\Dashboard\DashboardController))
#3 /home/connexis/omega.connexist.id/system/CodeIgniter.php(308): CodeIgniter\CodeIgniter->handleRequest(NULL, Object(Config\Cache), false)
#4 /home/connexis/omega.connexist.id/index.php(20): CodeIgniter\CodeIgniter->run()
#5 {main}
CRITICAL - 2021-02-04 01:27:45 --> Undefined variable: resultAchievement
#0 /home/connexis/omega.connexist.id/app/Controllers/Admin/Dashboard/DashboardController.php(431): CodeIgniter\Debug\Exceptions->errorHandler(8, 'Undefined varia...', '/home/connexis/...', 431, Array)
#1 /home/connexis/omega.connexist.id/system/CodeIgniter.php(914): App\Controllers\Admin\Dashboard\DashboardController->getAchievement()
#2 /home/connexis/omega.connexist.id/system/CodeIgniter.php(400): CodeIgniter\CodeIgniter->runController(Object(App\Controllers\Admin\Dashboard\DashboardController))
#3 /home/connexis/omega.connexist.id/system/CodeIgniter.php(308): CodeIgniter\CodeIgniter->handleRequest(NULL, Object(Config\Cache), false)
#4 /home/connexis/omega.connexist.id/index.php(20): CodeIgniter\CodeIgniter->run()
#5 {main}
CRITICAL - 2021-02-04 01:28:02 --> Undefined variable: resultAchievement
#0 /home/connexis/omega.connexist.id/app/Controllers/Admin/Dashboard/DashboardController.php(431): CodeIgniter\Debug\Exceptions->errorHandler(8, 'Undefined varia...', '/home/connexis/...', 431, Array)
#1 /home/connexis/omega.connexist.id/system/CodeIgniter.php(914): App\Controllers\Admin\Dashboard\DashboardController->getAchievement()
#2 /home/connexis/omega.connexist.id/system/CodeIgniter.php(400): CodeIgniter\CodeIgniter->runController(Object(App\Controllers\Admin\Dashboard\DashboardController))
#3 /home/connexis/omega.connexist.id/system/CodeIgniter.php(308): CodeIgniter\CodeIgniter->handleRequest(NULL, Object(Config\Cache), false)
#4 /home/connexis/omega.connexist.id/index.php(20): CodeIgniter\CodeIgniter->run()
#5 {main}
CRITICAL - 2021-02-04 03:27:56 --> Undefined variable: resultAchievement
#0 /home/connexis/omega.connexist.id/app/Controllers/Admin/Dashboard/DashboardController.php(431): CodeIgniter\Debug\Exceptions->errorHandler(8, 'Undefined varia...', '/home/connexis/...', 431, Array)
#1 /home/connexis/omega.connexist.id/system/CodeIgniter.php(914): App\Controllers\Admin\Dashboard\DashboardController->getAchievement()
#2 /home/connexis/omega.connexist.id/system/CodeIgniter.php(400): CodeIgniter\CodeIgniter->runController(Object(App\Controllers\Admin\Dashboard\DashboardController))
#3 /home/connexis/omega.connexist.id/system/CodeIgniter.php(308): CodeIgniter\CodeIgniter->handleRequest(NULL, Object(Config\Cache), false)
#4 /home/connexis/omega.connexist.id/index.php(20): CodeIgniter\CodeIgniter->run()
#5 {main}
CRITICAL - 2021-02-04 03:38:02 --> Undefined variable: resultAchievement
#0 /home/connexis/omega.connexist.id/app/Controllers/Admin/Dashboard/DashboardController.php(431): CodeIgniter\Debug\Exceptions->errorHandler(8, 'Undefined varia...', '/home/connexis/...', 431, Array)
#1 /home/connexis/omega.connexist.id/system/CodeIgniter.php(914): App\Controllers\Admin\Dashboard\DashboardController->getAchievement()
#2 /home/connexis/omega.connexist.id/system/CodeIgniter.php(400): CodeIgniter\CodeIgniter->runController(Object(App\Controllers\Admin\Dashboard\DashboardController))
#3 /home/connexis/omega.connexist.id/system/CodeIgniter.php(308): CodeIgniter\CodeIgniter->handleRequest(NULL, Object(Config\Cache), false)
#4 /home/connexis/omega.connexist.id/index.php(20): CodeIgniter\CodeIgniter->run()
#5 {main}
CRITICAL - 2021-02-04 04:14:21 --> Undefined variable: resultAchievement
#0 /home/connexis/omega.connexist.id/app/Controllers/Admin/Dashboard/DashboardController.php(431): CodeIgniter\Debug\Exceptions->errorHandler(8, 'Undefined varia...', '/home/connexis/...', 431, Array)
#1 /home/connexis/omega.connexist.id/system/CodeIgniter.php(914): App\Controllers\Admin\Dashboard\DashboardController->getAchievement()
#2 /home/connexis/omega.connexist.id/system/CodeIgniter.php(400): CodeIgniter\CodeIgniter->runController(Object(App\Controllers\Admin\Dashboard\DashboardController))
#3 /home/connexis/omega.connexist.id/system/CodeIgniter.php(308): CodeIgniter\CodeIgniter->handleRequest(NULL, Object(Config\Cache), false)
#4 /home/connexis/omega.connexist.id/index.php(20): CodeIgniter\CodeIgniter->run()
#5 {main}
CRITICAL - 2021-02-04 04:16:45 --> Undefined variable: resultAchievement
#0 /home/connexis/omega.connexist.id/app/Controllers/Admin/Dashboard/DashboardController.php(431): CodeIgniter\Debug\Exceptions->errorHandler(8, 'Undefined varia...', '/home/connexis/...', 431, Array)
#1 /home/connexis/omega.connexist.id/system/CodeIgniter.php(914): App\Controllers\Admin\Dashboard\DashboardController->getAchievement()
#2 /home/connexis/omega.connexist.id/system/CodeIgniter.php(400): CodeIgniter\CodeIgniter->runController(Object(App\Controllers\Admin\Dashboard\DashboardController))
#3 /home/connexis/omega.connexist.id/system/CodeIgniter.php(308): CodeIgniter\CodeIgniter->handleRequest(NULL, Object(Config\Cache), false)
#4 /home/connexis/omega.connexist.id/index.php(20): CodeIgniter\CodeIgniter->run()
#5 {main}
CRITICAL - 2021-02-04 04:32:03 --> Undefined variable: resultAchievement
#0 /home/connexis/omega.connexist.id/app/Controllers/Admin/Dashboard/DashboardController.php(431): CodeIgniter\Debug\Exceptions->errorHandler(8, 'Undefined varia...', '/home/connexis/...', 431, Array)
#1 /home/connexis/omega.connexist.id/system/CodeIgniter.php(914): App\Controllers\Admin\Dashboard\DashboardController->getAchievement()
#2 /home/connexis/omega.connexist.id/system/CodeIgniter.php(400): CodeIgniter\CodeIgniter->runController(Object(App\Controllers\Admin\Dashboard\DashboardController))
#3 /home/connexis/omega.connexist.id/system/CodeIgniter.php(308): CodeIgniter\CodeIgniter->handleRequest(NULL, Object(Config\Cache), false)
#4 /home/connexis/omega.connexist.id/index.php(20): CodeIgniter\CodeIgniter->run()
#5 {main}
CRITICAL - 2021-02-04 04:33:25 --> Undefined variable: resultAchievement
#0 /home/connexis/omega.connexist.id/app/Controllers/Admin/Dashboard/DashboardController.php(431): CodeIgniter\Debug\Exceptions->errorHandler(8, 'Undefined varia...', '/home/connexis/...', 431, Array)
#1 /home/connexis/omega.connexist.id/system/CodeIgniter.php(914): App\Controllers\Admin\Dashboard\DashboardController->getAchievement()
#2 /home/connexis/omega.connexist.id/system/CodeIgniter.php(400): CodeIgniter\CodeIgniter->runController(Object(App\Controllers\Admin\Dashboard\DashboardController))
#3 /home/connexis/omega.connexist.id/system/CodeIgniter.php(308): CodeIgniter\CodeIgniter->handleRequest(NULL, Object(Config\Cache), false)
#4 /home/connexis/omega.connexist.id/index.php(20): CodeIgniter\CodeIgniter->run()
#5 {main}
CRITICAL - 2021-02-04 04:45:56 --> Undefined variable: resultAchievement
#0 /home/connexis/omega.connexist.id/app/Controllers/Admin/Dashboard/DashboardController.php(431): CodeIgniter\Debug\Exceptions->errorHandler(8, 'Undefined varia...', '/home/connexis/...', 431, Array)
#1 /home/connexis/omega.connexist.id/system/CodeIgniter.php(914): App\Controllers\Admin\Dashboard\DashboardController->getAchievement()
#2 /home/connexis/omega.connexist.id/system/CodeIgniter.php(400): CodeIgniter\CodeIgniter->runController(Object(App\Controllers\Admin\Dashboard\DashboardController))
#3 /home/connexis/omega.connexist.id/system/CodeIgniter.php(308): CodeIgniter\CodeIgniter->handleRequest(NULL, Object(Config\Cache), false)
#4 /home/connexis/omega.connexist.id/index.php(20): CodeIgniter\CodeIgniter->run()
#5 {main}
CRITICAL - 2021-02-04 04:56:03 --> Undefined variable: disabled
#0 /home/connexis/omega.connexist.id/app/Views/admission/detail.php(147): CodeIgniter\Debug\Exceptions->errorHandler(8, 'Undefined varia...', '/home/connexis/...', 147, Array)
#1 /home/connexis/omega.connexist.id/system/View/View.php(246): include('/home/connexis/...')
#2 /home/connexis/omega.connexist.id/system/Common.php(1087): CodeIgniter\View\View->render('admission/detai...', Array, true)
#3 /home/connexis/omega.connexist.id/app/Controllers/Admin/Admission/AdmissionController.php(104): view('admission/detai...', Array)
#4 /home/connexis/omega.connexist.id/system/CodeIgniter.php(914): App\Controllers\Admin\Admission\AdmissionController->detail('243')
#5 /home/connexis/omega.connexist.id/system/CodeIgniter.php(400): CodeIgniter\CodeIgniter->runController(Object(App\Controllers\Admin\Admission\AdmissionController))
#6 /home/connexis/omega.connexist.id/system/CodeIgniter.php(308): CodeIgniter\CodeIgniter->handleRequest(NULL, Object(Config\Cache), false)
#7 /home/connexis/omega.connexist.id/index.php(20): CodeIgniter\CodeIgniter->run()
#8 {main}
CRITICAL - 2021-02-04 05:08:50 --> Undefined variable: resultAchievement
#0 C:\xampp_new\htdocs\cms-siswa\app\Controllers\Admin\Dashboard\DashboardController.php(431): CodeIgniter\Debug\Exceptions->errorHandler(8, 'Undefined varia...', 'C:\\xampp_new\\ht...', 431, Array)
#1 C:\xampp_new\htdocs\cms-siswa\system\CodeIgniter.php(914): App\Controllers\Admin\Dashboard\DashboardController->getAchievement()
#2 C:\xampp_new\htdocs\cms-siswa\system\CodeIgniter.php(400): CodeIgniter\CodeIgniter->runController(Object(App\Controllers\Admin\Dashboard\DashboardController))
#3 C:\xampp_new\htdocs\cms-siswa\system\CodeIgniter.php(308): CodeIgniter\CodeIgniter->handleRequest(NULL, Object(Config\Cache), false)
#4 C:\xampp_new\htdocs\cms-siswa\index.php(20): CodeIgniter\CodeIgniter->run()
#5 {main}
CRITICAL - 2021-02-04 05:18:40 --> Undefined variable: resultAchievement
#0 C:\xampp_new\htdocs\cms-siswa\app\Controllers\Admin\Dashboard\DashboardController.php(431): CodeIgniter\Debug\Exceptions->errorHandler(8, 'Undefined varia...', 'C:\\xampp_new\\ht...', 431, Array)
#1 C:\xampp_new\htdocs\cms-siswa\system\CodeIgniter.php(914): App\Controllers\Admin\Dashboard\DashboardController->getAchievement()
#2 C:\xampp_new\htdocs\cms-siswa\system\CodeIgniter.php(400): CodeIgniter\CodeIgniter->runController(Object(App\Controllers\Admin\Dashboard\DashboardController))
#3 C:\xampp_new\htdocs\cms-siswa\system\CodeIgniter.php(308): CodeIgniter\CodeIgniter->handleRequest(NULL, Object(Config\Cache), false)
#4 C:\xampp_new\htdocs\cms-siswa\index.php(20): CodeIgniter\CodeIgniter->run()
#5 {main}
CRITICAL - 2021-02-04 05:33:55 --> Undefined variable: disabled
#0 C:\xampp_new\htdocs\cms-siswa\app\Views\admission\detail.php(147): CodeIgniter\Debug\Exceptions->errorHandler(8, 'Undefined varia...', 'C:\\xampp_new\\ht...', 147, Array)
#1 C:\xampp_new\htdocs\cms-siswa\system\View\View.php(246): include('C:\\xampp_new\\ht...')
#2 C:\xampp_new\htdocs\cms-siswa\system\Common.php(1087): CodeIgniter\View\View->render('admission/detai...', Array, true)
#3 C:\xampp_new\htdocs\cms-siswa\app\Controllers\Admin\Admission\AdmissionController.php(104): view('admission/detai...', Array)
#4 C:\xampp_new\htdocs\cms-siswa\system\CodeIgniter.php(914): App\Controllers\Admin\Admission\AdmissionController->detail('248')
#5 C:\xampp_new\htdocs\cms-siswa\system\CodeIgniter.php(400): CodeIgniter\CodeIgniter->runController(Object(App\Controllers\Admin\Admission\AdmissionController))
#6 C:\xampp_new\htdocs\cms-siswa\system\CodeIgniter.php(308): CodeIgniter\CodeIgniter->handleRequest(NULL, Object(Config\Cache), false)
#7 C:\xampp_new\htdocs\cms-siswa\index.php(20): CodeIgniter\CodeIgniter->run()
#8 {main}
CRITICAL - 2021-02-04 08:53:26 --> Undefined variable: resultAchievement
#0 C:\xampp_new\htdocs\cms-siswa\app\Controllers\Admin\Dashboard\DashboardController.php(430): CodeIgniter\Debug\Exceptions->errorHandler(8, 'Undefined varia...', 'C:\\xampp_new\\ht...', 430, Array)
#1 C:\xampp_new\htdocs\cms-siswa\system\CodeIgniter.php(914): App\Controllers\Admin\Dashboard\DashboardController->getAchievement()
#2 C:\xampp_new\htdocs\cms-siswa\system\CodeIgniter.php(400): CodeIgniter\CodeIgniter->runController(Object(App\Controllers\Admin\Dashboard\DashboardController))
#3 C:\xampp_new\htdocs\cms-siswa\system\CodeIgniter.php(308): CodeIgniter\CodeIgniter->handleRequest(NULL, Object(Config\Cache), false)
#4 C:\xampp_new\htdocs\cms-siswa\index.php(20): CodeIgniter\CodeIgniter->run()
#5 {main}
CRITICAL - 2021-02-04 08:57:51 --> Undefined variable: resultAchievement
#0 C:\xampp_new\htdocs\cms-siswa\app\Controllers\Admin\Dashboard\DashboardController.php(430): CodeIgniter\Debug\Exceptions->errorHandler(8, 'Undefined varia...', 'C:\\xampp_new\\ht...', 430, Array)
#1 C:\xampp_new\htdocs\cms-siswa\system\CodeIgniter.php(914): App\Controllers\Admin\Dashboard\DashboardController->getAchievement()
#2 C:\xampp_new\htdocs\cms-siswa\system\CodeIgniter.php(400): CodeIgniter\CodeIgniter->runController(Object(App\Controllers\Admin\Dashboard\DashboardController))
#3 C:\xampp_new\htdocs\cms-siswa\system\CodeIgniter.php(308): CodeIgniter\CodeIgniter->handleRequest(NULL, Object(Config\Cache), false)
#4 C:\xampp_new\htdocs\cms-siswa\index.php(20): CodeIgniter\CodeIgniter->run()
#5 {main}
CRITICAL - 2021-02-04 09:01:28 --> Undefined variable: resultAchievement
#0 C:\xampp_new\htdocs\cms-siswa\app\Controllers\Admin\Dashboard\DashboardController.php(430): CodeIgniter\Debug\Exceptions->errorHandler(8, 'Undefined varia...', 'C:\\xampp_new\\ht...', 430, Array)
#1 C:\xampp_new\htdocs\cms-siswa\system\CodeIgniter.php(914): App\Controllers\Admin\Dashboard\DashboardController->getAchievement()
#2 C:\xampp_new\htdocs\cms-siswa\system\CodeIgniter.php(400): CodeIgniter\CodeIgniter->runController(Object(App\Controllers\Admin\Dashboard\DashboardController))
#3 C:\xampp_new\htdocs\cms-siswa\system\CodeIgniter.php(308): CodeIgniter\CodeIgniter->handleRequest(NULL, Object(Config\Cache), false)
#4 C:\xampp_new\htdocs\cms-siswa\index.php(20): CodeIgniter\CodeIgniter->run()
#5 {main}
CRITICAL - 2021-02-04 09:03:16 --> Undefined variable: resultAchievement
#0 C:\xampp_new\htdocs\cms-siswa\app\Controllers\Admin\Dashboard\DashboardController.php(430): CodeIgniter\Debug\Exceptions->errorHandler(8, 'Undefined varia...', 'C:\\xampp_new\\ht...', 430, Array)
#1 C:\xampp_new\htdocs\cms-siswa\system\CodeIgniter.php(914): App\Controllers\Admin\Dashboard\DashboardController->getAchievement()
#2 C:\xampp_new\htdocs\cms-siswa\system\CodeIgniter.php(400): CodeIgniter\CodeIgniter->runController(Object(App\Controllers\Admin\Dashboard\DashboardController))
#3 C:\xampp_new\htdocs\cms-siswa\system\CodeIgniter.php(308): CodeIgniter\CodeIgniter->handleRequest(NULL, Object(Config\Cache), false)
#4 C:\xampp_new\htdocs\cms-siswa\index.php(20): CodeIgniter\CodeIgniter->run()
#5 {main}
CRITICAL - 2021-02-04 09:05:02 --> Undefined variable: resultAchievement
#0 C:\xampp_new\htdocs\cms-siswa\app\Controllers\Admin\Dashboard\DashboardController.php(430): CodeIgniter\Debug\Exceptions->errorHandler(8, 'Undefined varia...', 'C:\\xampp_new\\ht...', 430, Array)
#1 C:\xampp_new\htdocs\cms-siswa\system\CodeIgniter.php(914): App\Controllers\Admin\Dashboard\DashboardController->getAchievement()
#2 C:\xampp_new\htdocs\cms-siswa\system\CodeIgniter.php(400): CodeIgniter\CodeIgniter->runController(Object(App\Controllers\Admin\Dashboard\DashboardController))
#3 C:\xampp_new\htdocs\cms-siswa\system\CodeIgniter.php(308): CodeIgniter\CodeIgniter->handleRequest(NULL, Object(Config\Cache), false)
#4 C:\xampp_new\htdocs\cms-siswa\index.php(20): CodeIgniter\CodeIgniter->run()
#5 {main}
CRITICAL - 2021-02-04 09:05:24 --> Undefined variable: resultAchievement
#0 C:\xampp_new\htdocs\cms-siswa\app\Controllers\Admin\Dashboard\DashboardController.php(430): CodeIgniter\Debug\Exceptions->errorHandler(8, 'Undefined varia...', 'C:\\xampp_new\\ht...', 430, Array)
#1 C:\xampp_new\htdocs\cms-siswa\system\CodeIgniter.php(914): App\Controllers\Admin\Dashboard\DashboardController->getAchievement()
#2 C:\xampp_new\htdocs\cms-siswa\system\CodeIgniter.php(400): CodeIgniter\CodeIgniter->runController(Object(App\Controllers\Admin\Dashboard\DashboardController))
#3 C:\xampp_new\htdocs\cms-siswa\system\CodeIgniter.php(308): CodeIgniter\CodeIgniter->handleRequest(NULL, Object(Config\Cache), false)
#4 C:\xampp_new\htdocs\cms-siswa\index.php(20): CodeIgniter\CodeIgniter->run()
#5 {main}
CRITICAL - 2021-02-04 09:08:33 --> Undefined variable: resultAchievement
#0 C:\xampp_new\htdocs\cms-siswa\app\Controllers\Admin\Dashboard\DashboardController.php(430): CodeIgniter\Debug\Exceptions->errorHandler(8, 'Undefined varia...', 'C:\\xampp_new\\ht...', 430, Array)
#1 C:\xampp_new\htdocs\cms-siswa\system\CodeIgniter.php(914): App\Controllers\Admin\Dashboard\DashboardController->getAchievement()
#2 C:\xampp_new\htdocs\cms-siswa\system\CodeIgniter.php(400): CodeIgniter\CodeIgniter->runController(Object(App\Controllers\Admin\Dashboard\DashboardController))
#3 C:\xampp_new\htdocs\cms-siswa\system\CodeIgniter.php(308): CodeIgniter\CodeIgniter->handleRequest(NULL, Object(Config\Cache), false)
#4 C:\xampp_new\htdocs\cms-siswa\index.php(20): CodeIgniter\CodeIgniter->run()
#5 {main}
CRITICAL - 2021-02-04 09:12:02 --> Undefined variable: resultAchievement
#0 C:\xampp_new\htdocs\cms-siswa\app\Controllers\Admin\Dashboard\DashboardController.php(430): CodeIgniter\Debug\Exceptions->errorHandler(8, 'Undefined varia...', 'C:\\xampp_new\\ht...', 430, Array)
#1 C:\xampp_new\htdocs\cms-siswa\system\CodeIgniter.php(914): App\Controllers\Admin\Dashboard\DashboardController->getAchievement()
#2 C:\xampp_new\htdocs\cms-siswa\system\CodeIgniter.php(400): CodeIgniter\CodeIgniter->runController(Object(App\Controllers\Admin\Dashboard\DashboardController))
#3 C:\xampp_new\htdocs\cms-siswa\system\CodeIgniter.php(308): CodeIgniter\CodeIgniter->handleRequest(NULL, Object(Config\Cache), false)
#4 C:\xampp_new\htdocs\cms-siswa\index.php(20): CodeIgniter\CodeIgniter->run()
#5 {main}
CRITICAL - 2021-02-04 09:14:03 --> Undefined variable: resultAchievement
#0 C:\xampp_new\htdocs\cms-siswa\app\Controllers\Admin\Dashboard\DashboardController.php(430): CodeIgniter\Debug\Exceptions->errorHandler(8, 'Undefined varia...', 'C:\\xampp_new\\ht...', 430, Array)
#1 C:\xampp_new\htdocs\cms-siswa\system\CodeIgniter.php(914): App\Controllers\Admin\Dashboard\DashboardController->getAchievement()
#2 C:\xampp_new\htdocs\cms-siswa\system\CodeIgniter.php(400): CodeIgniter\CodeIgniter->runController(Object(App\Controllers\Admin\Dashboard\DashboardController))
#3 C:\xampp_new\htdocs\cms-siswa\system\CodeIgniter.php(308): CodeIgniter\CodeIgniter->handleRequest(NULL, Object(Config\Cache), false)
#4 C:\xampp_new\htdocs\cms-siswa\index.php(20): CodeIgniter\CodeIgniter->run()
#5 {main}
CRITICAL - 2021-02-04 09:14:53 --> Undefined variable: resultAchievement
#0 C:\xampp_new\htdocs\cms-siswa\app\Controllers\Admin\Dashboard\DashboardController.php(430): CodeIgniter\Debug\Exceptions->errorHandler(8, 'Undefined varia...', 'C:\\xampp_new\\ht...', 430, Array)
#1 C:\xampp_new\htdocs\cms-siswa\system\CodeIgniter.php(914): App\Controllers\Admin\Dashboard\DashboardController->getAchievement()
#2 C:\xampp_new\htdocs\cms-siswa\system\CodeIgniter.php(400): CodeIgniter\CodeIgniter->runController(Object(App\Controllers\Admin\Dashboard\DashboardController))
#3 C:\xampp_new\htdocs\cms-siswa\system\CodeIgniter.php(308): CodeIgniter\CodeIgniter->handleRequest(NULL, Object(Config\Cache), false)
#4 C:\xampp_new\htdocs\cms-siswa\index.php(20): CodeIgniter\CodeIgniter->run()
#5 {main}
CRITICAL - 2021-02-04 09:15:36 --> Undefined variable: resultAchievement
#0 C:\xampp_new\htdocs\cms-siswa\app\Controllers\Admin\Dashboard\DashboardController.php(430): CodeIgniter\Debug\Exceptions->errorHandler(8, 'Undefined varia...', 'C:\\xampp_new\\ht...', 430, Array)
#1 C:\xampp_new\htdocs\cms-siswa\system\CodeIgniter.php(914): App\Controllers\Admin\Dashboard\DashboardController->getAchievement()
#2 C:\xampp_new\htdocs\cms-siswa\system\CodeIgniter.php(400): CodeIgniter\CodeIgniter->runController(Object(App\Controllers\Admin\Dashboard\DashboardController))
#3 C:\xampp_new\htdocs\cms-siswa\system\CodeIgniter.php(308): CodeIgniter\CodeIgniter->handleRequest(NULL, Object(Config\Cache), false)
#4 C:\xampp_new\htdocs\cms-siswa\index.php(20): CodeIgniter\CodeIgniter->run()
#5 {main}
CRITICAL - 2021-02-04 09:15:49 --> Undefined variable: resultAchievement
#0 C:\xampp_new\htdocs\cms-siswa\app\Controllers\Admin\Dashboard\DashboardController.php(430): CodeIgniter\Debug\Exceptions->errorHandler(8, 'Undefined varia...', 'C:\\xampp_new\\ht...', 430, Array)
#1 C:\xampp_new\htdocs\cms-siswa\system\CodeIgniter.php(914): App\Controllers\Admin\Dashboard\DashboardController->getAchievement()
#2 C:\xampp_new\htdocs\cms-siswa\system\CodeIgniter.php(400): CodeIgniter\CodeIgniter->runController(Object(App\Controllers\Admin\Dashboard\DashboardController))
#3 C:\xampp_new\htdocs\cms-siswa\system\CodeIgniter.php(308): CodeIgniter\CodeIgniter->handleRequest(NULL, Object(Config\Cache), false)
#4 C:\xampp_new\htdocs\cms-siswa\index.php(20): CodeIgniter\CodeIgniter->run()
#5 {main}
CRITICAL - 2021-02-04 09:17:00 --> Undefined variable: resultAchievement
#0 C:\xampp_new\htdocs\cms-siswa\app\Controllers\Admin\Dashboard\DashboardController.php(430): CodeIgniter\Debug\Exceptions->errorHandler(8, 'Undefined varia...', 'C:\\xampp_new\\ht...', 430, Array)
#1 C:\xampp_new\htdocs\cms-siswa\system\CodeIgniter.php(914): App\Controllers\Admin\Dashboard\DashboardController->getAchievement()
#2 C:\xampp_new\htdocs\cms-siswa\system\CodeIgniter.php(400): CodeIgniter\CodeIgniter->runController(Object(App\Controllers\Admin\Dashboard\DashboardController))
#3 C:\xampp_new\htdocs\cms-siswa\system\CodeIgniter.php(308): CodeIgniter\CodeIgniter->handleRequest(NULL, Object(Config\Cache), false)
#4 C:\xampp_new\htdocs\cms-siswa\index.php(20): CodeIgniter\CodeIgniter->run()
#5 {main}
CRITICAL - 2021-02-04 09:18:27 --> Undefined variable: resultAchievement
#0 C:\xampp_new\htdocs\cms-siswa\app\Controllers\Admin\Dashboard\DashboardController.php(430): CodeIgniter\Debug\Exceptions->errorHandler(8, 'Undefined varia...', 'C:\\xampp_new\\ht...', 430, Array)
#1 C:\xampp_new\htdocs\cms-siswa\system\CodeIgniter.php(914): App\Controllers\Admin\Dashboard\DashboardController->getAchievement()
#2 C:\xampp_new\htdocs\cms-siswa\system\CodeIgniter.php(400): CodeIgniter\CodeIgniter->runController(Object(App\Controllers\Admin\Dashboard\DashboardController))
#3 C:\xampp_new\htdocs\cms-siswa\system\CodeIgniter.php(308): CodeIgniter\CodeIgniter->handleRequest(NULL, Object(Config\Cache), false)
#4 C:\xampp_new\htdocs\cms-siswa\index.php(20): CodeIgniter\CodeIgniter->run()
#5 {main}
CRITICAL - 2021-02-04 09:19:15 --> Undefined variable: resultAchievement
#0 C:\xampp_new\htdocs\cms-siswa\app\Controllers\Admin\Dashboard\DashboardController.php(430): CodeIgniter\Debug\Exceptions->errorHandler(8, 'Undefined varia...', 'C:\\xampp_new\\ht...', 430, Array)
#1 C:\xampp_new\htdocs\cms-siswa\system\CodeIgniter.php(914): App\Controllers\Admin\Dashboard\DashboardController->getAchievement()
#2 C:\xampp_new\htdocs\cms-siswa\system\CodeIgniter.php(400): CodeIgniter\CodeIgniter->runController(Object(App\Controllers\Admin\Dashboard\DashboardController))
#3 C:\xampp_new\htdocs\cms-siswa\system\CodeIgniter.php(308): CodeIgniter\CodeIgniter->handleRequest(NULL, Object(Config\Cache), false)
#4 C:\xampp_new\htdocs\cms-siswa\index.php(20): CodeIgniter\CodeIgniter->run()
#5 {main}
CRITICAL - 2021-02-04 09:19:50 --> Undefined variable: resultAchievement
#0 C:\xampp_new\htdocs\cms-siswa\app\Controllers\Admin\Dashboard\DashboardController.php(430): CodeIgniter\Debug\Exceptions->errorHandler(8, 'Undefined varia...', 'C:\\xampp_new\\ht...', 430, Array)
#1 C:\xampp_new\htdocs\cms-siswa\system\CodeIgniter.php(914): App\Controllers\Admin\Dashboard\DashboardController->getAchievement()
#2 C:\xampp_new\htdocs\cms-siswa\system\CodeIgniter.php(400): CodeIgniter\CodeIgniter->runController(Object(App\Controllers\Admin\Dashboard\DashboardController))
#3 C:\xampp_new\htdocs\cms-siswa\system\CodeIgniter.php(308): CodeIgniter\CodeIgniter->handleRequest(NULL, Object(Config\Cache), false)
#4 C:\xampp_new\htdocs\cms-siswa\index.php(20): CodeIgniter\CodeIgniter->run()
#5 {main}
CRITICAL - 2021-02-04 09:20:24 --> Undefined variable: resultAchievement
#0 C:\xampp_new\htdocs\cms-siswa\app\Controllers\Admin\Dashboard\DashboardController.php(430): CodeIgniter\Debug\Exceptions->errorHandler(8, 'Undefined varia...', 'C:\\xampp_new\\ht...', 430, Array)
#1 C:\xampp_new\htdocs\cms-siswa\system\CodeIgniter.php(914): App\Controllers\Admin\Dashboard\DashboardController->getAchievement()
#2 C:\xampp_new\htdocs\cms-siswa\system\CodeIgniter.php(400): CodeIgniter\CodeIgniter->runController(Object(App\Controllers\Admin\Dashboard\DashboardController))
#3 C:\xampp_new\htdocs\cms-siswa\system\CodeIgniter.php(308): CodeIgniter\CodeIgniter->handleRequest(NULL, Object(Config\Cache), false)
#4 C:\xampp_new\htdocs\cms-siswa\index.php(20): CodeIgniter\CodeIgniter->run()
#5 {main}
CRITICAL - 2021-02-04 09:20:44 --> Undefined variable: resultAchievement
#0 C:\xampp_new\htdocs\cms-siswa\app\Controllers\Admin\Dashboard\DashboardController.php(430): CodeIgniter\Debug\Exceptions->errorHandler(8, 'Undefined varia...', 'C:\\xampp_new\\ht...', 430, Array)
#1 C:\xampp_new\htdocs\cms-siswa\system\CodeIgniter.php(914): App\Controllers\Admin\Dashboard\DashboardController->getAchievement()
#2 C:\xampp_new\htdocs\cms-siswa\system\CodeIgniter.php(400): CodeIgniter\CodeIgniter->runController(Object(App\Controllers\Admin\Dashboard\DashboardController))
#3 C:\xampp_new\htdocs\cms-siswa\system\CodeIgniter.php(308): CodeIgniter\CodeIgniter->handleRequest(NULL, Object(Config\Cache), false)
#4 C:\xampp_new\htdocs\cms-siswa\index.php(20): CodeIgniter\CodeIgniter->run()
#5 {main}
CRITICAL - 2021-02-04 09:22:46 --> Undefined variable: resultAchievement
#0 C:\xampp_new\htdocs\cms-siswa\app\Controllers\Admin\Dashboard\DashboardController.php(430): CodeIgniter\Debug\Exceptions->errorHandler(8, 'Undefined varia...', 'C:\\xampp_new\\ht...', 430, Array)
#1 C:\xampp_new\htdocs\cms-siswa\system\CodeIgniter.php(914): App\Controllers\Admin\Dashboard\DashboardController->getAchievement()
#2 C:\xampp_new\htdocs\cms-siswa\system\CodeIgniter.php(400): CodeIgniter\CodeIgniter->runController(Object(App\Controllers\Admin\Dashboard\DashboardController))
#3 C:\xampp_new\htdocs\cms-siswa\system\CodeIgniter.php(308): CodeIgniter\CodeIgniter->handleRequest(NULL, Object(Config\Cache), false)
#4 C:\xampp_new\htdocs\cms-siswa\index.php(20): CodeIgniter\CodeIgniter->run()
#5 {main}
CRITICAL - 2021-02-04 09:23:40 --> Undefined variable: resultAchievement
#0 C:\xampp_new\htdocs\cms-siswa\app\Controllers\Admin\Dashboard\DashboardController.php(430): CodeIgniter\Debug\Exceptions->errorHandler(8, 'Undefined varia...', 'C:\\xampp_new\\ht...', 430, Array)
#1 C:\xampp_new\htdocs\cms-siswa\system\CodeIgniter.php(914): App\Controllers\Admin\Dashboard\DashboardController->getAchievement()
#2 C:\xampp_new\htdocs\cms-siswa\system\CodeIgniter.php(400): CodeIgniter\CodeIgniter->runController(Object(App\Controllers\Admin\Dashboard\DashboardController))
#3 C:\xampp_new\htdocs\cms-siswa\system\CodeIgniter.php(308): CodeIgniter\CodeIgniter->handleRequest(NULL, Object(Config\Cache), false)
#4 C:\xampp_new\htdocs\cms-siswa\index.php(20): CodeIgniter\CodeIgniter->run()
#5 {main}
CRITICAL - 2021-02-04 09:24:26 --> Undefined variable: resultAchievement
#0 C:\xampp_new\htdocs\cms-siswa\app\Controllers\Admin\Dashboard\DashboardController.php(430): CodeIgniter\Debug\Exceptions->errorHandler(8, 'Undefined varia...', 'C:\\xampp_new\\ht...', 430, Array)
#1 C:\xampp_new\htdocs\cms-siswa\system\CodeIgniter.php(914): App\Controllers\Admin\Dashboard\DashboardController->getAchievement()
#2 C:\xampp_new\htdocs\cms-siswa\system\CodeIgniter.php(400): CodeIgniter\CodeIgniter->runController(Object(App\Controllers\Admin\Dashboard\DashboardController))
#3 C:\xampp_new\htdocs\cms-siswa\system\CodeIgniter.php(308): CodeIgniter\CodeIgniter->handleRequest(NULL, Object(Config\Cache), false)
#4 C:\xampp_new\htdocs\cms-siswa\index.php(20): CodeIgniter\CodeIgniter->run()
#5 {main}
CRITICAL - 2021-02-04 09:24:45 --> Undefined variable: resultAchievement
#0 C:\xampp_new\htdocs\cms-siswa\app\Controllers\Admin\Dashboard\DashboardController.php(430): CodeIgniter\Debug\Exceptions->errorHandler(8, 'Undefined varia...', 'C:\\xampp_new\\ht...', 430, Array)
#1 C:\xampp_new\htdocs\cms-siswa\system\CodeIgniter.php(914): App\Controllers\Admin\Dashboard\DashboardController->getAchievement()
#2 C:\xampp_new\htdocs\cms-siswa\system\CodeIgniter.php(400): CodeIgniter\CodeIgniter->runController(Object(App\Controllers\Admin\Dashboard\DashboardController))
#3 C:\xampp_new\htdocs\cms-siswa\system\CodeIgniter.php(308): CodeIgniter\CodeIgniter->handleRequest(NULL, Object(Config\Cache), false)
#4 C:\xampp_new\htdocs\cms-siswa\index.php(20): CodeIgniter\CodeIgniter->run()
#5 {main}
CRITICAL - 2021-02-04 09:25:43 --> Undefined variable: resultAchievement
#0 C:\xampp_new\htdocs\cms-siswa\app\Controllers\Admin\Dashboard\DashboardController.php(430): CodeIgniter\Debug\Exceptions->errorHandler(8, 'Undefined varia...', 'C:\\xampp_new\\ht...', 430, Array)
#1 C:\xampp_new\htdocs\cms-siswa\system\CodeIgniter.php(914): App\Controllers\Admin\Dashboard\DashboardController->getAchievement()
#2 C:\xampp_new\htdocs\cms-siswa\system\CodeIgniter.php(400): CodeIgniter\CodeIgniter->runController(Object(App\Controllers\Admin\Dashboard\DashboardController))
#3 C:\xampp_new\htdocs\cms-siswa\system\CodeIgniter.php(308): CodeIgniter\CodeIgniter->handleRequest(NULL, Object(Config\Cache), false)
#4 C:\xampp_new\htdocs\cms-siswa\index.php(20): CodeIgniter\CodeIgniter->run()
#5 {main}
CRITICAL - 2021-02-04 18:02:11 --> Undefined variable: resultAchievement
#0 C:\xampp_new\htdocs\cms-siswa\app\Controllers\Admin\Dashboard\DashboardController.php(430): CodeIgniter\Debug\Exceptions->errorHandler(8, 'Undefined varia...', 'C:\\xampp_new\\ht...', 430, Array)
#1 C:\xampp_new\htdocs\cms-siswa\system\CodeIgniter.php(914): App\Controllers\Admin\Dashboard\DashboardController->getAchievement()
#2 C:\xampp_new\htdocs\cms-siswa\system\CodeIgniter.php(400): CodeIgniter\CodeIgniter->runController(Object(App\Controllers\Admin\Dashboard\DashboardController))
#3 C:\xampp_new\htdocs\cms-siswa\system\CodeIgniter.php(308): CodeIgniter\CodeIgniter->handleRequest(NULL, Object(Config\Cache), false)
#4 C:\xampp_new\htdocs\cms-siswa\index.php(20): CodeIgniter\CodeIgniter->run()
#5 {main}
CRITICAL - 2021-02-04 18:04:57 --> Undefined variable: resultAchievement
#0 C:\xampp_new\htdocs\cms-siswa\app\Controllers\Admin\Dashboard\DashboardController.php(430): CodeIgniter\Debug\Exceptions->errorHandler(8, 'Undefined varia...', 'C:\\xampp_new\\ht...', 430, Array)
#1 C:\xampp_new\htdocs\cms-siswa\system\CodeIgniter.php(914): App\Controllers\Admin\Dashboard\DashboardController->getAchievement()
#2 C:\xampp_new\htdocs\cms-siswa\system\CodeIgniter.php(400): CodeIgniter\CodeIgniter->runController(Object(App\Controllers\Admin\Dashboard\DashboardController))
#3 C:\xampp_new\htdocs\cms-siswa\system\CodeIgniter.php(308): CodeIgniter\CodeIgniter->handleRequest(NULL, Object(Config\Cache), false)
#4 C:\xampp_new\htdocs\cms-siswa\index.php(20): CodeIgniter\CodeIgniter->run()
#5 {main}
CRITICAL - 2021-02-04 18:05:53 --> Undefined variable: resultAchievement
#0 C:\xampp_new\htdocs\cms-siswa\app\Controllers\Admin\Dashboard\DashboardController.php(430): CodeIgniter\Debug\Exceptions->errorHandler(8, 'Undefined varia...', 'C:\\xampp_new\\ht...', 430, Array)
#1 C:\xampp_new\htdocs\cms-siswa\system\CodeIgniter.php(914): App\Controllers\Admin\Dashboard\DashboardController->getAchievement()
#2 C:\xampp_new\htdocs\cms-siswa\system\CodeIgniter.php(400): CodeIgniter\CodeIgniter->runController(Object(App\Controllers\Admin\Dashboard\DashboardController))
#3 C:\xampp_new\htdocs\cms-siswa\system\CodeIgniter.php(308): CodeIgniter\CodeIgniter->handleRequest(NULL, Object(Config\Cache), false)
#4 C:\xampp_new\htdocs\cms-siswa\index.php(20): CodeIgniter\CodeIgniter->run()
#5 {main}
CRITICAL - 2021-02-04 18:08:28 --> Undefined variable: resultAchievement
#0 C:\xampp_new\htdocs\cms-siswa\app\Controllers\Admin\Dashboard\DashboardController.php(430): CodeIgniter\Debug\Exceptions->errorHandler(8, 'Undefined varia...', 'C:\\xampp_new\\ht...', 430, Array)
#1 C:\xampp_new\htdocs\cms-siswa\system\CodeIgniter.php(914): App\Controllers\Admin\Dashboard\DashboardController->getAchievement()
#2 C:\xampp_new\htdocs\cms-siswa\system\CodeIgniter.php(400): CodeIgniter\CodeIgniter->runController(Object(App\Controllers\Admin\Dashboard\DashboardController))
#3 C:\xampp_new\htdocs\cms-siswa\system\CodeIgniter.php(308): CodeIgniter\CodeIgniter->handleRequest(NULL, Object(Config\Cache), false)
#4 C:\xampp_new\htdocs\cms-siswa\index.php(20): CodeIgniter\CodeIgniter->run()
#5 {main}
CRITICAL - 2021-02-04 18:09:20 --> Undefined variable: resultAchievement
#0 C:\xampp_new\htdocs\cms-siswa\app\Controllers\Admin\Dashboard\DashboardController.php(430): CodeIgniter\Debug\Exceptions->errorHandler(8, 'Undefined varia...', 'C:\\xampp_new\\ht...', 430, Array)
#1 C:\xampp_new\htdocs\cms-siswa\system\CodeIgniter.php(914): App\Controllers\Admin\Dashboard\DashboardController->getAchievement()
#2 C:\xampp_new\htdocs\cms-siswa\system\CodeIgniter.php(400): CodeIgniter\CodeIgniter->runController(Object(App\Controllers\Admin\Dashboard\DashboardController))
#3 C:\xampp_new\htdocs\cms-siswa\system\CodeIgniter.php(308): CodeIgniter\CodeIgniter->handleRequest(NULL, Object(Config\Cache), false)
#4 C:\xampp_new\htdocs\cms-siswa\index.php(20): CodeIgniter\CodeIgniter->run()
#5 {main}
CRITICAL - 2021-02-04 18:09:53 --> Undefined variable: resultAchievement
#0 C:\xampp_new\htdocs\cms-siswa\app\Controllers\Admin\Dashboard\DashboardController.php(430): CodeIgniter\Debug\Exceptions->errorHandler(8, 'Undefined varia...', 'C:\\xampp_new\\ht...', 430, Array)
#1 C:\xampp_new\htdocs\cms-siswa\system\CodeIgniter.php(914): App\Controllers\Admin\Dashboard\DashboardController->getAchievement()
#2 C:\xampp_new\htdocs\cms-siswa\system\CodeIgniter.php(400): CodeIgniter\CodeIgniter->runController(Object(App\Controllers\Admin\Dashboard\DashboardController))
#3 C:\xampp_new\htdocs\cms-siswa\system\CodeIgniter.php(308): CodeIgniter\CodeIgniter->handleRequest(NULL, Object(Config\Cache), false)
#4 C:\xampp_new\htdocs\cms-siswa\index.php(20): CodeIgniter\CodeIgniter->run()
#5 {main}
CRITICAL - 2021-02-04 18:10:04 --> Undefined variable: resultAchievement
#0 C:\xampp_new\htdocs\cms-siswa\app\Controllers\Admin\Dashboard\DashboardController.php(430): CodeIgniter\Debug\Exceptions->errorHandler(8, 'Undefined varia...', 'C:\\xampp_new\\ht...', 430, Array)
#1 C:\xampp_new\htdocs\cms-siswa\system\CodeIgniter.php(914): App\Controllers\Admin\Dashboard\DashboardController->getAchievement()
#2 C:\xampp_new\htdocs\cms-siswa\system\CodeIgniter.php(400): CodeIgniter\CodeIgniter->runController(Object(App\Controllers\Admin\Dashboard\DashboardController))
#3 C:\xampp_new\htdocs\cms-siswa\system\CodeIgniter.php(308): CodeIgniter\CodeIgniter->handleRequest(NULL, Object(Config\Cache), false)
#4 C:\xampp_new\htdocs\cms-siswa\index.php(20): CodeIgniter\CodeIgniter->run()
#5 {main}
CRITICAL - 2021-02-04 18:10:36 --> Undefined variable: resultAchievement
#0 C:\xampp_new\htdocs\cms-siswa\app\Controllers\Admin\Dashboard\DashboardController.php(430): CodeIgniter\Debug\Exceptions->errorHandler(8, 'Undefined varia...', 'C:\\xampp_new\\ht...', 430, Array)
#1 C:\xampp_new\htdocs\cms-siswa\system\CodeIgniter.php(914): App\Controllers\Admin\Dashboard\DashboardController->getAchievement()
#2 C:\xampp_new\htdocs\cms-siswa\system\CodeIgniter.php(400): CodeIgniter\CodeIgniter->runController(Object(App\Controllers\Admin\Dashboard\DashboardController))
#3 C:\xampp_new\htdocs\cms-siswa\system\CodeIgniter.php(308): CodeIgniter\CodeIgniter->handleRequest(NULL, Object(Config\Cache), false)
#4 C:\xampp_new\htdocs\cms-siswa\index.php(20): CodeIgniter\CodeIgniter->run()
#5 {main}
CRITICAL - 2021-02-04 18:11:42 --> Undefined variable: resultAchievement
#0 C:\xampp_new\htdocs\cms-siswa\app\Controllers\Admin\Dashboard\DashboardController.php(430): CodeIgniter\Debug\Exceptions->errorHandler(8, 'Undefined varia...', 'C:\\xampp_new\\ht...', 430, Array)
#1 C:\xampp_new\htdocs\cms-siswa\system\CodeIgniter.php(914): App\Controllers\Admin\Dashboard\DashboardController->getAchievement()
#2 C:\xampp_new\htdocs\cms-siswa\system\CodeIgniter.php(400): CodeIgniter\CodeIgniter->runController(Object(App\Controllers\Admin\Dashboard\DashboardController))
#3 C:\xampp_new\htdocs\cms-siswa\system\CodeIgniter.php(308): CodeIgniter\CodeIgniter->handleRequest(NULL, Object(Config\Cache), false)
#4 C:\xampp_new\htdocs\cms-siswa\index.php(20): CodeIgniter\CodeIgniter->run()
#5 {main}
CRITICAL - 2021-02-04 18:11:49 --> Undefined variable: resultAchievement
#0 C:\xampp_new\htdocs\cms-siswa\app\Controllers\Admin\Dashboard\DashboardController.php(430): CodeIgniter\Debug\Exceptions->errorHandler(8, 'Undefined varia...', 'C:\\xampp_new\\ht...', 430, Array)
#1 C:\xampp_new\htdocs\cms-siswa\system\CodeIgniter.php(914): App\Controllers\Admin\Dashboard\DashboardController->getAchievement()
#2 C:\xampp_new\htdocs\cms-siswa\system\CodeIgniter.php(400): CodeIgniter\CodeIgniter->runController(Object(App\Controllers\Admin\Dashboard\DashboardController))
#3 C:\xampp_new\htdocs\cms-siswa\system\CodeIgniter.php(308): CodeIgniter\CodeIgniter->handleRequest(NULL, Object(Config\Cache), false)
#4 C:\xampp_new\htdocs\cms-siswa\index.php(20): CodeIgniter\CodeIgniter->run()
#5 {main}
CRITICAL - 2021-02-04 18:13:02 --> Undefined variable: resultAchievement
#0 C:\xampp_new\htdocs\cms-siswa\app\Controllers\Admin\Dashboard\DashboardController.php(430): CodeIgniter\Debug\Exceptions->errorHandler(8, 'Undefined varia...', 'C:\\xampp_new\\ht...', 430, Array)
#1 C:\xampp_new\htdocs\cms-siswa\system\CodeIgniter.php(914): App\Controllers\Admin\Dashboard\DashboardController->getAchievement()
#2 C:\xampp_new\htdocs\cms-siswa\system\CodeIgniter.php(400): CodeIgniter\CodeIgniter->runController(Object(App\Controllers\Admin\Dashboard\DashboardController))
#3 C:\xampp_new\htdocs\cms-siswa\system\CodeIgniter.php(308): CodeIgniter\CodeIgniter->handleRequest(NULL, Object(Config\Cache), false)
#4 C:\xampp_new\htdocs\cms-siswa\index.php(20): CodeIgniter\CodeIgniter->run()
#5 {main}
CRITICAL - 2021-02-04 18:13:33 --> Undefined variable: resultAchievement
#0 C:\xampp_new\htdocs\cms-siswa\app\Controllers\Admin\Dashboard\DashboardController.php(430): CodeIgniter\Debug\Exceptions->errorHandler(8, 'Undefined varia...', 'C:\\xampp_new\\ht...', 430, Array)
#1 C:\xampp_new\htdocs\cms-siswa\system\CodeIgniter.php(914): App\Controllers\Admin\Dashboard\DashboardController->getAchievement()
#2 C:\xampp_new\htdocs\cms-siswa\system\CodeIgniter.php(400): CodeIgniter\CodeIgniter->runController(Object(App\Controllers\Admin\Dashboard\DashboardController))
#3 C:\xampp_new\htdocs\cms-siswa\system\CodeIgniter.php(308): CodeIgniter\CodeIgniter->handleRequest(NULL, Object(Config\Cache), false)
#4 C:\xampp_new\htdocs\cms-siswa\index.php(20): CodeIgniter\CodeIgniter->run()
#5 {main}
CRITICAL - 2021-02-04 18:13:52 --> Undefined variable: resultAchievement
#0 C:\xampp_new\htdocs\cms-siswa\app\Controllers\Admin\Dashboard\DashboardController.php(430): CodeIgniter\Debug\Exceptions->errorHandler(8, 'Undefined varia...', 'C:\\xampp_new\\ht...', 430, Array)
#1 C:\xampp_new\htdocs\cms-siswa\system\CodeIgniter.php(914): App\Controllers\Admin\Dashboard\DashboardController->getAchievement()
#2 C:\xampp_new\htdocs\cms-siswa\system\CodeIgniter.php(400): CodeIgniter\CodeIgniter->runController(Object(App\Controllers\Admin\Dashboard\DashboardController))
#3 C:\xampp_new\htdocs\cms-siswa\system\CodeIgniter.php(308): CodeIgniter\CodeIgniter->handleRequest(NULL, Object(Config\Cache), false)
#4 C:\xampp_new\htdocs\cms-siswa\index.php(20): CodeIgniter\CodeIgniter->run()
#5 {main}
CRITICAL - 2021-02-04 18:14:06 --> Undefined variable: resultAchievement
#0 C:\xampp_new\htdocs\cms-siswa\app\Controllers\Admin\Dashboard\DashboardController.php(430): CodeIgniter\Debug\Exceptions->errorHandler(8, 'Undefined varia...', 'C:\\xampp_new\\ht...', 430, Array)
#1 C:\xampp_new\htdocs\cms-siswa\system\CodeIgniter.php(914): App\Controllers\Admin\Dashboard\DashboardController->getAchievement()
#2 C:\xampp_new\htdocs\cms-siswa\system\CodeIgniter.php(400): CodeIgniter\CodeIgniter->runController(Object(App\Controllers\Admin\Dashboard\DashboardController))
#3 C:\xampp_new\htdocs\cms-siswa\system\CodeIgniter.php(308): CodeIgniter\CodeIgniter->handleRequest(NULL, Object(Config\Cache), false)
#4 C:\xampp_new\htdocs\cms-siswa\index.php(20): CodeIgniter\CodeIgniter->run()
#5 {main}
CRITICAL - 2021-02-04 18:14:28 --> Undefined variable: resultAchievement
#0 C:\xampp_new\htdocs\cms-siswa\app\Controllers\Admin\Dashboard\DashboardController.php(430): CodeIgniter\Debug\Exceptions->errorHandler(8, 'Undefined varia...', 'C:\\xampp_new\\ht...', 430, Array)
#1 C:\xampp_new\htdocs\cms-siswa\system\CodeIgniter.php(914): App\Controllers\Admin\Dashboard\DashboardController->getAchievement()
#2 C:\xampp_new\htdocs\cms-siswa\system\CodeIgniter.php(400): CodeIgniter\CodeIgniter->runController(Object(App\Controllers\Admin\Dashboard\DashboardController))
#3 C:\xampp_new\htdocs\cms-siswa\system\CodeIgniter.php(308): CodeIgniter\CodeIgniter->handleRequest(NULL, Object(Config\Cache), false)
#4 C:\xampp_new\htdocs\cms-siswa\index.php(20): CodeIgniter\CodeIgniter->run()
#5 {main}
CRITICAL - 2021-02-04 18:14:47 --> Undefined variable: resultAchievement
#0 C:\xampp_new\htdocs\cms-siswa\app\Controllers\Admin\Dashboard\DashboardController.php(430): CodeIgniter\Debug\Exceptions->errorHandler(8, 'Undefined varia...', 'C:\\xampp_new\\ht...', 430, Array)
#1 C:\xampp_new\htdocs\cms-siswa\system\CodeIgniter.php(914): App\Controllers\Admin\Dashboard\DashboardController->getAchievement()
#2 C:\xampp_new\htdocs\cms-siswa\system\CodeIgniter.php(400): CodeIgniter\CodeIgniter->runController(Object(App\Controllers\Admin\Dashboard\DashboardController))
#3 C:\xampp_new\htdocs\cms-siswa\system\CodeIgniter.php(308): CodeIgniter\CodeIgniter->handleRequest(NULL, Object(Config\Cache), false)
#4 C:\xampp_new\htdocs\cms-siswa\index.php(20): CodeIgniter\CodeIgniter->run()
#5 {main}
CRITICAL - 2021-02-04 18:15:01 --> Undefined variable: resultAchievement
#0 C:\xampp_new\htdocs\cms-siswa\app\Controllers\Admin\Dashboard\DashboardController.php(430): CodeIgniter\Debug\Exceptions->errorHandler(8, 'Undefined varia...', 'C:\\xampp_new\\ht...', 430, Array)
#1 C:\xampp_new\htdocs\cms-siswa\system\CodeIgniter.php(914): App\Controllers\Admin\Dashboard\DashboardController->getAchievement()
#2 C:\xampp_new\htdocs\cms-siswa\system\CodeIgniter.php(400): CodeIgniter\CodeIgniter->runController(Object(App\Controllers\Admin\Dashboard\DashboardController))
#3 C:\xampp_new\htdocs\cms-siswa\system\CodeIgniter.php(308): CodeIgniter\CodeIgniter->handleRequest(NULL, Object(Config\Cache), false)
#4 C:\xampp_new\htdocs\cms-siswa\index.php(20): CodeIgniter\CodeIgniter->run()
#5 {main}
CRITICAL - 2021-02-04 18:15:17 --> Undefined variable: resultAchievement
#0 C:\xampp_new\htdocs\cms-siswa\app\Controllers\Admin\Dashboard\DashboardController.php(430): CodeIgniter\Debug\Exceptions->errorHandler(8, 'Undefined varia...', 'C:\\xampp_new\\ht...', 430, Array)
#1 C:\xampp_new\htdocs\cms-siswa\system\CodeIgniter.php(914): App\Controllers\Admin\Dashboard\DashboardController->getAchievement()
#2 C:\xampp_new\htdocs\cms-siswa\system\CodeIgniter.php(400): CodeIgniter\CodeIgniter->runController(Object(App\Controllers\Admin\Dashboard\DashboardController))
#3 C:\xampp_new\htdocs\cms-siswa\system\CodeIgniter.php(308): CodeIgniter\CodeIgniter->handleRequest(NULL, Object(Config\Cache), false)
#4 C:\xampp_new\htdocs\cms-siswa\index.php(20): CodeIgniter\CodeIgniter->run()
#5 {main}
CRITICAL - 2021-02-04 18:15:36 --> Undefined variable: resultAchievement
#0 C:\xampp_new\htdocs\cms-siswa\app\Controllers\Admin\Dashboard\DashboardController.php(430): CodeIgniter\Debug\Exceptions->errorHandler(8, 'Undefined varia...', 'C:\\xampp_new\\ht...', 430, Array)
#1 C:\xampp_new\htdocs\cms-siswa\system\CodeIgniter.php(914): App\Controllers\Admin\Dashboard\DashboardController->getAchievement()
#2 C:\xampp_new\htdocs\cms-siswa\system\CodeIgniter.php(400): CodeIgniter\CodeIgniter->runController(Object(App\Controllers\Admin\Dashboard\DashboardController))
#3 C:\xampp_new\htdocs\cms-siswa\system\CodeIgniter.php(308): CodeIgniter\CodeIgniter->handleRequest(NULL, Object(Config\Cache), false)
#4 C:\xampp_new\htdocs\cms-siswa\index.php(20): CodeIgniter\CodeIgniter->run()
#5 {main}
CRITICAL - 2021-02-04 18:15:46 --> Undefined variable: resultAchievement
#0 C:\xampp_new\htdocs\cms-siswa\app\Controllers\Admin\Dashboard\DashboardController.php(430): CodeIgniter\Debug\Exceptions->errorHandler(8, 'Undefined varia...', 'C:\\xampp_new\\ht...', 430, Array)
#1 C:\xampp_new\htdocs\cms-siswa\system\CodeIgniter.php(914): App\Controllers\Admin\Dashboard\DashboardController->getAchievement()
#2 C:\xampp_new\htdocs\cms-siswa\system\CodeIgniter.php(400): CodeIgniter\CodeIgniter->runController(Object(App\Controllers\Admin\Dashboard\DashboardController))
#3 C:\xampp_new\htdocs\cms-siswa\system\CodeIgniter.php(308): CodeIgniter\CodeIgniter->handleRequest(NULL, Object(Config\Cache), false)
#4 C:\xampp_new\htdocs\cms-siswa\index.php(20): CodeIgniter\CodeIgniter->run()
#5 {main}
CRITICAL - 2021-02-04 18:16:20 --> Undefined variable: resultAchievement
#0 C:\xampp_new\htdocs\cms-siswa\app\Controllers\Admin\Dashboard\DashboardController.php(430): CodeIgniter\Debug\Exceptions->errorHandler(8, 'Undefined varia...', 'C:\\xampp_new\\ht...', 430, Array)
#1 C:\xampp_new\htdocs\cms-siswa\system\CodeIgniter.php(914): App\Controllers\Admin\Dashboard\DashboardController->getAchievement()
#2 C:\xampp_new\htdocs\cms-siswa\system\CodeIgniter.php(400): CodeIgniter\CodeIgniter->runController(Object(App\Controllers\Admin\Dashboard\DashboardController))
#3 C:\xampp_new\htdocs\cms-siswa\system\CodeIgniter.php(308): CodeIgniter\CodeIgniter->handleRequest(NULL, Object(Config\Cache), false)
#4 C:\xampp_new\htdocs\cms-siswa\index.php(20): CodeIgniter\CodeIgniter->run()
#5 {main}
CRITICAL - 2021-02-04 18:18:00 --> Undefined variable: resultAchievement
#0 C:\xampp_new\htdocs\cms-siswa\app\Controllers\Admin\Dashboard\DashboardController.php(430): CodeIgniter\Debug\Exceptions->errorHandler(8, 'Undefined varia...', 'C:\\xampp_new\\ht...', 430, Array)
#1 C:\xampp_new\htdocs\cms-siswa\system\CodeIgniter.php(914): App\Controllers\Admin\Dashboard\DashboardController->getAchievement()
#2 C:\xampp_new\htdocs\cms-siswa\system\CodeIgniter.php(400): CodeIgniter\CodeIgniter->runController(Object(App\Controllers\Admin\Dashboard\DashboardController))
#3 C:\xampp_new\htdocs\cms-siswa\system\CodeIgniter.php(308): CodeIgniter\CodeIgniter->handleRequest(NULL, Object(Config\Cache), false)
#4 C:\xampp_new\htdocs\cms-siswa\index.php(20): CodeIgniter\CodeIgniter->run()
#5 {main}
