CRITICAL - 2020-07-26 08:36:29 --> count(): Parameter must be an array or an object that implements Countable
#0 [internal function]: CodeIgniter\Debug\Exceptions->errorHandler(2, 'count(): Parame...', 'C:\\xampp\\htdocs...', 39, Array)
#1 C:\xampp\htdocs\cms_ci4_gitlab\app\Controllers\Admin\Transaction\Transaction.php(39): count(NULL)
#2 C:\xampp\htdocs\cms_ci4_gitlab\system\CodeIgniter.php(914): App\Controllers\Admin\Transaction\Transaction->periode()
#3 C:\xampp\htdocs\cms_ci4_gitlab\system\CodeIgniter.php(400): CodeIgniter\CodeIgniter->runController(Object(App\Controllers\Admin\Transaction\Transaction))
#4 C:\xampp\htdocs\cms_ci4_gitlab\system\CodeIgniter.php(308): CodeIgniter\CodeIgniter->handleRequest(NULL, Object(Config\Cache), false)
#5 C:\xampp\htdocs\cms_ci4_gitlab\index.php(45): CodeIgniter\CodeIgniter->run()
#6 {main}
CRITICAL - 2020-07-26 22:06:38 --> count(): Parameter must be an array or an object that implements Countable
#0 [internal function]: CodeIgniter\Debug\Exceptions->errorHandler(2, 'count(): Parame...', 'C:\\xampp\\htdocs...', 39, Array)
#1 C:\xampp\htdocs\cms_ci4_gitlab\app\Controllers\Admin\Transaction\Transaction.php(39): count(NULL)
#2 C:\xampp\htdocs\cms_ci4_gitlab\system\CodeIgniter.php(914): App\Controllers\Admin\Transaction\Transaction->periode()
#3 C:\xampp\htdocs\cms_ci4_gitlab\system\CodeIgniter.php(400): CodeIgniter\CodeIgniter->runController(Object(App\Controllers\Admin\Transaction\Transaction))
#4 C:\xampp\htdocs\cms_ci4_gitlab\system\CodeIgniter.php(308): CodeIgniter\CodeIgniter->handleRequest(NULL, Object(Config\Cache), false)
#5 C:\xampp\htdocs\cms_ci4_gitlab\index.php(45): CodeIgniter\CodeIgniter->run()
#6 {main}
CRITICAL - 2020-07-26 22:16:27 --> Undefined property: stdClass::$items
#0 C:\xampp\htdocs\cms_ci4_gitlab\app\Views\transaction\index.php(78): CodeIgniter\Debug\Exceptions->errorHandler(8, 'Undefined prope...', 'C:\\xampp\\htdocs...', 78, Array)
#1 C:\xampp\htdocs\cms_ci4_gitlab\system\View\View.php(246): include('C:\\xampp\\htdocs...')
#2 C:\xampp\htdocs\cms_ci4_gitlab\system\Common.php(1087): CodeIgniter\View\View->render('transaction/ind...', Array, true)
#3 C:\xampp\htdocs\cms_ci4_gitlab\app\Controllers\Admin\Transaction\Transaction.php(19): view('transaction/ind...', Array)
#4 C:\xampp\htdocs\cms_ci4_gitlab\system\CodeIgniter.php(914): App\Controllers\Admin\Transaction\Transaction->index()
#5 C:\xampp\htdocs\cms_ci4_gitlab\system\CodeIgniter.php(400): CodeIgniter\CodeIgniter->runController(Object(App\Controllers\Admin\Transaction\Transaction))
#6 C:\xampp\htdocs\cms_ci4_gitlab\system\CodeIgniter.php(308): CodeIgniter\CodeIgniter->handleRequest(NULL, Object(Config\Cache), false)
#7 C:\xampp\htdocs\cms_ci4_gitlab\index.php(45): CodeIgniter\CodeIgniter->run()
#8 {main}
CRITICAL - 2020-07-26 22:17:21 --> count(): Parameter must be an array or an object that implements Countable
#0 [internal function]: CodeIgniter\Debug\Exceptions->errorHandler(2, 'count(): Parame...', 'C:\\xampp\\htdocs...', 39, Array)
#1 C:\xampp\htdocs\cms_ci4_gitlab\app\Controllers\Admin\Transaction\Transaction.php(39): count(NULL)
#2 C:\xampp\htdocs\cms_ci4_gitlab\system\CodeIgniter.php(914): App\Controllers\Admin\Transaction\Transaction->periode()
#3 C:\xampp\htdocs\cms_ci4_gitlab\system\CodeIgniter.php(400): CodeIgniter\CodeIgniter->runController(Object(App\Controllers\Admin\Transaction\Transaction))
#4 C:\xampp\htdocs\cms_ci4_gitlab\system\CodeIgniter.php(308): CodeIgniter\CodeIgniter->handleRequest(NULL, Object(Config\Cache), false)
#5 C:\xampp\htdocs\cms_ci4_gitlab\index.php(45): CodeIgniter\CodeIgniter->run()
#6 {main}
CRITICAL - 2020-07-26 22:19:48 --> count(): Parameter must be an array or an object that implements Countable
#0 [internal function]: CodeIgniter\Debug\Exceptions->errorHandler(2, 'count(): Parame...', 'C:\\xampp\\htdocs...', 39, Array)
#1 C:\xampp\htdocs\cms_ci4_gitlab\app\Controllers\Admin\Transaction\Transaction.php(39): count(NULL)
#2 C:\xampp\htdocs\cms_ci4_gitlab\system\CodeIgniter.php(914): App\Controllers\Admin\Transaction\Transaction->periode()
#3 C:\xampp\htdocs\cms_ci4_gitlab\system\CodeIgniter.php(400): CodeIgniter\CodeIgniter->runController(Object(App\Controllers\Admin\Transaction\Transaction))
#4 C:\xampp\htdocs\cms_ci4_gitlab\system\CodeIgniter.php(308): CodeIgniter\CodeIgniter->handleRequest(NULL, Object(Config\Cache), false)
#5 C:\xampp\htdocs\cms_ci4_gitlab\index.php(45): CodeIgniter\CodeIgniter->run()
#6 {main}
CRITICAL - 2020-07-26 22:27:17 --> count(): Parameter must be an array or an object that implements Countable
#0 [internal function]: CodeIgniter\Debug\Exceptions->errorHandler(2, 'count(): Parame...', 'C:\\xampp\\htdocs...', 39, Array)
#1 C:\xampp\htdocs\cms_ci4_gitlab\app\Controllers\Admin\Transaction\Transaction.php(39): count(NULL)
#2 C:\xampp\htdocs\cms_ci4_gitlab\system\CodeIgniter.php(914): App\Controllers\Admin\Transaction\Transaction->periode()
#3 C:\xampp\htdocs\cms_ci4_gitlab\system\CodeIgniter.php(400): CodeIgniter\CodeIgniter->runController(Object(App\Controllers\Admin\Transaction\Transaction))
#4 C:\xampp\htdocs\cms_ci4_gitlab\system\CodeIgniter.php(308): CodeIgniter\CodeIgniter->handleRequest(NULL, Object(Config\Cache), false)
#5 C:\xampp\htdocs\cms_ci4_gitlab\index.php(45): CodeIgniter\CodeIgniter->run()
#6 {main}
