CRITICAL - 2020-07-23 00:21:02 --> count(): Parameter must be an array or an object that implements Countable
#0 [internal function]: CodeIgniter\Debug\Exceptions->errorHandler(2, 'count(): Parame...', 'C:\\xampp\\htdocs...', 37, Array)
#1 C:\xampp\htdocs\cms_ci4_gitlab\app\Controllers\Admin\Transaction\Transaction.php(37): count(NULL)
#2 C:\xampp\htdocs\cms_ci4_gitlab\system\CodeIgniter.php(914): App\Controllers\Admin\Transaction\Transaction->periode()
#3 C:\xampp\htdocs\cms_ci4_gitlab\system\CodeIgniter.php(400): CodeIgniter\CodeIgniter->runController(Object(App\Controllers\Admin\Transaction\Transaction))
#4 C:\xampp\htdocs\cms_ci4_gitlab\system\CodeIgniter.php(308): CodeIgniter\CodeIgniter->handleRequest(NULL, Object(Config\Cache), false)
#5 C:\xampp\htdocs\cms_ci4_gitlab\index.php(45): CodeIgniter\CodeIgniter->run()
#6 {main}
CRITICAL - 2020-07-23 00:32:25 --> count(): Parameter must be an array or an object that implements Countable
#0 [internal function]: CodeIgniter\Debug\Exceptions->errorHandler(2, 'count(): Parame...', 'C:\\xampp\\htdocs...', 37, Array)
#1 C:\xampp\htdocs\cms_ci4_gitlab\app\Controllers\Admin\Transaction\Transaction.php(37): count(NULL)
#2 C:\xampp\htdocs\cms_ci4_gitlab\system\CodeIgniter.php(914): App\Controllers\Admin\Transaction\Transaction->periode()
#3 C:\xampp\htdocs\cms_ci4_gitlab\system\CodeIgniter.php(400): CodeIgniter\CodeIgniter->runController(Object(App\Controllers\Admin\Transaction\Transaction))
#4 C:\xampp\htdocs\cms_ci4_gitlab\system\CodeIgniter.php(308): CodeIgniter\CodeIgniter->handleRequest(NULL, Object(Config\Cache), false)
#5 C:\xampp\htdocs\cms_ci4_gitlab\index.php(45): CodeIgniter\CodeIgniter->run()
#6 {main}
CRITICAL - 2020-07-23 00:42:43 --> syntax error, unexpected '[', expecting '('
#0 C:\xampp\htdocs\cms_ci4_gitlab\system\Autoloader\Autoloader.php(296): CodeIgniter\Autoloader\Autoloader->requireFile('C:\\xampp\\htdocs...')
#1 C:\xampp\htdocs\cms_ci4_gitlab\system\Autoloader\Autoloader.php(258): CodeIgniter\Autoloader\Autoloader->loadInNamespace('App\\Controllers...')
#2 [internal function]: CodeIgniter\Autoloader\Autoloader->loadClass('App\\Controllers...')
#3 [internal function]: spl_autoload_call('App\\Controllers...')
#4 C:\xampp\htdocs\cms_ci4_gitlab\system\CodeIgniter.php(865): class_exists('\\App\\Controller...', true)
#5 C:\xampp\htdocs\cms_ci4_gitlab\system\CodeIgniter.php(390): CodeIgniter\CodeIgniter->startController()
#6 C:\xampp\htdocs\cms_ci4_gitlab\system\CodeIgniter.php(308): CodeIgniter\CodeIgniter->handleRequest(NULL, Object(Config\Cache), false)
#7 C:\xampp\htdocs\cms_ci4_gitlab\index.php(45): CodeIgniter\CodeIgniter->run()
#8 {main}
CRITICAL - 2020-07-23 01:55:29 --> count(): Parameter must be an array or an object that implements Countable
#0 [internal function]: CodeIgniter\Debug\Exceptions->errorHandler(2, 'count(): Parame...', 'C:\\xampp\\htdocs...', 37, Array)
#1 C:\xampp\htdocs\cms_ci4_gitlab\app\Controllers\Admin\Transaction\Transaction.php(37): count(NULL)
#2 C:\xampp\htdocs\cms_ci4_gitlab\system\CodeIgniter.php(914): App\Controllers\Admin\Transaction\Transaction->periode()
#3 C:\xampp\htdocs\cms_ci4_gitlab\system\CodeIgniter.php(400): CodeIgniter\CodeIgniter->runController(Object(App\Controllers\Admin\Transaction\Transaction))
#4 C:\xampp\htdocs\cms_ci4_gitlab\system\CodeIgniter.php(308): CodeIgniter\CodeIgniter->handleRequest(NULL, Object(Config\Cache), false)
#5 C:\xampp\htdocs\cms_ci4_gitlab\index.php(45): CodeIgniter\CodeIgniter->run()
#6 {main}
CRITICAL - 2020-07-23 01:55:44 --> count(): Parameter must be an array or an object that implements Countable
#0 [internal function]: CodeIgniter\Debug\Exceptions->errorHandler(2, 'count(): Parame...', 'C:\\xampp\\htdocs...', 37, Array)
#1 C:\xampp\htdocs\cms_ci4_gitlab\app\Controllers\Admin\Transaction\Transaction.php(37): count(NULL)
#2 C:\xampp\htdocs\cms_ci4_gitlab\system\CodeIgniter.php(914): App\Controllers\Admin\Transaction\Transaction->periode()
#3 C:\xampp\htdocs\cms_ci4_gitlab\system\CodeIgniter.php(400): CodeIgniter\CodeIgniter->runController(Object(App\Controllers\Admin\Transaction\Transaction))
#4 C:\xampp\htdocs\cms_ci4_gitlab\system\CodeIgniter.php(308): CodeIgniter\CodeIgniter->handleRequest(NULL, Object(Config\Cache), false)
#5 C:\xampp\htdocs\cms_ci4_gitlab\index.php(45): CodeIgniter\CodeIgniter->run()
#6 {main}
CRITICAL - 2020-07-23 01:55:48 --> count(): Parameter must be an array or an object that implements Countable
#0 [internal function]: CodeIgniter\Debug\Exceptions->errorHandler(2, 'count(): Parame...', 'C:\\xampp\\htdocs...', 37, Array)
#1 C:\xampp\htdocs\cms_ci4_gitlab\app\Controllers\Admin\Transaction\Transaction.php(37): count(NULL)
#2 C:\xampp\htdocs\cms_ci4_gitlab\system\CodeIgniter.php(914): App\Controllers\Admin\Transaction\Transaction->periode()
#3 C:\xampp\htdocs\cms_ci4_gitlab\system\CodeIgniter.php(400): CodeIgniter\CodeIgniter->runController(Object(App\Controllers\Admin\Transaction\Transaction))
#4 C:\xampp\htdocs\cms_ci4_gitlab\system\CodeIgniter.php(308): CodeIgniter\CodeIgniter->handleRequest(NULL, Object(Config\Cache), false)
#5 C:\xampp\htdocs\cms_ci4_gitlab\index.php(45): CodeIgniter\CodeIgniter->run()
#6 {main}
CRITICAL - 2020-07-23 01:57:14 --> count(): Parameter must be an array or an object that implements Countable
#0 [internal function]: CodeIgniter\Debug\Exceptions->errorHandler(2, 'count(): Parame...', 'C:\\xampp\\htdocs...', 37, Array)
#1 C:\xampp\htdocs\cms_ci4_gitlab\app\Controllers\Admin\Transaction\Transaction.php(37): count(NULL)
#2 C:\xampp\htdocs\cms_ci4_gitlab\system\CodeIgniter.php(914): App\Controllers\Admin\Transaction\Transaction->periode()
#3 C:\xampp\htdocs\cms_ci4_gitlab\system\CodeIgniter.php(400): CodeIgniter\CodeIgniter->runController(Object(App\Controllers\Admin\Transaction\Transaction))
#4 C:\xampp\htdocs\cms_ci4_gitlab\system\CodeIgniter.php(308): CodeIgniter\CodeIgniter->handleRequest(NULL, Object(Config\Cache), false)
#5 C:\xampp\htdocs\cms_ci4_gitlab\index.php(45): CodeIgniter\CodeIgniter->run()
#6 {main}
CRITICAL - 2020-07-23 01:57:36 --> count(): Parameter must be an array or an object that implements Countable
#0 [internal function]: CodeIgniter\Debug\Exceptions->errorHandler(2, 'count(): Parame...', 'C:\\xampp\\htdocs...', 37, Array)
#1 C:\xampp\htdocs\cms_ci4_gitlab\app\Controllers\Admin\Transaction\Transaction.php(37): count(NULL)
#2 C:\xampp\htdocs\cms_ci4_gitlab\system\CodeIgniter.php(914): App\Controllers\Admin\Transaction\Transaction->periode()
#3 C:\xampp\htdocs\cms_ci4_gitlab\system\CodeIgniter.php(400): CodeIgniter\CodeIgniter->runController(Object(App\Controllers\Admin\Transaction\Transaction))
#4 C:\xampp\htdocs\cms_ci4_gitlab\system\CodeIgniter.php(308): CodeIgniter\CodeIgniter->handleRequest(NULL, Object(Config\Cache), false)
#5 C:\xampp\htdocs\cms_ci4_gitlab\index.php(45): CodeIgniter\CodeIgniter->run()
#6 {main}
CRITICAL - 2020-07-23 01:57:58 --> count(): Parameter must be an array or an object that implements Countable
#0 [internal function]: CodeIgniter\Debug\Exceptions->errorHandler(2, 'count(): Parame...', 'C:\\xampp\\htdocs...', 37, Array)
#1 C:\xampp\htdocs\cms_ci4_gitlab\app\Controllers\Admin\Transaction\Transaction.php(37): count(NULL)
#2 C:\xampp\htdocs\cms_ci4_gitlab\system\CodeIgniter.php(914): App\Controllers\Admin\Transaction\Transaction->periode()
#3 C:\xampp\htdocs\cms_ci4_gitlab\system\CodeIgniter.php(400): CodeIgniter\CodeIgniter->runController(Object(App\Controllers\Admin\Transaction\Transaction))
#4 C:\xampp\htdocs\cms_ci4_gitlab\system\CodeIgniter.php(308): CodeIgniter\CodeIgniter->handleRequest(NULL, Object(Config\Cache), false)
#5 C:\xampp\htdocs\cms_ci4_gitlab\index.php(45): CodeIgniter\CodeIgniter->run()
#6 {main}
CRITICAL - 2020-07-23 01:58:35 --> count(): Parameter must be an array or an object that implements Countable
#0 [internal function]: CodeIgniter\Debug\Exceptions->errorHandler(2, 'count(): Parame...', 'C:\\xampp\\htdocs...', 37, Array)
#1 C:\xampp\htdocs\cms_ci4_gitlab\app\Controllers\Admin\Transaction\Transaction.php(37): count(NULL)
#2 C:\xampp\htdocs\cms_ci4_gitlab\system\CodeIgniter.php(914): App\Controllers\Admin\Transaction\Transaction->periode()
#3 C:\xampp\htdocs\cms_ci4_gitlab\system\CodeIgniter.php(400): CodeIgniter\CodeIgniter->runController(Object(App\Controllers\Admin\Transaction\Transaction))
#4 C:\xampp\htdocs\cms_ci4_gitlab\system\CodeIgniter.php(308): CodeIgniter\CodeIgniter->handleRequest(NULL, Object(Config\Cache), false)
#5 C:\xampp\htdocs\cms_ci4_gitlab\index.php(45): CodeIgniter\CodeIgniter->run()
#6 {main}
CRITICAL - 2020-07-23 01:58:57 --> count(): Parameter must be an array or an object that implements Countable
#0 [internal function]: CodeIgniter\Debug\Exceptions->errorHandler(2, 'count(): Parame...', 'C:\\xampp\\htdocs...', 37, Array)
#1 C:\xampp\htdocs\cms_ci4_gitlab\app\Controllers\Admin\Transaction\Transaction.php(37): count(NULL)
#2 C:\xampp\htdocs\cms_ci4_gitlab\system\CodeIgniter.php(914): App\Controllers\Admin\Transaction\Transaction->periode()
#3 C:\xampp\htdocs\cms_ci4_gitlab\system\CodeIgniter.php(400): CodeIgniter\CodeIgniter->runController(Object(App\Controllers\Admin\Transaction\Transaction))
#4 C:\xampp\htdocs\cms_ci4_gitlab\system\CodeIgniter.php(308): CodeIgniter\CodeIgniter->handleRequest(NULL, Object(Config\Cache), false)
#5 C:\xampp\htdocs\cms_ci4_gitlab\index.php(45): CodeIgniter\CodeIgniter->run()
#6 {main}
CRITICAL - 2020-07-23 02:06:10 --> count(): Parameter must be an array or an object that implements Countable
#0 [internal function]: CodeIgniter\Debug\Exceptions->errorHandler(2, 'count(): Parame...', 'C:\\xampp\\htdocs...', 37, Array)
#1 C:\xampp\htdocs\cms_ci4_gitlab\app\Controllers\Admin\Transaction\Transaction.php(37): count(NULL)
#2 C:\xampp\htdocs\cms_ci4_gitlab\system\CodeIgniter.php(914): App\Controllers\Admin\Transaction\Transaction->periode()
#3 C:\xampp\htdocs\cms_ci4_gitlab\system\CodeIgniter.php(400): CodeIgniter\CodeIgniter->runController(Object(App\Controllers\Admin\Transaction\Transaction))
#4 C:\xampp\htdocs\cms_ci4_gitlab\system\CodeIgniter.php(308): CodeIgniter\CodeIgniter->handleRequest(NULL, Object(Config\Cache), false)
#5 C:\xampp\htdocs\cms_ci4_gitlab\index.php(45): CodeIgniter\CodeIgniter->run()
#6 {main}
CRITICAL - 2020-07-23 02:07:45 --> count(): Parameter must be an array or an object that implements Countable
#0 [internal function]: CodeIgniter\Debug\Exceptions->errorHandler(2, 'count(): Parame...', 'C:\\xampp\\htdocs...', 37, Array)
#1 C:\xampp\htdocs\cms_ci4_gitlab\app\Controllers\Admin\Transaction\Transaction.php(37): count(NULL)
#2 C:\xampp\htdocs\cms_ci4_gitlab\system\CodeIgniter.php(914): App\Controllers\Admin\Transaction\Transaction->periode()
#3 C:\xampp\htdocs\cms_ci4_gitlab\system\CodeIgniter.php(400): CodeIgniter\CodeIgniter->runController(Object(App\Controllers\Admin\Transaction\Transaction))
#4 C:\xampp\htdocs\cms_ci4_gitlab\system\CodeIgniter.php(308): CodeIgniter\CodeIgniter->handleRequest(NULL, Object(Config\Cache), false)
#5 C:\xampp\htdocs\cms_ci4_gitlab\index.php(45): CodeIgniter\CodeIgniter->run()
#6 {main}
CRITICAL - 2020-07-23 02:12:42 --> count(): Parameter must be an array or an object that implements Countable
#0 [internal function]: CodeIgniter\Debug\Exceptions->errorHandler(2, 'count(): Parame...', 'C:\\xampp\\htdocs...', 37, Array)
#1 C:\xampp\htdocs\cms_ci4_gitlab\app\Controllers\Admin\Transaction\Transaction.php(37): count(NULL)
#2 C:\xampp\htdocs\cms_ci4_gitlab\system\CodeIgniter.php(914): App\Controllers\Admin\Transaction\Transaction->periode()
#3 C:\xampp\htdocs\cms_ci4_gitlab\system\CodeIgniter.php(400): CodeIgniter\CodeIgniter->runController(Object(App\Controllers\Admin\Transaction\Transaction))
#4 C:\xampp\htdocs\cms_ci4_gitlab\system\CodeIgniter.php(308): CodeIgniter\CodeIgniter->handleRequest(NULL, Object(Config\Cache), false)
#5 C:\xampp\htdocs\cms_ci4_gitlab\index.php(45): CodeIgniter\CodeIgniter->run()
#6 {main}
CRITICAL - 2020-07-23 02:13:15 --> count(): Parameter must be an array or an object that implements Countable
#0 [internal function]: CodeIgniter\Debug\Exceptions->errorHandler(2, 'count(): Parame...', 'C:\\xampp\\htdocs...', 37, Array)
#1 C:\xampp\htdocs\cms_ci4_gitlab\app\Controllers\Admin\Transaction\Transaction.php(37): count(NULL)
#2 C:\xampp\htdocs\cms_ci4_gitlab\system\CodeIgniter.php(914): App\Controllers\Admin\Transaction\Transaction->periode()
#3 C:\xampp\htdocs\cms_ci4_gitlab\system\CodeIgniter.php(400): CodeIgniter\CodeIgniter->runController(Object(App\Controllers\Admin\Transaction\Transaction))
#4 C:\xampp\htdocs\cms_ci4_gitlab\system\CodeIgniter.php(308): CodeIgniter\CodeIgniter->handleRequest(NULL, Object(Config\Cache), false)
#5 C:\xampp\htdocs\cms_ci4_gitlab\index.php(45): CodeIgniter\CodeIgniter->run()
#6 {main}
CRITICAL - 2020-07-23 02:13:46 --> count(): Parameter must be an array or an object that implements Countable
#0 [internal function]: CodeIgniter\Debug\Exceptions->errorHandler(2, 'count(): Parame...', 'C:\\xampp\\htdocs...', 37, Array)
#1 C:\xampp\htdocs\cms_ci4_gitlab\app\Controllers\Admin\Transaction\Transaction.php(37): count(NULL)
#2 C:\xampp\htdocs\cms_ci4_gitlab\system\CodeIgniter.php(914): App\Controllers\Admin\Transaction\Transaction->periode()
#3 C:\xampp\htdocs\cms_ci4_gitlab\system\CodeIgniter.php(400): CodeIgniter\CodeIgniter->runController(Object(App\Controllers\Admin\Transaction\Transaction))
#4 C:\xampp\htdocs\cms_ci4_gitlab\system\CodeIgniter.php(308): CodeIgniter\CodeIgniter->handleRequest(NULL, Object(Config\Cache), false)
#5 C:\xampp\htdocs\cms_ci4_gitlab\index.php(45): CodeIgniter\CodeIgniter->run()
#6 {main}
CRITICAL - 2020-07-23 02:20:01 --> count(): Parameter must be an array or an object that implements Countable
#0 [internal function]: CodeIgniter\Debug\Exceptions->errorHandler(2, 'count(): Parame...', 'C:\\xampp\\htdocs...', 37, Array)
#1 C:\xampp\htdocs\cms_ci4_gitlab\app\Controllers\Admin\Transaction\Transaction.php(37): count(NULL)
#2 C:\xampp\htdocs\cms_ci4_gitlab\system\CodeIgniter.php(914): App\Controllers\Admin\Transaction\Transaction->periode()
#3 C:\xampp\htdocs\cms_ci4_gitlab\system\CodeIgniter.php(400): CodeIgniter\CodeIgniter->runController(Object(App\Controllers\Admin\Transaction\Transaction))
#4 C:\xampp\htdocs\cms_ci4_gitlab\system\CodeIgniter.php(308): CodeIgniter\CodeIgniter->handleRequest(NULL, Object(Config\Cache), false)
#5 C:\xampp\htdocs\cms_ci4_gitlab\index.php(45): CodeIgniter\CodeIgniter->run()
#6 {main}
CRITICAL - 2020-07-23 02:20:26 --> count(): Parameter must be an array or an object that implements Countable
#0 [internal function]: CodeIgniter\Debug\Exceptions->errorHandler(2, 'count(): Parame...', 'C:\\xampp\\htdocs...', 37, Array)
#1 C:\xampp\htdocs\cms_ci4_gitlab\app\Controllers\Admin\Transaction\Transaction.php(37): count(NULL)
#2 C:\xampp\htdocs\cms_ci4_gitlab\system\CodeIgniter.php(914): App\Controllers\Admin\Transaction\Transaction->periode()
#3 C:\xampp\htdocs\cms_ci4_gitlab\system\CodeIgniter.php(400): CodeIgniter\CodeIgniter->runController(Object(App\Controllers\Admin\Transaction\Transaction))
#4 C:\xampp\htdocs\cms_ci4_gitlab\system\CodeIgniter.php(308): CodeIgniter\CodeIgniter->handleRequest(NULL, Object(Config\Cache), false)
#5 C:\xampp\htdocs\cms_ci4_gitlab\index.php(45): CodeIgniter\CodeIgniter->run()
#6 {main}
CRITICAL - 2020-07-23 02:24:13 --> count(): Parameter must be an array or an object that implements Countable
#0 [internal function]: CodeIgniter\Debug\Exceptions->errorHandler(2, 'count(): Parame...', 'C:\\xampp\\htdocs...', 37, Array)
#1 C:\xampp\htdocs\cms_ci4_gitlab\app\Controllers\Admin\Transaction\Transaction.php(37): count(NULL)
#2 C:\xampp\htdocs\cms_ci4_gitlab\system\CodeIgniter.php(914): App\Controllers\Admin\Transaction\Transaction->periode()
#3 C:\xampp\htdocs\cms_ci4_gitlab\system\CodeIgniter.php(400): CodeIgniter\CodeIgniter->runController(Object(App\Controllers\Admin\Transaction\Transaction))
#4 C:\xampp\htdocs\cms_ci4_gitlab\system\CodeIgniter.php(308): CodeIgniter\CodeIgniter->handleRequest(NULL, Object(Config\Cache), false)
#5 C:\xampp\htdocs\cms_ci4_gitlab\index.php(45): CodeIgniter\CodeIgniter->run()
#6 {main}
CRITICAL - 2020-07-23 02:25:14 --> count(): Parameter must be an array or an object that implements Countable
#0 [internal function]: CodeIgniter\Debug\Exceptions->errorHandler(2, 'count(): Parame...', 'C:\\xampp\\htdocs...', 37, Array)
#1 C:\xampp\htdocs\cms_ci4_gitlab\app\Controllers\Admin\Transaction\Transaction.php(37): count(NULL)
#2 C:\xampp\htdocs\cms_ci4_gitlab\system\CodeIgniter.php(914): App\Controllers\Admin\Transaction\Transaction->periode()
#3 C:\xampp\htdocs\cms_ci4_gitlab\system\CodeIgniter.php(400): CodeIgniter\CodeIgniter->runController(Object(App\Controllers\Admin\Transaction\Transaction))
#4 C:\xampp\htdocs\cms_ci4_gitlab\system\CodeIgniter.php(308): CodeIgniter\CodeIgniter->handleRequest(NULL, Object(Config\Cache), false)
#5 C:\xampp\htdocs\cms_ci4_gitlab\index.php(45): CodeIgniter\CodeIgniter->run()
#6 {main}
CRITICAL - 2020-07-23 02:29:32 --> count(): Parameter must be an array or an object that implements Countable
#0 [internal function]: CodeIgniter\Debug\Exceptions->errorHandler(2, 'count(): Parame...', 'C:\\xampp\\htdocs...', 37, Array)
#1 C:\xampp\htdocs\cms_ci4_gitlab\app\Controllers\Admin\Transaction\Transaction.php(37): count(NULL)
#2 C:\xampp\htdocs\cms_ci4_gitlab\system\CodeIgniter.php(914): App\Controllers\Admin\Transaction\Transaction->periode()
#3 C:\xampp\htdocs\cms_ci4_gitlab\system\CodeIgniter.php(400): CodeIgniter\CodeIgniter->runController(Object(App\Controllers\Admin\Transaction\Transaction))
#4 C:\xampp\htdocs\cms_ci4_gitlab\system\CodeIgniter.php(308): CodeIgniter\CodeIgniter->handleRequest(NULL, Object(Config\Cache), false)
#5 C:\xampp\htdocs\cms_ci4_gitlab\index.php(45): CodeIgniter\CodeIgniter->run()
#6 {main}
CRITICAL - 2020-07-23 02:30:18 --> count(): Parameter must be an array or an object that implements Countable
#0 [internal function]: CodeIgniter\Debug\Exceptions->errorHandler(2, 'count(): Parame...', 'C:\\xampp\\htdocs...', 37, Array)
#1 C:\xampp\htdocs\cms_ci4_gitlab\app\Controllers\Admin\Transaction\Transaction.php(37): count(NULL)
#2 C:\xampp\htdocs\cms_ci4_gitlab\system\CodeIgniter.php(914): App\Controllers\Admin\Transaction\Transaction->periode()
#3 C:\xampp\htdocs\cms_ci4_gitlab\system\CodeIgniter.php(400): CodeIgniter\CodeIgniter->runController(Object(App\Controllers\Admin\Transaction\Transaction))
#4 C:\xampp\htdocs\cms_ci4_gitlab\system\CodeIgniter.php(308): CodeIgniter\CodeIgniter->handleRequest(NULL, Object(Config\Cache), false)
#5 C:\xampp\htdocs\cms_ci4_gitlab\index.php(45): CodeIgniter\CodeIgniter->run()
#6 {main}
CRITICAL - 2020-07-23 02:49:50 --> count(): Parameter must be an array or an object that implements Countable
#0 [internal function]: CodeIgniter\Debug\Exceptions->errorHandler(2, 'count(): Parame...', 'C:\\xampp\\htdocs...', 37, Array)
#1 C:\xampp\htdocs\cms_ci4_gitlab\app\Controllers\Admin\Transaction\Transaction.php(37): count(NULL)
#2 C:\xampp\htdocs\cms_ci4_gitlab\system\CodeIgniter.php(914): App\Controllers\Admin\Transaction\Transaction->periode()
#3 C:\xampp\htdocs\cms_ci4_gitlab\system\CodeIgniter.php(400): CodeIgniter\CodeIgniter->runController(Object(App\Controllers\Admin\Transaction\Transaction))
#4 C:\xampp\htdocs\cms_ci4_gitlab\system\CodeIgniter.php(308): CodeIgniter\CodeIgniter->handleRequest(NULL, Object(Config\Cache), false)
#5 C:\xampp\htdocs\cms_ci4_gitlab\index.php(45): CodeIgniter\CodeIgniter->run()
#6 {main}
CRITICAL - 2020-07-23 02:52:36 --> count(): Parameter must be an array or an object that implements Countable
#0 [internal function]: CodeIgniter\Debug\Exceptions->errorHandler(2, 'count(): Parame...', 'C:\\xampp\\htdocs...', 37, Array)
#1 C:\xampp\htdocs\cms_ci4_gitlab\app\Controllers\Admin\Transaction\Transaction.php(37): count(NULL)
#2 C:\xampp\htdocs\cms_ci4_gitlab\system\CodeIgniter.php(914): App\Controllers\Admin\Transaction\Transaction->periode()
#3 C:\xampp\htdocs\cms_ci4_gitlab\system\CodeIgniter.php(400): CodeIgniter\CodeIgniter->runController(Object(App\Controllers\Admin\Transaction\Transaction))
#4 C:\xampp\htdocs\cms_ci4_gitlab\system\CodeIgniter.php(308): CodeIgniter\CodeIgniter->handleRequest(NULL, Object(Config\Cache), false)
#5 C:\xampp\htdocs\cms_ci4_gitlab\index.php(45): CodeIgniter\CodeIgniter->run()
#6 {main}
CRITICAL - 2020-07-23 03:03:07 --> Undefined variable: result1
#0 C:\xampp\htdocs\cms_ci4_gitlab\app\Views\transaction\index.php(56): CodeIgniter\Debug\Exceptions->errorHandler(8, 'Undefined varia...', 'C:\\xampp\\htdocs...', 56, Array)
#1 C:\xampp\htdocs\cms_ci4_gitlab\system\View\View.php(246): include('C:\\xampp\\htdocs...')
#2 C:\xampp\htdocs\cms_ci4_gitlab\system\Common.php(1087): CodeIgniter\View\View->render('transaction/ind...', Array, true)
#3 C:\xampp\htdocs\cms_ci4_gitlab\app\Controllers\Admin\Transaction\Transaction.php(18): view('transaction/ind...', Array)
#4 C:\xampp\htdocs\cms_ci4_gitlab\system\CodeIgniter.php(914): App\Controllers\Admin\Transaction\Transaction->index()
#5 C:\xampp\htdocs\cms_ci4_gitlab\system\CodeIgniter.php(400): CodeIgniter\CodeIgniter->runController(Object(App\Controllers\Admin\Transaction\Transaction))
#6 C:\xampp\htdocs\cms_ci4_gitlab\system\CodeIgniter.php(308): CodeIgniter\CodeIgniter->handleRequest(NULL, Object(Config\Cache), false)
#7 C:\xampp\htdocs\cms_ci4_gitlab\index.php(45): CodeIgniter\CodeIgniter->run()
#8 {main}
CRITICAL - 2020-07-23 03:03:27 --> Undefined variable: result
#0 C:\xampp\htdocs\cms_ci4_gitlab\app\Views\transaction\index.php(56): CodeIgniter\Debug\Exceptions->errorHandler(8, 'Undefined varia...', 'C:\\xampp\\htdocs...', 56, Array)
#1 C:\xampp\htdocs\cms_ci4_gitlab\system\View\View.php(246): include('C:\\xampp\\htdocs...')
#2 C:\xampp\htdocs\cms_ci4_gitlab\system\Common.php(1087): CodeIgniter\View\View->render('transaction/ind...', Array, true)
#3 C:\xampp\htdocs\cms_ci4_gitlab\app\Controllers\Admin\Transaction\Transaction.php(18): view('transaction/ind...', Array)
#4 C:\xampp\htdocs\cms_ci4_gitlab\system\CodeIgniter.php(914): App\Controllers\Admin\Transaction\Transaction->index()
#5 C:\xampp\htdocs\cms_ci4_gitlab\system\CodeIgniter.php(400): CodeIgniter\CodeIgniter->runController(Object(App\Controllers\Admin\Transaction\Transaction))
#6 C:\xampp\htdocs\cms_ci4_gitlab\system\CodeIgniter.php(308): CodeIgniter\CodeIgniter->handleRequest(NULL, Object(Config\Cache), false)
#7 C:\xampp\htdocs\cms_ci4_gitlab\index.php(45): CodeIgniter\CodeIgniter->run()
#8 {main}
CRITICAL - 2020-07-23 03:05:37 --> count(): Parameter must be an array or an object that implements Countable
#0 [internal function]: CodeIgniter\Debug\Exceptions->errorHandler(2, 'count(): Parame...', 'C:\\xampp\\htdocs...', 37, Array)
#1 C:\xampp\htdocs\cms_ci4_gitlab\app\Controllers\Admin\Transaction\Transaction.php(37): count(NULL)
#2 C:\xampp\htdocs\cms_ci4_gitlab\system\CodeIgniter.php(914): App\Controllers\Admin\Transaction\Transaction->periode()
#3 C:\xampp\htdocs\cms_ci4_gitlab\system\CodeIgniter.php(400): CodeIgniter\CodeIgniter->runController(Object(App\Controllers\Admin\Transaction\Transaction))
#4 C:\xampp\htdocs\cms_ci4_gitlab\system\CodeIgniter.php(308): CodeIgniter\CodeIgniter->handleRequest(NULL, Object(Config\Cache), false)
#5 C:\xampp\htdocs\cms_ci4_gitlab\index.php(45): CodeIgniter\CodeIgniter->run()
#6 {main}
CRITICAL - 2020-07-23 03:09:27 --> count(): Parameter must be an array or an object that implements Countable
#0 [internal function]: CodeIgniter\Debug\Exceptions->errorHandler(2, 'count(): Parame...', 'C:\\xampp\\htdocs...', 37, Array)
#1 C:\xampp\htdocs\cms_ci4_gitlab\app\Controllers\Admin\Transaction\Transaction.php(37): count(NULL)
#2 C:\xampp\htdocs\cms_ci4_gitlab\system\CodeIgniter.php(914): App\Controllers\Admin\Transaction\Transaction->periode()
#3 C:\xampp\htdocs\cms_ci4_gitlab\system\CodeIgniter.php(400): CodeIgniter\CodeIgniter->runController(Object(App\Controllers\Admin\Transaction\Transaction))
#4 C:\xampp\htdocs\cms_ci4_gitlab\system\CodeIgniter.php(308): CodeIgniter\CodeIgniter->handleRequest(NULL, Object(Config\Cache), false)
#5 C:\xampp\htdocs\cms_ci4_gitlab\index.php(45): CodeIgniter\CodeIgniter->run()
#6 {main}
CRITICAL - 2020-07-23 03:11:41 --> Undefined property: stdClass::$result
#0 C:\xampp\htdocs\cms_ci4_gitlab\app\Views\transaction\index.php(54): CodeIgniter\Debug\Exceptions->errorHandler(8, 'Undefined prope...', 'C:\\xampp\\htdocs...', 54, Array)
#1 C:\xampp\htdocs\cms_ci4_gitlab\system\View\View.php(246): include('C:\\xampp\\htdocs...')
#2 C:\xampp\htdocs\cms_ci4_gitlab\system\Common.php(1087): CodeIgniter\View\View->render('transaction/ind...', Array, true)
#3 C:\xampp\htdocs\cms_ci4_gitlab\app\Controllers\Admin\Transaction\Transaction.php(18): view('transaction/ind...', Array)
#4 C:\xampp\htdocs\cms_ci4_gitlab\system\CodeIgniter.php(914): App\Controllers\Admin\Transaction\Transaction->index()
#5 C:\xampp\htdocs\cms_ci4_gitlab\system\CodeIgniter.php(400): CodeIgniter\CodeIgniter->runController(Object(App\Controllers\Admin\Transaction\Transaction))
#6 C:\xampp\htdocs\cms_ci4_gitlab\system\CodeIgniter.php(308): CodeIgniter\CodeIgniter->handleRequest(NULL, Object(Config\Cache), false)
#7 C:\xampp\htdocs\cms_ci4_gitlab\index.php(45): CodeIgniter\CodeIgniter->run()
#8 {main}
CRITICAL - 2020-07-23 03:16:46 --> Undefined property: stdClass::$result
#0 C:\xampp\htdocs\cms_ci4_gitlab\app\Views\transaction\index.php(54): CodeIgniter\Debug\Exceptions->errorHandler(8, 'Undefined prope...', 'C:\\xampp\\htdocs...', 54, Array)
#1 C:\xampp\htdocs\cms_ci4_gitlab\system\View\View.php(246): include('C:\\xampp\\htdocs...')
#2 C:\xampp\htdocs\cms_ci4_gitlab\system\Common.php(1087): CodeIgniter\View\View->render('transaction/ind...', Array, true)
#3 C:\xampp\htdocs\cms_ci4_gitlab\app\Controllers\Admin\Transaction\Transaction.php(18): view('transaction/ind...', Array)
#4 C:\xampp\htdocs\cms_ci4_gitlab\system\CodeIgniter.php(914): App\Controllers\Admin\Transaction\Transaction->index()
#5 C:\xampp\htdocs\cms_ci4_gitlab\system\CodeIgniter.php(400): CodeIgniter\CodeIgniter->runController(Object(App\Controllers\Admin\Transaction\Transaction))
#6 C:\xampp\htdocs\cms_ci4_gitlab\system\CodeIgniter.php(308): CodeIgniter\CodeIgniter->handleRequest(NULL, Object(Config\Cache), false)
#7 C:\xampp\htdocs\cms_ci4_gitlab\index.php(45): CodeIgniter\CodeIgniter->run()
#8 {main}
CRITICAL - 2020-07-23 03:17:46 --> Undefined property: stdClass::$result
#0 C:\xampp\htdocs\cms_ci4_gitlab\app\Views\transaction\index.php(54): CodeIgniter\Debug\Exceptions->errorHandler(8, 'Undefined prope...', 'C:\\xampp\\htdocs...', 54, Array)
#1 C:\xampp\htdocs\cms_ci4_gitlab\system\View\View.php(246): include('C:\\xampp\\htdocs...')
#2 C:\xampp\htdocs\cms_ci4_gitlab\system\Common.php(1087): CodeIgniter\View\View->render('transaction/ind...', Array, true)
#3 C:\xampp\htdocs\cms_ci4_gitlab\app\Controllers\Admin\Transaction\Transaction.php(18): view('transaction/ind...', Array)
#4 C:\xampp\htdocs\cms_ci4_gitlab\system\CodeIgniter.php(914): App\Controllers\Admin\Transaction\Transaction->index()
#5 C:\xampp\htdocs\cms_ci4_gitlab\system\CodeIgniter.php(400): CodeIgniter\CodeIgniter->runController(Object(App\Controllers\Admin\Transaction\Transaction))
#6 C:\xampp\htdocs\cms_ci4_gitlab\system\CodeIgniter.php(308): CodeIgniter\CodeIgniter->handleRequest(NULL, Object(Config\Cache), false)
#7 C:\xampp\htdocs\cms_ci4_gitlab\index.php(45): CodeIgniter\CodeIgniter->run()
#8 {main}
CRITICAL - 2020-07-23 03:18:28 --> Undefined property: stdClass::$result
#0 C:\xampp\htdocs\cms_ci4_gitlab\app\Views\transaction\index.php(54): CodeIgniter\Debug\Exceptions->errorHandler(8, 'Undefined prope...', 'C:\\xampp\\htdocs...', 54, Array)
#1 C:\xampp\htdocs\cms_ci4_gitlab\system\View\View.php(246): include('C:\\xampp\\htdocs...')
#2 C:\xampp\htdocs\cms_ci4_gitlab\system\Common.php(1087): CodeIgniter\View\View->render('transaction/ind...', Array, true)
#3 C:\xampp\htdocs\cms_ci4_gitlab\app\Controllers\Admin\Transaction\Transaction.php(18): view('transaction/ind...', Array)
#4 C:\xampp\htdocs\cms_ci4_gitlab\system\CodeIgniter.php(914): App\Controllers\Admin\Transaction\Transaction->index()
#5 C:\xampp\htdocs\cms_ci4_gitlab\system\CodeIgniter.php(400): CodeIgniter\CodeIgniter->runController(Object(App\Controllers\Admin\Transaction\Transaction))
#6 C:\xampp\htdocs\cms_ci4_gitlab\system\CodeIgniter.php(308): CodeIgniter\CodeIgniter->handleRequest(NULL, Object(Config\Cache), false)
#7 C:\xampp\htdocs\cms_ci4_gitlab\index.php(45): CodeIgniter\CodeIgniter->run()
#8 {main}
CRITICAL - 2020-07-23 03:19:00 --> count(): Parameter must be an array or an object that implements Countable
#0 [internal function]: CodeIgniter\Debug\Exceptions->errorHandler(2, 'count(): Parame...', 'C:\\xampp\\htdocs...', 37, Array)
#1 C:\xampp\htdocs\cms_ci4_gitlab\app\Controllers\Admin\Transaction\Transaction.php(37): count(NULL)
#2 C:\xampp\htdocs\cms_ci4_gitlab\system\CodeIgniter.php(914): App\Controllers\Admin\Transaction\Transaction->periode()
#3 C:\xampp\htdocs\cms_ci4_gitlab\system\CodeIgniter.php(400): CodeIgniter\CodeIgniter->runController(Object(App\Controllers\Admin\Transaction\Transaction))
#4 C:\xampp\htdocs\cms_ci4_gitlab\system\CodeIgniter.php(308): CodeIgniter\CodeIgniter->handleRequest(NULL, Object(Config\Cache), false)
#5 C:\xampp\htdocs\cms_ci4_gitlab\index.php(45): CodeIgniter\CodeIgniter->run()
#6 {main}
CRITICAL - 2020-07-23 03:26:00 --> count(): Parameter must be an array or an object that implements Countable
#0 [internal function]: CodeIgniter\Debug\Exceptions->errorHandler(2, 'count(): Parame...', 'C:\\xampp\\htdocs...', 38, Array)
#1 C:\xampp\htdocs\cms_ci4_gitlab\app\Controllers\Admin\Transaction\Transaction.php(38): count(NULL)
#2 C:\xampp\htdocs\cms_ci4_gitlab\system\CodeIgniter.php(914): App\Controllers\Admin\Transaction\Transaction->periode()
#3 C:\xampp\htdocs\cms_ci4_gitlab\system\CodeIgniter.php(400): CodeIgniter\CodeIgniter->runController(Object(App\Controllers\Admin\Transaction\Transaction))
#4 C:\xampp\htdocs\cms_ci4_gitlab\system\CodeIgniter.php(308): CodeIgniter\CodeIgniter->handleRequest(NULL, Object(Config\Cache), false)
#5 C:\xampp\htdocs\cms_ci4_gitlab\index.php(45): CodeIgniter\CodeIgniter->run()
#6 {main}
CRITICAL - 2020-07-23 03:26:39 --> count(): Parameter must be an array or an object that implements Countable
#0 [internal function]: CodeIgniter\Debug\Exceptions->errorHandler(2, 'count(): Parame...', 'C:\\xampp\\htdocs...', 38, Array)
#1 C:\xampp\htdocs\cms_ci4_gitlab\app\Controllers\Admin\Transaction\Transaction.php(38): count(NULL)
#2 C:\xampp\htdocs\cms_ci4_gitlab\system\CodeIgniter.php(914): App\Controllers\Admin\Transaction\Transaction->periode()
#3 C:\xampp\htdocs\cms_ci4_gitlab\system\CodeIgniter.php(400): CodeIgniter\CodeIgniter->runController(Object(App\Controllers\Admin\Transaction\Transaction))
#4 C:\xampp\htdocs\cms_ci4_gitlab\system\CodeIgniter.php(308): CodeIgniter\CodeIgniter->handleRequest(NULL, Object(Config\Cache), false)
#5 C:\xampp\htdocs\cms_ci4_gitlab\index.php(45): CodeIgniter\CodeIgniter->run()
#6 {main}
CRITICAL - 2020-07-23 03:31:13 --> count(): Parameter must be an array or an object that implements Countable
#0 [internal function]: CodeIgniter\Debug\Exceptions->errorHandler(2, 'count(): Parame...', 'C:\\xampp\\htdocs...', 38, Array)
#1 C:\xampp\htdocs\cms_ci4_gitlab\app\Controllers\Admin\Transaction\Transaction.php(38): count(NULL)
#2 C:\xampp\htdocs\cms_ci4_gitlab\system\CodeIgniter.php(914): App\Controllers\Admin\Transaction\Transaction->periode()
#3 C:\xampp\htdocs\cms_ci4_gitlab\system\CodeIgniter.php(400): CodeIgniter\CodeIgniter->runController(Object(App\Controllers\Admin\Transaction\Transaction))
#4 C:\xampp\htdocs\cms_ci4_gitlab\system\CodeIgniter.php(308): CodeIgniter\CodeIgniter->handleRequest(NULL, Object(Config\Cache), false)
#5 C:\xampp\htdocs\cms_ci4_gitlab\index.php(45): CodeIgniter\CodeIgniter->run()
#6 {main}
CRITICAL - 2020-07-23 03:31:39 --> count(): Parameter must be an array or an object that implements Countable
#0 [internal function]: CodeIgniter\Debug\Exceptions->errorHandler(2, 'count(): Parame...', 'C:\\xampp\\htdocs...', 38, Array)
#1 C:\xampp\htdocs\cms_ci4_gitlab\app\Controllers\Admin\Transaction\Transaction.php(38): count(NULL)
#2 C:\xampp\htdocs\cms_ci4_gitlab\system\CodeIgniter.php(914): App\Controllers\Admin\Transaction\Transaction->periode()
#3 C:\xampp\htdocs\cms_ci4_gitlab\system\CodeIgniter.php(400): CodeIgniter\CodeIgniter->runController(Object(App\Controllers\Admin\Transaction\Transaction))
#4 C:\xampp\htdocs\cms_ci4_gitlab\system\CodeIgniter.php(308): CodeIgniter\CodeIgniter->handleRequest(NULL, Object(Config\Cache), false)
#5 C:\xampp\htdocs\cms_ci4_gitlab\index.php(45): CodeIgniter\CodeIgniter->run()
#6 {main}
CRITICAL - 2020-07-23 03:31:58 --> count(): Parameter must be an array or an object that implements Countable
#0 [internal function]: CodeIgniter\Debug\Exceptions->errorHandler(2, 'count(): Parame...', 'C:\\xampp\\htdocs...', 38, Array)
#1 C:\xampp\htdocs\cms_ci4_gitlab\app\Controllers\Admin\Transaction\Transaction.php(38): count(NULL)
#2 C:\xampp\htdocs\cms_ci4_gitlab\system\CodeIgniter.php(914): App\Controllers\Admin\Transaction\Transaction->periode()
#3 C:\xampp\htdocs\cms_ci4_gitlab\system\CodeIgniter.php(400): CodeIgniter\CodeIgniter->runController(Object(App\Controllers\Admin\Transaction\Transaction))
#4 C:\xampp\htdocs\cms_ci4_gitlab\system\CodeIgniter.php(308): CodeIgniter\CodeIgniter->handleRequest(NULL, Object(Config\Cache), false)
#5 C:\xampp\htdocs\cms_ci4_gitlab\index.php(45): CodeIgniter\CodeIgniter->run()
#6 {main}
CRITICAL - 2020-07-23 04:43:17 --> count(): Parameter must be an array or an object that implements Countable
#0 [internal function]: CodeIgniter\Debug\Exceptions->errorHandler(2, 'count(): Parame...', 'C:\\xampp\\htdocs...', 39, Array)
#1 C:\xampp\htdocs\cms_ci4_gitlab\app\Controllers\Admin\Transaction\Transaction.php(39): count(NULL)
#2 C:\xampp\htdocs\cms_ci4_gitlab\system\CodeIgniter.php(914): App\Controllers\Admin\Transaction\Transaction->periode()
#3 C:\xampp\htdocs\cms_ci4_gitlab\system\CodeIgniter.php(400): CodeIgniter\CodeIgniter->runController(Object(App\Controllers\Admin\Transaction\Transaction))
#4 C:\xampp\htdocs\cms_ci4_gitlab\system\CodeIgniter.php(308): CodeIgniter\CodeIgniter->handleRequest(NULL, Object(Config\Cache), false)
#5 C:\xampp\htdocs\cms_ci4_gitlab\index.php(45): CodeIgniter\CodeIgniter->run()
#6 {main}
CRITICAL - 2020-07-23 04:44:34 --> count(): Parameter must be an array or an object that implements Countable
#0 [internal function]: CodeIgniter\Debug\Exceptions->errorHandler(2, 'count(): Parame...', 'C:\\xampp\\htdocs...', 39, Array)
#1 C:\xampp\htdocs\cms_ci4_gitlab\app\Controllers\Admin\Transaction\Transaction.php(39): count(NULL)
#2 C:\xampp\htdocs\cms_ci4_gitlab\system\CodeIgniter.php(914): App\Controllers\Admin\Transaction\Transaction->periode()
#3 C:\xampp\htdocs\cms_ci4_gitlab\system\CodeIgniter.php(400): CodeIgniter\CodeIgniter->runController(Object(App\Controllers\Admin\Transaction\Transaction))
#4 C:\xampp\htdocs\cms_ci4_gitlab\system\CodeIgniter.php(308): CodeIgniter\CodeIgniter->handleRequest(NULL, Object(Config\Cache), false)
#5 C:\xampp\htdocs\cms_ci4_gitlab\index.php(45): CodeIgniter\CodeIgniter->run()
#6 {main}
CRITICAL - 2020-07-23 04:44:54 --> count(): Parameter must be an array or an object that implements Countable
#0 [internal function]: CodeIgniter\Debug\Exceptions->errorHandler(2, 'count(): Parame...', 'C:\\xampp\\htdocs...', 39, Array)
#1 C:\xampp\htdocs\cms_ci4_gitlab\app\Controllers\Admin\Transaction\Transaction.php(39): count(NULL)
#2 C:\xampp\htdocs\cms_ci4_gitlab\system\CodeIgniter.php(914): App\Controllers\Admin\Transaction\Transaction->periode()
#3 C:\xampp\htdocs\cms_ci4_gitlab\system\CodeIgniter.php(400): CodeIgniter\CodeIgniter->runController(Object(App\Controllers\Admin\Transaction\Transaction))
#4 C:\xampp\htdocs\cms_ci4_gitlab\system\CodeIgniter.php(308): CodeIgniter\CodeIgniter->handleRequest(NULL, Object(Config\Cache), false)
#5 C:\xampp\htdocs\cms_ci4_gitlab\index.php(45): CodeIgniter\CodeIgniter->run()
#6 {main}
CRITICAL - 2020-07-23 05:03:56 --> count(): Parameter must be an array or an object that implements Countable
#0 [internal function]: CodeIgniter\Debug\Exceptions->errorHandler(2, 'count(): Parame...', 'C:\\xampp\\htdocs...', 39, Array)
#1 C:\xampp\htdocs\cms_ci4_gitlab\app\Controllers\Admin\Transaction\Transaction.php(39): count(NULL)
#2 C:\xampp\htdocs\cms_ci4_gitlab\system\CodeIgniter.php(914): App\Controllers\Admin\Transaction\Transaction->periode()
#3 C:\xampp\htdocs\cms_ci4_gitlab\system\CodeIgniter.php(400): CodeIgniter\CodeIgniter->runController(Object(App\Controllers\Admin\Transaction\Transaction))
#4 C:\xampp\htdocs\cms_ci4_gitlab\system\CodeIgniter.php(308): CodeIgniter\CodeIgniter->handleRequest(NULL, Object(Config\Cache), false)
#5 C:\xampp\htdocs\cms_ci4_gitlab\index.php(45): CodeIgniter\CodeIgniter->run()
#6 {main}
CRITICAL - 2020-07-23 05:04:50 --> count(): Parameter must be an array or an object that implements Countable
#0 [internal function]: CodeIgniter\Debug\Exceptions->errorHandler(2, 'count(): Parame...', 'C:\\xampp\\htdocs...', 39, Array)
#1 C:\xampp\htdocs\cms_ci4_gitlab\app\Controllers\Admin\Transaction\Transaction.php(39): count(NULL)
#2 C:\xampp\htdocs\cms_ci4_gitlab\system\CodeIgniter.php(914): App\Controllers\Admin\Transaction\Transaction->periode()
#3 C:\xampp\htdocs\cms_ci4_gitlab\system\CodeIgniter.php(400): CodeIgniter\CodeIgniter->runController(Object(App\Controllers\Admin\Transaction\Transaction))
#4 C:\xampp\htdocs\cms_ci4_gitlab\system\CodeIgniter.php(308): CodeIgniter\CodeIgniter->handleRequest(NULL, Object(Config\Cache), false)
#5 C:\xampp\htdocs\cms_ci4_gitlab\index.php(45): CodeIgniter\CodeIgniter->run()
#6 {main}
CRITICAL - 2020-07-23 05:05:39 --> count(): Parameter must be an array or an object that implements Countable
#0 [internal function]: CodeIgniter\Debug\Exceptions->errorHandler(2, 'count(): Parame...', 'C:\\xampp\\htdocs...', 39, Array)
#1 C:\xampp\htdocs\cms_ci4_gitlab\app\Controllers\Admin\Transaction\Transaction.php(39): count(NULL)
#2 C:\xampp\htdocs\cms_ci4_gitlab\system\CodeIgniter.php(914): App\Controllers\Admin\Transaction\Transaction->periode()
#3 C:\xampp\htdocs\cms_ci4_gitlab\system\CodeIgniter.php(400): CodeIgniter\CodeIgniter->runController(Object(App\Controllers\Admin\Transaction\Transaction))
#4 C:\xampp\htdocs\cms_ci4_gitlab\system\CodeIgniter.php(308): CodeIgniter\CodeIgniter->handleRequest(NULL, Object(Config\Cache), false)
#5 C:\xampp\htdocs\cms_ci4_gitlab\index.php(45): CodeIgniter\CodeIgniter->run()
#6 {main}
CRITICAL - 2020-07-23 05:07:35 --> count(): Parameter must be an array or an object that implements Countable
#0 [internal function]: CodeIgniter\Debug\Exceptions->errorHandler(2, 'count(): Parame...', 'C:\\xampp\\htdocs...', 39, Array)
#1 C:\xampp\htdocs\cms_ci4_gitlab\app\Controllers\Admin\Transaction\Transaction.php(39): count(NULL)
#2 C:\xampp\htdocs\cms_ci4_gitlab\system\CodeIgniter.php(914): App\Controllers\Admin\Transaction\Transaction->periode()
#3 C:\xampp\htdocs\cms_ci4_gitlab\system\CodeIgniter.php(400): CodeIgniter\CodeIgniter->runController(Object(App\Controllers\Admin\Transaction\Transaction))
#4 C:\xampp\htdocs\cms_ci4_gitlab\system\CodeIgniter.php(308): CodeIgniter\CodeIgniter->handleRequest(NULL, Object(Config\Cache), false)
#5 C:\xampp\htdocs\cms_ci4_gitlab\index.php(45): CodeIgniter\CodeIgniter->run()
#6 {main}
CRITICAL - 2020-07-23 05:07:52 --> count(): Parameter must be an array or an object that implements Countable
#0 [internal function]: CodeIgniter\Debug\Exceptions->errorHandler(2, 'count(): Parame...', 'C:\\xampp\\htdocs...', 39, Array)
#1 C:\xampp\htdocs\cms_ci4_gitlab\app\Controllers\Admin\Transaction\Transaction.php(39): count(NULL)
#2 C:\xampp\htdocs\cms_ci4_gitlab\system\CodeIgniter.php(914): App\Controllers\Admin\Transaction\Transaction->periode()
#3 C:\xampp\htdocs\cms_ci4_gitlab\system\CodeIgniter.php(400): CodeIgniter\CodeIgniter->runController(Object(App\Controllers\Admin\Transaction\Transaction))
#4 C:\xampp\htdocs\cms_ci4_gitlab\system\CodeIgniter.php(308): CodeIgniter\CodeIgniter->handleRequest(NULL, Object(Config\Cache), false)
#5 C:\xampp\htdocs\cms_ci4_gitlab\index.php(45): CodeIgniter\CodeIgniter->run()
#6 {main}
CRITICAL - 2020-07-23 05:15:23 --> count(): Parameter must be an array or an object that implements Countable
#0 [internal function]: CodeIgniter\Debug\Exceptions->errorHandler(2, 'count(): Parame...', 'C:\\xampp\\htdocs...', 39, Array)
#1 C:\xampp\htdocs\cms_ci4_gitlab\app\Controllers\Admin\Transaction\Transaction.php(39): count(NULL)
#2 C:\xampp\htdocs\cms_ci4_gitlab\system\CodeIgniter.php(914): App\Controllers\Admin\Transaction\Transaction->periode()
#3 C:\xampp\htdocs\cms_ci4_gitlab\system\CodeIgniter.php(400): CodeIgniter\CodeIgniter->runController(Object(App\Controllers\Admin\Transaction\Transaction))
#4 C:\xampp\htdocs\cms_ci4_gitlab\system\CodeIgniter.php(308): CodeIgniter\CodeIgniter->handleRequest(NULL, Object(Config\Cache), false)
#5 C:\xampp\htdocs\cms_ci4_gitlab\index.php(45): CodeIgniter\CodeIgniter->run()
#6 {main}
CRITICAL - 2020-07-23 05:16:59 --> count(): Parameter must be an array or an object that implements Countable
#0 [internal function]: CodeIgniter\Debug\Exceptions->errorHandler(2, 'count(): Parame...', 'C:\\xampp\\htdocs...', 39, Array)
#1 C:\xampp\htdocs\cms_ci4_gitlab\app\Controllers\Admin\Transaction\Transaction.php(39): count(NULL)
#2 C:\xampp\htdocs\cms_ci4_gitlab\system\CodeIgniter.php(914): App\Controllers\Admin\Transaction\Transaction->periode()
#3 C:\xampp\htdocs\cms_ci4_gitlab\system\CodeIgniter.php(400): CodeIgniter\CodeIgniter->runController(Object(App\Controllers\Admin\Transaction\Transaction))
#4 C:\xampp\htdocs\cms_ci4_gitlab\system\CodeIgniter.php(308): CodeIgniter\CodeIgniter->handleRequest(NULL, Object(Config\Cache), false)
#5 C:\xampp\htdocs\cms_ci4_gitlab\index.php(45): CodeIgniter\CodeIgniter->run()
#6 {main}
CRITICAL - 2020-07-23 05:18:18 --> count(): Parameter must be an array or an object that implements Countable
#0 [internal function]: CodeIgniter\Debug\Exceptions->errorHandler(2, 'count(): Parame...', 'C:\\xampp\\htdocs...', 39, Array)
#1 C:\xampp\htdocs\cms_ci4_gitlab\app\Controllers\Admin\Transaction\Transaction.php(39): count(NULL)
#2 C:\xampp\htdocs\cms_ci4_gitlab\system\CodeIgniter.php(914): App\Controllers\Admin\Transaction\Transaction->periode()
#3 C:\xampp\htdocs\cms_ci4_gitlab\system\CodeIgniter.php(400): CodeIgniter\CodeIgniter->runController(Object(App\Controllers\Admin\Transaction\Transaction))
#4 C:\xampp\htdocs\cms_ci4_gitlab\system\CodeIgniter.php(308): CodeIgniter\CodeIgniter->handleRequest(NULL, Object(Config\Cache), false)
#5 C:\xampp\htdocs\cms_ci4_gitlab\index.php(45): CodeIgniter\CodeIgniter->run()
#6 {main}
CRITICAL - 2020-07-23 05:20:22 --> count(): Parameter must be an array or an object that implements Countable
#0 [internal function]: CodeIgniter\Debug\Exceptions->errorHandler(2, 'count(): Parame...', 'C:\\xampp\\htdocs...', 39, Array)
#1 C:\xampp\htdocs\cms_ci4_gitlab\app\Controllers\Admin\Transaction\Transaction.php(39): count(NULL)
#2 C:\xampp\htdocs\cms_ci4_gitlab\system\CodeIgniter.php(914): App\Controllers\Admin\Transaction\Transaction->periode()
#3 C:\xampp\htdocs\cms_ci4_gitlab\system\CodeIgniter.php(400): CodeIgniter\CodeIgniter->runController(Object(App\Controllers\Admin\Transaction\Transaction))
#4 C:\xampp\htdocs\cms_ci4_gitlab\system\CodeIgniter.php(308): CodeIgniter\CodeIgniter->handleRequest(NULL, Object(Config\Cache), false)
#5 C:\xampp\htdocs\cms_ci4_gitlab\index.php(45): CodeIgniter\CodeIgniter->run()
#6 {main}
CRITICAL - 2020-07-23 05:21:52 --> count(): Parameter must be an array or an object that implements Countable
#0 [internal function]: CodeIgniter\Debug\Exceptions->errorHandler(2, 'count(): Parame...', 'C:\\xampp\\htdocs...', 39, Array)
#1 C:\xampp\htdocs\cms_ci4_gitlab\app\Controllers\Admin\Transaction\Transaction.php(39): count(NULL)
#2 C:\xampp\htdocs\cms_ci4_gitlab\system\CodeIgniter.php(914): App\Controllers\Admin\Transaction\Transaction->periode()
#3 C:\xampp\htdocs\cms_ci4_gitlab\system\CodeIgniter.php(400): CodeIgniter\CodeIgniter->runController(Object(App\Controllers\Admin\Transaction\Transaction))
#4 C:\xampp\htdocs\cms_ci4_gitlab\system\CodeIgniter.php(308): CodeIgniter\CodeIgniter->handleRequest(NULL, Object(Config\Cache), false)
#5 C:\xampp\htdocs\cms_ci4_gitlab\index.php(45): CodeIgniter\CodeIgniter->run()
#6 {main}
CRITICAL - 2020-07-23 05:23:01 --> count(): Parameter must be an array or an object that implements Countable
#0 [internal function]: CodeIgniter\Debug\Exceptions->errorHandler(2, 'count(): Parame...', 'C:\\xampp\\htdocs...', 39, Array)
#1 C:\xampp\htdocs\cms_ci4_gitlab\app\Controllers\Admin\Transaction\Transaction.php(39): count(NULL)
#2 C:\xampp\htdocs\cms_ci4_gitlab\system\CodeIgniter.php(914): App\Controllers\Admin\Transaction\Transaction->periode()
#3 C:\xampp\htdocs\cms_ci4_gitlab\system\CodeIgniter.php(400): CodeIgniter\CodeIgniter->runController(Object(App\Controllers\Admin\Transaction\Transaction))
#4 C:\xampp\htdocs\cms_ci4_gitlab\system\CodeIgniter.php(308): CodeIgniter\CodeIgniter->handleRequest(NULL, Object(Config\Cache), false)
#5 C:\xampp\htdocs\cms_ci4_gitlab\index.php(45): CodeIgniter\CodeIgniter->run()
#6 {main}
CRITICAL - 2020-07-23 05:24:05 --> count(): Parameter must be an array or an object that implements Countable
#0 [internal function]: CodeIgniter\Debug\Exceptions->errorHandler(2, 'count(): Parame...', 'C:\\xampp\\htdocs...', 39, Array)
#1 C:\xampp\htdocs\cms_ci4_gitlab\app\Controllers\Admin\Transaction\Transaction.php(39): count(NULL)
#2 C:\xampp\htdocs\cms_ci4_gitlab\system\CodeIgniter.php(914): App\Controllers\Admin\Transaction\Transaction->periode()
#3 C:\xampp\htdocs\cms_ci4_gitlab\system\CodeIgniter.php(400): CodeIgniter\CodeIgniter->runController(Object(App\Controllers\Admin\Transaction\Transaction))
#4 C:\xampp\htdocs\cms_ci4_gitlab\system\CodeIgniter.php(308): CodeIgniter\CodeIgniter->handleRequest(NULL, Object(Config\Cache), false)
#5 C:\xampp\htdocs\cms_ci4_gitlab\index.php(45): CodeIgniter\CodeIgniter->run()
#6 {main}
CRITICAL - 2020-07-23 05:25:37 --> count(): Parameter must be an array or an object that implements Countable
#0 [internal function]: CodeIgniter\Debug\Exceptions->errorHandler(2, 'count(): Parame...', 'C:\\xampp\\htdocs...', 39, Array)
#1 C:\xampp\htdocs\cms_ci4_gitlab\app\Controllers\Admin\Transaction\Transaction.php(39): count(NULL)
#2 C:\xampp\htdocs\cms_ci4_gitlab\system\CodeIgniter.php(914): App\Controllers\Admin\Transaction\Transaction->periode()
#3 C:\xampp\htdocs\cms_ci4_gitlab\system\CodeIgniter.php(400): CodeIgniter\CodeIgniter->runController(Object(App\Controllers\Admin\Transaction\Transaction))
#4 C:\xampp\htdocs\cms_ci4_gitlab\system\CodeIgniter.php(308): CodeIgniter\CodeIgniter->handleRequest(NULL, Object(Config\Cache), false)
#5 C:\xampp\htdocs\cms_ci4_gitlab\index.php(45): CodeIgniter\CodeIgniter->run()
#6 {main}
CRITICAL - 2020-07-23 05:26:51 --> count(): Parameter must be an array or an object that implements Countable
#0 [internal function]: CodeIgniter\Debug\Exceptions->errorHandler(2, 'count(): Parame...', 'C:\\xampp\\htdocs...', 39, Array)
#1 C:\xampp\htdocs\cms_ci4_gitlab\app\Controllers\Admin\Transaction\Transaction.php(39): count(NULL)
#2 C:\xampp\htdocs\cms_ci4_gitlab\system\CodeIgniter.php(914): App\Controllers\Admin\Transaction\Transaction->periode()
#3 C:\xampp\htdocs\cms_ci4_gitlab\system\CodeIgniter.php(400): CodeIgniter\CodeIgniter->runController(Object(App\Controllers\Admin\Transaction\Transaction))
#4 C:\xampp\htdocs\cms_ci4_gitlab\system\CodeIgniter.php(308): CodeIgniter\CodeIgniter->handleRequest(NULL, Object(Config\Cache), false)
#5 C:\xampp\htdocs\cms_ci4_gitlab\index.php(45): CodeIgniter\CodeIgniter->run()
#6 {main}
CRITICAL - 2020-07-23 05:29:03 --> count(): Parameter must be an array or an object that implements Countable
#0 [internal function]: CodeIgniter\Debug\Exceptions->errorHandler(2, 'count(): Parame...', 'C:\\xampp\\htdocs...', 39, Array)
#1 C:\xampp\htdocs\cms_ci4_gitlab\app\Controllers\Admin\Transaction\Transaction.php(39): count(NULL)
#2 C:\xampp\htdocs\cms_ci4_gitlab\system\CodeIgniter.php(914): App\Controllers\Admin\Transaction\Transaction->periode()
#3 C:\xampp\htdocs\cms_ci4_gitlab\system\CodeIgniter.php(400): CodeIgniter\CodeIgniter->runController(Object(App\Controllers\Admin\Transaction\Transaction))
#4 C:\xampp\htdocs\cms_ci4_gitlab\system\CodeIgniter.php(308): CodeIgniter\CodeIgniter->handleRequest(NULL, Object(Config\Cache), false)
#5 C:\xampp\htdocs\cms_ci4_gitlab\index.php(45): CodeIgniter\CodeIgniter->run()
#6 {main}
CRITICAL - 2020-07-23 05:32:48 --> count(): Parameter must be an array or an object that implements Countable
#0 [internal function]: CodeIgniter\Debug\Exceptions->errorHandler(2, 'count(): Parame...', 'C:\\xampp\\htdocs...', 39, Array)
#1 C:\xampp\htdocs\cms_ci4_gitlab\app\Controllers\Admin\Transaction\Transaction.php(39): count(NULL)
#2 C:\xampp\htdocs\cms_ci4_gitlab\system\CodeIgniter.php(914): App\Controllers\Admin\Transaction\Transaction->periode()
#3 C:\xampp\htdocs\cms_ci4_gitlab\system\CodeIgniter.php(400): CodeIgniter\CodeIgniter->runController(Object(App\Controllers\Admin\Transaction\Transaction))
#4 C:\xampp\htdocs\cms_ci4_gitlab\system\CodeIgniter.php(308): CodeIgniter\CodeIgniter->handleRequest(NULL, Object(Config\Cache), false)
#5 C:\xampp\htdocs\cms_ci4_gitlab\index.php(45): CodeIgniter\CodeIgniter->run()
#6 {main}
CRITICAL - 2020-07-23 05:36:51 --> count(): Parameter must be an array or an object that implements Countable
#0 [internal function]: CodeIgniter\Debug\Exceptions->errorHandler(2, 'count(): Parame...', 'C:\\xampp\\htdocs...', 39, Array)
#1 C:\xampp\htdocs\cms_ci4_gitlab\app\Controllers\Admin\Transaction\Transaction.php(39): count(NULL)
#2 C:\xampp\htdocs\cms_ci4_gitlab\system\CodeIgniter.php(914): App\Controllers\Admin\Transaction\Transaction->periode()
#3 C:\xampp\htdocs\cms_ci4_gitlab\system\CodeIgniter.php(400): CodeIgniter\CodeIgniter->runController(Object(App\Controllers\Admin\Transaction\Transaction))
#4 C:\xampp\htdocs\cms_ci4_gitlab\system\CodeIgniter.php(308): CodeIgniter\CodeIgniter->handleRequest(NULL, Object(Config\Cache), false)
#5 C:\xampp\htdocs\cms_ci4_gitlab\index.php(45): CodeIgniter\CodeIgniter->run()
#6 {main}
CRITICAL - 2020-07-23 05:44:00 --> count(): Parameter must be an array or an object that implements Countable
#0 [internal function]: CodeIgniter\Debug\Exceptions->errorHandler(2, 'count(): Parame...', 'C:\\xampp\\htdocs...', 39, Array)
#1 C:\xampp\htdocs\cms_ci4_gitlab\app\Controllers\Admin\Transaction\Transaction.php(39): count(NULL)
#2 C:\xampp\htdocs\cms_ci4_gitlab\system\CodeIgniter.php(914): App\Controllers\Admin\Transaction\Transaction->periode()
#3 C:\xampp\htdocs\cms_ci4_gitlab\system\CodeIgniter.php(400): CodeIgniter\CodeIgniter->runController(Object(App\Controllers\Admin\Transaction\Transaction))
#4 C:\xampp\htdocs\cms_ci4_gitlab\system\CodeIgniter.php(308): CodeIgniter\CodeIgniter->handleRequest(NULL, Object(Config\Cache), false)
#5 C:\xampp\htdocs\cms_ci4_gitlab\index.php(45): CodeIgniter\CodeIgniter->run()
#6 {main}
CRITICAL - 2020-07-23 05:44:17 --> count(): Parameter must be an array or an object that implements Countable
#0 [internal function]: CodeIgniter\Debug\Exceptions->errorHandler(2, 'count(): Parame...', 'C:\\xampp\\htdocs...', 39, Array)
#1 C:\xampp\htdocs\cms_ci4_gitlab\app\Controllers\Admin\Transaction\Transaction.php(39): count(NULL)
#2 C:\xampp\htdocs\cms_ci4_gitlab\system\CodeIgniter.php(914): App\Controllers\Admin\Transaction\Transaction->periode()
#3 C:\xampp\htdocs\cms_ci4_gitlab\system\CodeIgniter.php(400): CodeIgniter\CodeIgniter->runController(Object(App\Controllers\Admin\Transaction\Transaction))
#4 C:\xampp\htdocs\cms_ci4_gitlab\system\CodeIgniter.php(308): CodeIgniter\CodeIgniter->handleRequest(NULL, Object(Config\Cache), false)
#5 C:\xampp\htdocs\cms_ci4_gitlab\index.php(45): CodeIgniter\CodeIgniter->run()
#6 {main}
CRITICAL - 2020-07-23 05:45:44 --> count(): Parameter must be an array or an object that implements Countable
#0 [internal function]: CodeIgniter\Debug\Exceptions->errorHandler(2, 'count(): Parame...', 'C:\\xampp\\htdocs...', 39, Array)
#1 C:\xampp\htdocs\cms_ci4_gitlab\app\Controllers\Admin\Transaction\Transaction.php(39): count(NULL)
#2 C:\xampp\htdocs\cms_ci4_gitlab\system\CodeIgniter.php(914): App\Controllers\Admin\Transaction\Transaction->periode()
#3 C:\xampp\htdocs\cms_ci4_gitlab\system\CodeIgniter.php(400): CodeIgniter\CodeIgniter->runController(Object(App\Controllers\Admin\Transaction\Transaction))
#4 C:\xampp\htdocs\cms_ci4_gitlab\system\CodeIgniter.php(308): CodeIgniter\CodeIgniter->handleRequest(NULL, Object(Config\Cache), false)
#5 C:\xampp\htdocs\cms_ci4_gitlab\index.php(45): CodeIgniter\CodeIgniter->run()
#6 {main}
CRITICAL - 2020-07-23 05:46:28 --> count(): Parameter must be an array or an object that implements Countable
#0 [internal function]: CodeIgniter\Debug\Exceptions->errorHandler(2, 'count(): Parame...', 'C:\\xampp\\htdocs...', 39, Array)
#1 C:\xampp\htdocs\cms_ci4_gitlab\app\Controllers\Admin\Transaction\Transaction.php(39): count(NULL)
#2 C:\xampp\htdocs\cms_ci4_gitlab\system\CodeIgniter.php(914): App\Controllers\Admin\Transaction\Transaction->periode()
#3 C:\xampp\htdocs\cms_ci4_gitlab\system\CodeIgniter.php(400): CodeIgniter\CodeIgniter->runController(Object(App\Controllers\Admin\Transaction\Transaction))
#4 C:\xampp\htdocs\cms_ci4_gitlab\system\CodeIgniter.php(308): CodeIgniter\CodeIgniter->handleRequest(NULL, Object(Config\Cache), false)
#5 C:\xampp\htdocs\cms_ci4_gitlab\index.php(45): CodeIgniter\CodeIgniter->run()
#6 {main}
CRITICAL - 2020-07-23 05:48:17 --> count(): Parameter must be an array or an object that implements Countable
#0 [internal function]: CodeIgniter\Debug\Exceptions->errorHandler(2, 'count(): Parame...', 'C:\\xampp\\htdocs...', 39, Array)
#1 C:\xampp\htdocs\cms_ci4_gitlab\app\Controllers\Admin\Transaction\Transaction.php(39): count(NULL)
#2 C:\xampp\htdocs\cms_ci4_gitlab\system\CodeIgniter.php(914): App\Controllers\Admin\Transaction\Transaction->periode()
#3 C:\xampp\htdocs\cms_ci4_gitlab\system\CodeIgniter.php(400): CodeIgniter\CodeIgniter->runController(Object(App\Controllers\Admin\Transaction\Transaction))
#4 C:\xampp\htdocs\cms_ci4_gitlab\system\CodeIgniter.php(308): CodeIgniter\CodeIgniter->handleRequest(NULL, Object(Config\Cache), false)
#5 C:\xampp\htdocs\cms_ci4_gitlab\index.php(45): CodeIgniter\CodeIgniter->run()
#6 {main}
CRITICAL - 2020-07-23 05:49:39 --> count(): Parameter must be an array or an object that implements Countable
#0 [internal function]: CodeIgniter\Debug\Exceptions->errorHandler(2, 'count(): Parame...', 'C:\\xampp\\htdocs...', 39, Array)
#1 C:\xampp\htdocs\cms_ci4_gitlab\app\Controllers\Admin\Transaction\Transaction.php(39): count(NULL)
#2 C:\xampp\htdocs\cms_ci4_gitlab\system\CodeIgniter.php(914): App\Controllers\Admin\Transaction\Transaction->periode()
#3 C:\xampp\htdocs\cms_ci4_gitlab\system\CodeIgniter.php(400): CodeIgniter\CodeIgniter->runController(Object(App\Controllers\Admin\Transaction\Transaction))
#4 C:\xampp\htdocs\cms_ci4_gitlab\system\CodeIgniter.php(308): CodeIgniter\CodeIgniter->handleRequest(NULL, Object(Config\Cache), false)
#5 C:\xampp\htdocs\cms_ci4_gitlab\index.php(45): CodeIgniter\CodeIgniter->run()
#6 {main}
CRITICAL - 2020-07-23 05:50:16 --> count(): Parameter must be an array or an object that implements Countable
#0 [internal function]: CodeIgniter\Debug\Exceptions->errorHandler(2, 'count(): Parame...', 'C:\\xampp\\htdocs...', 39, Array)
#1 C:\xampp\htdocs\cms_ci4_gitlab\app\Controllers\Admin\Transaction\Transaction.php(39): count(NULL)
#2 C:\xampp\htdocs\cms_ci4_gitlab\system\CodeIgniter.php(914): App\Controllers\Admin\Transaction\Transaction->periode()
#3 C:\xampp\htdocs\cms_ci4_gitlab\system\CodeIgniter.php(400): CodeIgniter\CodeIgniter->runController(Object(App\Controllers\Admin\Transaction\Transaction))
#4 C:\xampp\htdocs\cms_ci4_gitlab\system\CodeIgniter.php(308): CodeIgniter\CodeIgniter->handleRequest(NULL, Object(Config\Cache), false)
#5 C:\xampp\htdocs\cms_ci4_gitlab\index.php(45): CodeIgniter\CodeIgniter->run()
#6 {main}
CRITICAL - 2020-07-23 05:52:30 --> count(): Parameter must be an array or an object that implements Countable
#0 [internal function]: CodeIgniter\Debug\Exceptions->errorHandler(2, 'count(): Parame...', 'C:\\xampp\\htdocs...', 39, Array)
#1 C:\xampp\htdocs\cms_ci4_gitlab\app\Controllers\Admin\Transaction\Transaction.php(39): count(NULL)
#2 C:\xampp\htdocs\cms_ci4_gitlab\system\CodeIgniter.php(914): App\Controllers\Admin\Transaction\Transaction->periode()
#3 C:\xampp\htdocs\cms_ci4_gitlab\system\CodeIgniter.php(400): CodeIgniter\CodeIgniter->runController(Object(App\Controllers\Admin\Transaction\Transaction))
#4 C:\xampp\htdocs\cms_ci4_gitlab\system\CodeIgniter.php(308): CodeIgniter\CodeIgniter->handleRequest(NULL, Object(Config\Cache), false)
#5 C:\xampp\htdocs\cms_ci4_gitlab\index.php(45): CodeIgniter\CodeIgniter->run()
#6 {main}
CRITICAL - 2020-07-23 05:55:19 --> count(): Parameter must be an array or an object that implements Countable
#0 [internal function]: CodeIgniter\Debug\Exceptions->errorHandler(2, 'count(): Parame...', 'C:\\xampp\\htdocs...', 39, Array)
#1 C:\xampp\htdocs\cms_ci4_gitlab\app\Controllers\Admin\Transaction\Transaction.php(39): count(NULL)
#2 C:\xampp\htdocs\cms_ci4_gitlab\system\CodeIgniter.php(914): App\Controllers\Admin\Transaction\Transaction->periode()
#3 C:\xampp\htdocs\cms_ci4_gitlab\system\CodeIgniter.php(400): CodeIgniter\CodeIgniter->runController(Object(App\Controllers\Admin\Transaction\Transaction))
#4 C:\xampp\htdocs\cms_ci4_gitlab\system\CodeIgniter.php(308): CodeIgniter\CodeIgniter->handleRequest(NULL, Object(Config\Cache), false)
#5 C:\xampp\htdocs\cms_ci4_gitlab\index.php(45): CodeIgniter\CodeIgniter->run()
#6 {main}
CRITICAL - 2020-07-23 05:56:22 --> count(): Parameter must be an array or an object that implements Countable
#0 [internal function]: CodeIgniter\Debug\Exceptions->errorHandler(2, 'count(): Parame...', 'C:\\xampp\\htdocs...', 39, Array)
#1 C:\xampp\htdocs\cms_ci4_gitlab\app\Controllers\Admin\Transaction\Transaction.php(39): count(NULL)
#2 C:\xampp\htdocs\cms_ci4_gitlab\system\CodeIgniter.php(914): App\Controllers\Admin\Transaction\Transaction->periode()
#3 C:\xampp\htdocs\cms_ci4_gitlab\system\CodeIgniter.php(400): CodeIgniter\CodeIgniter->runController(Object(App\Controllers\Admin\Transaction\Transaction))
#4 C:\xampp\htdocs\cms_ci4_gitlab\system\CodeIgniter.php(308): CodeIgniter\CodeIgniter->handleRequest(NULL, Object(Config\Cache), false)
#5 C:\xampp\htdocs\cms_ci4_gitlab\index.php(45): CodeIgniter\CodeIgniter->run()
#6 {main}
CRITICAL - 2020-07-23 05:57:23 --> count(): Parameter must be an array or an object that implements Countable
#0 [internal function]: CodeIgniter\Debug\Exceptions->errorHandler(2, 'count(): Parame...', 'C:\\xampp\\htdocs...', 39, Array)
#1 C:\xampp\htdocs\cms_ci4_gitlab\app\Controllers\Admin\Transaction\Transaction.php(39): count(NULL)
#2 C:\xampp\htdocs\cms_ci4_gitlab\system\CodeIgniter.php(914): App\Controllers\Admin\Transaction\Transaction->periode()
#3 C:\xampp\htdocs\cms_ci4_gitlab\system\CodeIgniter.php(400): CodeIgniter\CodeIgniter->runController(Object(App\Controllers\Admin\Transaction\Transaction))
#4 C:\xampp\htdocs\cms_ci4_gitlab\system\CodeIgniter.php(308): CodeIgniter\CodeIgniter->handleRequest(NULL, Object(Config\Cache), false)
#5 C:\xampp\htdocs\cms_ci4_gitlab\index.php(45): CodeIgniter\CodeIgniter->run()
#6 {main}
CRITICAL - 2020-07-23 06:00:27 --> count(): Parameter must be an array or an object that implements Countable
#0 [internal function]: CodeIgniter\Debug\Exceptions->errorHandler(2, 'count(): Parame...', 'C:\\xampp\\htdocs...', 39, Array)
#1 C:\xampp\htdocs\cms_ci4_gitlab\app\Controllers\Admin\Transaction\Transaction.php(39): count(NULL)
#2 C:\xampp\htdocs\cms_ci4_gitlab\system\CodeIgniter.php(914): App\Controllers\Admin\Transaction\Transaction->periode()
#3 C:\xampp\htdocs\cms_ci4_gitlab\system\CodeIgniter.php(400): CodeIgniter\CodeIgniter->runController(Object(App\Controllers\Admin\Transaction\Transaction))
#4 C:\xampp\htdocs\cms_ci4_gitlab\system\CodeIgniter.php(308): CodeIgniter\CodeIgniter->handleRequest(NULL, Object(Config\Cache), false)
#5 C:\xampp\htdocs\cms_ci4_gitlab\index.php(45): CodeIgniter\CodeIgniter->run()
#6 {main}
CRITICAL - 2020-07-23 06:03:48 --> count(): Parameter must be an array or an object that implements Countable
#0 [internal function]: CodeIgniter\Debug\Exceptions->errorHandler(2, 'count(): Parame...', 'C:\\xampp\\htdocs...', 39, Array)
#1 C:\xampp\htdocs\cms_ci4_gitlab\app\Controllers\Admin\Transaction\Transaction.php(39): count(NULL)
#2 C:\xampp\htdocs\cms_ci4_gitlab\system\CodeIgniter.php(914): App\Controllers\Admin\Transaction\Transaction->periode()
#3 C:\xampp\htdocs\cms_ci4_gitlab\system\CodeIgniter.php(400): CodeIgniter\CodeIgniter->runController(Object(App\Controllers\Admin\Transaction\Transaction))
#4 C:\xampp\htdocs\cms_ci4_gitlab\system\CodeIgniter.php(308): CodeIgniter\CodeIgniter->handleRequest(NULL, Object(Config\Cache), false)
#5 C:\xampp\htdocs\cms_ci4_gitlab\index.php(45): CodeIgniter\CodeIgniter->run()
#6 {main}
CRITICAL - 2020-07-23 06:05:12 --> count(): Parameter must be an array or an object that implements Countable
#0 [internal function]: CodeIgniter\Debug\Exceptions->errorHandler(2, 'count(): Parame...', 'C:\\xampp\\htdocs...', 39, Array)
#1 C:\xampp\htdocs\cms_ci4_gitlab\app\Controllers\Admin\Transaction\Transaction.php(39): count(NULL)
#2 C:\xampp\htdocs\cms_ci4_gitlab\system\CodeIgniter.php(914): App\Controllers\Admin\Transaction\Transaction->periode()
#3 C:\xampp\htdocs\cms_ci4_gitlab\system\CodeIgniter.php(400): CodeIgniter\CodeIgniter->runController(Object(App\Controllers\Admin\Transaction\Transaction))
#4 C:\xampp\htdocs\cms_ci4_gitlab\system\CodeIgniter.php(308): CodeIgniter\CodeIgniter->handleRequest(NULL, Object(Config\Cache), false)
#5 C:\xampp\htdocs\cms_ci4_gitlab\index.php(45): CodeIgniter\CodeIgniter->run()
#6 {main}
CRITICAL - 2020-07-23 06:22:26 --> Undefined variable: result1
#0 C:\xampp\htdocs\cms_ci4_gitlab\app\Views\transaction\index.php(79): CodeIgniter\Debug\Exceptions->errorHandler(8, 'Undefined varia...', 'C:\\xampp\\htdocs...', 79, Array)
#1 C:\xampp\htdocs\cms_ci4_gitlab\system\View\View.php(246): include('C:\\xampp\\htdocs...')
#2 C:\xampp\htdocs\cms_ci4_gitlab\system\Common.php(1087): CodeIgniter\View\View->render('transaction/ind...', Array, true)
#3 C:\xampp\htdocs\cms_ci4_gitlab\app\Controllers\Admin\Transaction\Transaction.php(19): view('transaction/ind...', Array)
#4 C:\xampp\htdocs\cms_ci4_gitlab\system\CodeIgniter.php(914): App\Controllers\Admin\Transaction\Transaction->index()
#5 C:\xampp\htdocs\cms_ci4_gitlab\system\CodeIgniter.php(400): CodeIgniter\CodeIgniter->runController(Object(App\Controllers\Admin\Transaction\Transaction))
#6 C:\xampp\htdocs\cms_ci4_gitlab\system\CodeIgniter.php(308): CodeIgniter\CodeIgniter->handleRequest(NULL, Object(Config\Cache), false)
#7 C:\xampp\htdocs\cms_ci4_gitlab\index.php(45): CodeIgniter\CodeIgniter->run()
#8 {main}
CRITICAL - 2020-07-23 06:22:45 --> count(): Parameter must be an array or an object that implements Countable
#0 [internal function]: CodeIgniter\Debug\Exceptions->errorHandler(2, 'count(): Parame...', 'C:\\xampp\\htdocs...', 39, Array)
#1 C:\xampp\htdocs\cms_ci4_gitlab\app\Controllers\Admin\Transaction\Transaction.php(39): count(NULL)
#2 C:\xampp\htdocs\cms_ci4_gitlab\system\CodeIgniter.php(914): App\Controllers\Admin\Transaction\Transaction->periode()
#3 C:\xampp\htdocs\cms_ci4_gitlab\system\CodeIgniter.php(400): CodeIgniter\CodeIgniter->runController(Object(App\Controllers\Admin\Transaction\Transaction))
#4 C:\xampp\htdocs\cms_ci4_gitlab\system\CodeIgniter.php(308): CodeIgniter\CodeIgniter->handleRequest(NULL, Object(Config\Cache), false)
#5 C:\xampp\htdocs\cms_ci4_gitlab\index.php(45): CodeIgniter\CodeIgniter->run()
#6 {main}
CRITICAL - 2020-07-23 06:26:05 --> 7 : Failed to connect to api2.kepasar.co.id port 8000: Connection refused
#0 C:\xampp\htdocs\cms_ci4_gitlab\system\HTTP\CURLRequest.php(821): CodeIgniter\HTTP\Exceptions\HTTPException::forCurlError('7', 'Failed to conne...')
#1 C:\xampp\htdocs\cms_ci4_gitlab\system\HTTP\CURLRequest.php(449): CodeIgniter\HTTP\CURLRequest->sendRequest(Array)
#2 C:\xampp\htdocs\cms_ci4_gitlab\system\HTTP\CURLRequest.php(158): CodeIgniter\HTTP\CURLRequest->send('GET', 'http://api2.kep...')
#3 C:\xampp\htdocs\cms_ci4_gitlab\app\Helpers\curl_helper.php(56): CodeIgniter\HTTP\CURLRequest->request('GET', 'http://api2.kep...', Array)
#4 C:\xampp\htdocs\cms_ci4_gitlab\app\Controllers\Admin\Transaction\Transaction.php(54): curlPortHelper('http://api2.kep...', 'GET', Array, '1c06ca7a-1229-4...')
#5 C:\xampp\htdocs\cms_ci4_gitlab\system\CodeIgniter.php(914): App\Controllers\Admin\Transaction\Transaction->detailTransaction()
#6 C:\xampp\htdocs\cms_ci4_gitlab\system\CodeIgniter.php(400): CodeIgniter\CodeIgniter->runController(Object(App\Controllers\Admin\Transaction\Transaction))
#7 C:\xampp\htdocs\cms_ci4_gitlab\system\CodeIgniter.php(308): CodeIgniter\CodeIgniter->handleRequest(NULL, Object(Config\Cache), false)
#8 C:\xampp\htdocs\cms_ci4_gitlab\index.php(45): CodeIgniter\CodeIgniter->run()
#9 {main}
CRITICAL - 2020-07-23 06:26:21 --> 7 : Failed to connect to api2.kepasar.co.id port 8000: Connection refused
#0 C:\xampp\htdocs\cms_ci4_gitlab\system\HTTP\CURLRequest.php(821): CodeIgniter\HTTP\Exceptions\HTTPException::forCurlError('7', 'Failed to conne...')
#1 C:\xampp\htdocs\cms_ci4_gitlab\system\HTTP\CURLRequest.php(449): CodeIgniter\HTTP\CURLRequest->sendRequest(Array)
#2 C:\xampp\htdocs\cms_ci4_gitlab\system\HTTP\CURLRequest.php(158): CodeIgniter\HTTP\CURLRequest->send('GET', 'http://api2.kep...')
#3 C:\xampp\htdocs\cms_ci4_gitlab\app\Helpers\curl_helper.php(56): CodeIgniter\HTTP\CURLRequest->request('GET', 'http://api2.kep...', Array)
#4 C:\xampp\htdocs\cms_ci4_gitlab\app\Controllers\Admin\Transaction\Transaction.php(54): curlPortHelper('http://api2.kep...', 'GET', Array, '1c06ca7a-1229-4...')
#5 C:\xampp\htdocs\cms_ci4_gitlab\system\CodeIgniter.php(914): App\Controllers\Admin\Transaction\Transaction->detailTransaction()
#6 C:\xampp\htdocs\cms_ci4_gitlab\system\CodeIgniter.php(400): CodeIgniter\CodeIgniter->runController(Object(App\Controllers\Admin\Transaction\Transaction))
#7 C:\xampp\htdocs\cms_ci4_gitlab\system\CodeIgniter.php(308): CodeIgniter\CodeIgniter->handleRequest(NULL, Object(Config\Cache), false)
#8 C:\xampp\htdocs\cms_ci4_gitlab\index.php(45): CodeIgniter\CodeIgniter->run()
#9 {main}
CRITICAL - 2020-07-23 06:26:27 --> 7 : Failed to connect to api2.kepasar.co.id port 8000: Connection refused
#0 C:\xampp\htdocs\cms_ci4_gitlab\system\HTTP\CURLRequest.php(821): CodeIgniter\HTTP\Exceptions\HTTPException::forCurlError('7', 'Failed to conne...')
#1 C:\xampp\htdocs\cms_ci4_gitlab\system\HTTP\CURLRequest.php(449): CodeIgniter\HTTP\CURLRequest->sendRequest(Array)
#2 C:\xampp\htdocs\cms_ci4_gitlab\system\HTTP\CURLRequest.php(158): CodeIgniter\HTTP\CURLRequest->send('GET', 'http://api2.kep...')
#3 C:\xampp\htdocs\cms_ci4_gitlab\app\Helpers\curl_helper.php(56): CodeIgniter\HTTP\CURLRequest->request('GET', 'http://api2.kep...', Array)
#4 C:\xampp\htdocs\cms_ci4_gitlab\app\Controllers\Admin\Transaction\Transaction.php(13): curlPortHelper('http://api2.kep...', 'GET', Array, '')
#5 C:\xampp\htdocs\cms_ci4_gitlab\system\CodeIgniter.php(914): App\Controllers\Admin\Transaction\Transaction->index()
#6 C:\xampp\htdocs\cms_ci4_gitlab\system\CodeIgniter.php(400): CodeIgniter\CodeIgniter->runController(Object(App\Controllers\Admin\Transaction\Transaction))
#7 C:\xampp\htdocs\cms_ci4_gitlab\system\CodeIgniter.php(308): CodeIgniter\CodeIgniter->handleRequest(NULL, Object(Config\Cache), false)
#8 C:\xampp\htdocs\cms_ci4_gitlab\index.php(45): CodeIgniter\CodeIgniter->run()
#9 {main}
CRITICAL - 2020-07-23 06:26:46 --> 7 : Failed to connect to api2.kepasar.co.id port 8000: Connection refused
#0 C:\xampp\htdocs\cms_ci4_gitlab\system\HTTP\CURLRequest.php(821): CodeIgniter\HTTP\Exceptions\HTTPException::forCurlError('7', 'Failed to conne...')
#1 C:\xampp\htdocs\cms_ci4_gitlab\system\HTTP\CURLRequest.php(449): CodeIgniter\HTTP\CURLRequest->sendRequest(Array)
#2 C:\xampp\htdocs\cms_ci4_gitlab\system\HTTP\CURLRequest.php(158): CodeIgniter\HTTP\CURLRequest->send('GET', 'http://api2.kep...')
#3 C:\xampp\htdocs\cms_ci4_gitlab\app\Helpers\curl_helper.php(56): CodeIgniter\HTTP\CURLRequest->request('GET', 'http://api2.kep...', Array)
#4 C:\xampp\htdocs\cms_ci4_gitlab\app\Controllers\Admin\Transaction\Transaction.php(13): curlPortHelper('http://api2.kep...', 'GET', Array, '')
#5 C:\xampp\htdocs\cms_ci4_gitlab\system\CodeIgniter.php(914): App\Controllers\Admin\Transaction\Transaction->index()
#6 C:\xampp\htdocs\cms_ci4_gitlab\system\CodeIgniter.php(400): CodeIgniter\CodeIgniter->runController(Object(App\Controllers\Admin\Transaction\Transaction))
#7 C:\xampp\htdocs\cms_ci4_gitlab\system\CodeIgniter.php(308): CodeIgniter\CodeIgniter->handleRequest(NULL, Object(Config\Cache), false)
#8 C:\xampp\htdocs\cms_ci4_gitlab\index.php(45): CodeIgniter\CodeIgniter->run()
#9 {main}
CRITICAL - 2020-07-23 06:26:57 --> 7 : Failed to connect to api2.kepasar.co.id port 8000: Connection refused
#0 C:\xampp\htdocs\cms_ci4_gitlab\system\HTTP\CURLRequest.php(821): CodeIgniter\HTTP\Exceptions\HTTPException::forCurlError('7', 'Failed to conne...')
#1 C:\xampp\htdocs\cms_ci4_gitlab\system\HTTP\CURLRequest.php(449): CodeIgniter\HTTP\CURLRequest->sendRequest(Array)
#2 C:\xampp\htdocs\cms_ci4_gitlab\system\HTTP\CURLRequest.php(158): CodeIgniter\HTTP\CURLRequest->send('GET', 'http://api2.kep...')
#3 C:\xampp\htdocs\cms_ci4_gitlab\app\Helpers\curl_helper.php(56): CodeIgniter\HTTP\CURLRequest->request('GET', 'http://api2.kep...', Array)
#4 C:\xampp\htdocs\cms_ci4_gitlab\app\Helpers\product_helper.php(87): curlPortHelper('http://api2.kep...', 'GET', Array, '')
#5 C:\xampp\htdocs\cms_ci4_gitlab\app\Controllers\Admin\Dashboard\Dashboard.php(14): totalTransaksi()
#6 C:\xampp\htdocs\cms_ci4_gitlab\system\CodeIgniter.php(914): App\Controllers\Admin\Dashboard\Dashboard->index()
#7 C:\xampp\htdocs\cms_ci4_gitlab\system\CodeIgniter.php(400): CodeIgniter\CodeIgniter->runController(Object(App\Controllers\Admin\Dashboard\Dashboard))
#8 C:\xampp\htdocs\cms_ci4_gitlab\system\CodeIgniter.php(308): CodeIgniter\CodeIgniter->handleRequest(NULL, Object(Config\Cache), false)
#9 C:\xampp\htdocs\cms_ci4_gitlab\index.php(45): CodeIgniter\CodeIgniter->run()
#10 {main}
CRITICAL - 2020-07-23 11:19:40 --> count(): Parameter must be an array or an object that implements Countable
#0 [internal function]: CodeIgniter\Debug\Exceptions->errorHandler(2, 'count(): Parame...', 'C:\\xampp\\htdocs...', 39, Array)
#1 C:\xampp\htdocs\cms_ci4_gitlab\app\Controllers\Admin\Transaction\Transaction.php(39): count(NULL)
#2 C:\xampp\htdocs\cms_ci4_gitlab\system\CodeIgniter.php(914): App\Controllers\Admin\Transaction\Transaction->periode()
#3 C:\xampp\htdocs\cms_ci4_gitlab\system\CodeIgniter.php(400): CodeIgniter\CodeIgniter->runController(Object(App\Controllers\Admin\Transaction\Transaction))
#4 C:\xampp\htdocs\cms_ci4_gitlab\system\CodeIgniter.php(308): CodeIgniter\CodeIgniter->handleRequest(NULL, Object(Config\Cache), false)
#5 C:\xampp\htdocs\cms_ci4_gitlab\index.php(45): CodeIgniter\CodeIgniter->run()
#6 {main}
CRITICAL - 2020-07-23 11:21:35 --> count(): Parameter must be an array or an object that implements Countable
#0 [internal function]: CodeIgniter\Debug\Exceptions->errorHandler(2, 'count(): Parame...', 'C:\\xampp\\htdocs...', 39, Array)
#1 C:\xampp\htdocs\cms_ci4_gitlab\app\Controllers\Admin\Transaction\Transaction.php(39): count(NULL)
#2 C:\xampp\htdocs\cms_ci4_gitlab\system\CodeIgniter.php(914): App\Controllers\Admin\Transaction\Transaction->periode()
#3 C:\xampp\htdocs\cms_ci4_gitlab\system\CodeIgniter.php(400): CodeIgniter\CodeIgniter->runController(Object(App\Controllers\Admin\Transaction\Transaction))
#4 C:\xampp\htdocs\cms_ci4_gitlab\system\CodeIgniter.php(308): CodeIgniter\CodeIgniter->handleRequest(NULL, Object(Config\Cache), false)
#5 C:\xampp\htdocs\cms_ci4_gitlab\index.php(45): CodeIgniter\CodeIgniter->run()
#6 {main}
CRITICAL - 2020-07-23 22:58:44 --> count(): Parameter must be an array or an object that implements Countable
#0 [internal function]: CodeIgniter\Debug\Exceptions->errorHandler(2, 'count(): Parame...', 'C:\\xampp\\htdocs...', 39, Array)
#1 C:\xampp\htdocs\cms_ci4_gitlab\app\Controllers\Admin\Transaction\Transaction.php(39): count(NULL)
#2 C:\xampp\htdocs\cms_ci4_gitlab\system\CodeIgniter.php(914): App\Controllers\Admin\Transaction\Transaction->periode()
#3 C:\xampp\htdocs\cms_ci4_gitlab\system\CodeIgniter.php(400): CodeIgniter\CodeIgniter->runController(Object(App\Controllers\Admin\Transaction\Transaction))
#4 C:\xampp\htdocs\cms_ci4_gitlab\system\CodeIgniter.php(308): CodeIgniter\CodeIgniter->handleRequest(NULL, Object(Config\Cache), false)
#5 C:\xampp\htdocs\cms_ci4_gitlab\index.php(45): CodeIgniter\CodeIgniter->run()
#6 {main}
CRITICAL - 2020-07-23 23:02:44 --> count(): Parameter must be an array or an object that implements Countable
#0 [internal function]: CodeIgniter\Debug\Exceptions->errorHandler(2, 'count(): Parame...', 'C:\\xampp\\htdocs...', 39, Array)
#1 C:\xampp\htdocs\cms_ci4_gitlab\app\Controllers\Admin\Transaction\Transaction.php(39): count(NULL)
#2 C:\xampp\htdocs\cms_ci4_gitlab\system\CodeIgniter.php(914): App\Controllers\Admin\Transaction\Transaction->periode()
#3 C:\xampp\htdocs\cms_ci4_gitlab\system\CodeIgniter.php(400): CodeIgniter\CodeIgniter->runController(Object(App\Controllers\Admin\Transaction\Transaction))
#4 C:\xampp\htdocs\cms_ci4_gitlab\system\CodeIgniter.php(308): CodeIgniter\CodeIgniter->handleRequest(NULL, Object(Config\Cache), false)
#5 C:\xampp\htdocs\cms_ci4_gitlab\index.php(45): CodeIgniter\CodeIgniter->run()
#6 {main}
CRITICAL - 2020-07-23 23:28:05 --> Undefined property: stdClass::$data
#0 C:\xampp\htdocs\cms_ci4_gitlab\app\Views\transaction\index.php(170): CodeIgniter\Debug\Exceptions->errorHandler(8, 'Undefined prope...', 'C:\\xampp\\htdocs...', 170, Array)
#1 C:\xampp\htdocs\cms_ci4_gitlab\system\View\View.php(246): include('C:\\xampp\\htdocs...')
#2 C:\xampp\htdocs\cms_ci4_gitlab\system\Common.php(1087): CodeIgniter\View\View->render('transaction/ind...', Array, true)
#3 C:\xampp\htdocs\cms_ci4_gitlab\app\Controllers\Admin\Transaction\Transaction.php(19): view('transaction/ind...', Array)
#4 C:\xampp\htdocs\cms_ci4_gitlab\system\CodeIgniter.php(914): App\Controllers\Admin\Transaction\Transaction->index()
#5 C:\xampp\htdocs\cms_ci4_gitlab\system\CodeIgniter.php(400): CodeIgniter\CodeIgniter->runController(Object(App\Controllers\Admin\Transaction\Transaction))
#6 C:\xampp\htdocs\cms_ci4_gitlab\system\CodeIgniter.php(308): CodeIgniter\CodeIgniter->handleRequest(NULL, Object(Config\Cache), false)
#7 C:\xampp\htdocs\cms_ci4_gitlab\index.php(45): CodeIgniter\CodeIgniter->run()
#8 {main}
CRITICAL - 2020-07-23 23:29:46 --> count(): Parameter must be an array or an object that implements Countable
#0 [internal function]: CodeIgniter\Debug\Exceptions->errorHandler(2, 'count(): Parame...', 'C:\\xampp\\htdocs...', 39, Array)
#1 C:\xampp\htdocs\cms_ci4_gitlab\app\Controllers\Admin\Transaction\Transaction.php(39): count(NULL)
#2 C:\xampp\htdocs\cms_ci4_gitlab\system\CodeIgniter.php(914): App\Controllers\Admin\Transaction\Transaction->periode()
#3 C:\xampp\htdocs\cms_ci4_gitlab\system\CodeIgniter.php(400): CodeIgniter\CodeIgniter->runController(Object(App\Controllers\Admin\Transaction\Transaction))
#4 C:\xampp\htdocs\cms_ci4_gitlab\system\CodeIgniter.php(308): CodeIgniter\CodeIgniter->handleRequest(NULL, Object(Config\Cache), false)
#5 C:\xampp\htdocs\cms_ci4_gitlab\index.php(45): CodeIgniter\CodeIgniter->run()
#6 {main}
CRITICAL - 2020-07-23 23:31:56 --> count(): Parameter must be an array or an object that implements Countable
#0 [internal function]: CodeIgniter\Debug\Exceptions->errorHandler(2, 'count(): Parame...', 'C:\\xampp\\htdocs...', 39, Array)
#1 C:\xampp\htdocs\cms_ci4_gitlab\app\Controllers\Admin\Transaction\Transaction.php(39): count(NULL)
#2 C:\xampp\htdocs\cms_ci4_gitlab\system\CodeIgniter.php(914): App\Controllers\Admin\Transaction\Transaction->periode()
#3 C:\xampp\htdocs\cms_ci4_gitlab\system\CodeIgniter.php(400): CodeIgniter\CodeIgniter->runController(Object(App\Controllers\Admin\Transaction\Transaction))
#4 C:\xampp\htdocs\cms_ci4_gitlab\system\CodeIgniter.php(308): CodeIgniter\CodeIgniter->handleRequest(NULL, Object(Config\Cache), false)
#5 C:\xampp\htdocs\cms_ci4_gitlab\index.php(45): CodeIgniter\CodeIgniter->run()
#6 {main}
