CRITICAL - 2020-07-20 03:50:28 --> Undefined property: stdClass::$resutls
#0 C:\xampp\htdocs\cms_ci4_gitlab\app\Views\outlet\index.php(33): CodeIgniter\Debug\Exceptions->errorHandler(8, 'Undefined prope...', 'C:\\xampp\\htdocs...', 33, Array)
#1 C:\xampp\htdocs\cms_ci4_gitlab\system\View\View.php(246): include('C:\\xampp\\htdocs...')
#2 C:\xampp\htdocs\cms_ci4_gitlab\system\Common.php(1087): CodeIgniter\View\View->render('outlet/index', Array, true)
#3 C:\xampp\htdocs\cms_ci4_gitlab\app\Controllers\Admin\Outlet\Outlet.php(15): view('outlet/index', Array)
#4 C:\xampp\htdocs\cms_ci4_gitlab\system\CodeIgniter.php(914): App\Controllers\Admin\Outlet\Outlet->index()
#5 C:\xampp\htdocs\cms_ci4_gitlab\system\CodeIgniter.php(400): CodeIgniter\CodeIgniter->runController(Object(App\Controllers\Admin\Outlet\Outlet))
#6 C:\xampp\htdocs\cms_ci4_gitlab\system\CodeIgniter.php(308): CodeIgniter\CodeIgniter->handleRequest(NULL, Object(Config\Cache), false)
#7 C:\xampp\htdocs\cms_ci4_gitlab\index.php(45): CodeIgniter\CodeIgniter->run()
#8 {main}
CRITICAL - 2020-07-20 03:51:24 --> count(): Parameter must be an array or an object that implements Countable
#0 [internal function]: CodeIgniter\Debug\Exceptions->errorHandler(2, 'count(): Parame...', 'C:\\xampp\\htdocs...', 37, Array)
#1 C:\xampp\htdocs\cms_ci4_gitlab\app\Controllers\Admin\Transaction\Transaction.php(37): count(NULL)
#2 C:\xampp\htdocs\cms_ci4_gitlab\system\CodeIgniter.php(914): App\Controllers\Admin\Transaction\Transaction->periode()
#3 C:\xampp\htdocs\cms_ci4_gitlab\system\CodeIgniter.php(400): CodeIgniter\CodeIgniter->runController(Object(App\Controllers\Admin\Transaction\Transaction))
#4 C:\xampp\htdocs\cms_ci4_gitlab\system\CodeIgniter.php(308): CodeIgniter\CodeIgniter->handleRequest(NULL, Object(Config\Cache), false)
#5 C:\xampp\htdocs\cms_ci4_gitlab\index.php(45): CodeIgniter\CodeIgniter->run()
#6 {main}
CRITICAL - 2020-07-20 03:57:25 --> count(): Parameter must be an array or an object that implements Countable
#0 [internal function]: CodeIgniter\Debug\Exceptions->errorHandler(2, 'count(): Parame...', 'C:\\xampp\\htdocs...', 37, Array)
#1 C:\xampp\htdocs\cms_ci4_gitlab\app\Controllers\Admin\Transaction\Transaction.php(37): count(NULL)
#2 C:\xampp\htdocs\cms_ci4_gitlab\system\CodeIgniter.php(914): App\Controllers\Admin\Transaction\Transaction->periode()
#3 C:\xampp\htdocs\cms_ci4_gitlab\system\CodeIgniter.php(400): CodeIgniter\CodeIgniter->runController(Object(App\Controllers\Admin\Transaction\Transaction))
#4 C:\xampp\htdocs\cms_ci4_gitlab\system\CodeIgniter.php(308): CodeIgniter\CodeIgniter->handleRequest(NULL, Object(Config\Cache), false)
#5 C:\xampp\htdocs\cms_ci4_gitlab\index.php(45): CodeIgniter\CodeIgniter->run()
#6 {main}
CRITICAL - 2020-07-20 03:57:43 --> count(): Parameter must be an array or an object that implements Countable
#0 [internal function]: CodeIgniter\Debug\Exceptions->errorHandler(2, 'count(): Parame...', 'C:\\xampp\\htdocs...', 37, Array)
#1 C:\xampp\htdocs\cms_ci4_gitlab\app\Controllers\Admin\Transaction\Transaction.php(37): count(NULL)
#2 C:\xampp\htdocs\cms_ci4_gitlab\system\CodeIgniter.php(914): App\Controllers\Admin\Transaction\Transaction->periode()
#3 C:\xampp\htdocs\cms_ci4_gitlab\system\CodeIgniter.php(400): CodeIgniter\CodeIgniter->runController(Object(App\Controllers\Admin\Transaction\Transaction))
#4 C:\xampp\htdocs\cms_ci4_gitlab\system\CodeIgniter.php(308): CodeIgniter\CodeIgniter->handleRequest(NULL, Object(Config\Cache), false)
#5 C:\xampp\htdocs\cms_ci4_gitlab\index.php(45): CodeIgniter\CodeIgniter->run()
#6 {main}
CRITICAL - 2020-07-20 03:57:52 --> count(): Parameter must be an array or an object that implements Countable
#0 [internal function]: CodeIgniter\Debug\Exceptions->errorHandler(2, 'count(): Parame...', 'C:\\xampp\\htdocs...', 37, Array)
#1 C:\xampp\htdocs\cms_ci4_gitlab\app\Controllers\Admin\Transaction\Transaction.php(37): count(NULL)
#2 C:\xampp\htdocs\cms_ci4_gitlab\system\CodeIgniter.php(914): App\Controllers\Admin\Transaction\Transaction->periode()
#3 C:\xampp\htdocs\cms_ci4_gitlab\system\CodeIgniter.php(400): CodeIgniter\CodeIgniter->runController(Object(App\Controllers\Admin\Transaction\Transaction))
#4 C:\xampp\htdocs\cms_ci4_gitlab\system\CodeIgniter.php(308): CodeIgniter\CodeIgniter->handleRequest(NULL, Object(Config\Cache), false)
#5 C:\xampp\htdocs\cms_ci4_gitlab\index.php(45): CodeIgniter\CodeIgniter->run()
#6 {main}
CRITICAL - 2020-07-20 03:58:00 --> count(): Parameter must be an array or an object that implements Countable
#0 [internal function]: CodeIgniter\Debug\Exceptions->errorHandler(2, 'count(): Parame...', 'C:\\xampp\\htdocs...', 37, Array)
#1 C:\xampp\htdocs\cms_ci4_gitlab\app\Controllers\Admin\Transaction\Transaction.php(37): count(NULL)
#2 C:\xampp\htdocs\cms_ci4_gitlab\system\CodeIgniter.php(914): App\Controllers\Admin\Transaction\Transaction->periode()
#3 C:\xampp\htdocs\cms_ci4_gitlab\system\CodeIgniter.php(400): CodeIgniter\CodeIgniter->runController(Object(App\Controllers\Admin\Transaction\Transaction))
#4 C:\xampp\htdocs\cms_ci4_gitlab\system\CodeIgniter.php(308): CodeIgniter\CodeIgniter->handleRequest(NULL, Object(Config\Cache), false)
#5 C:\xampp\htdocs\cms_ci4_gitlab\index.php(45): CodeIgniter\CodeIgniter->run()
#6 {main}
CRITICAL - 2020-07-20 04:00:34 --> count(): Parameter must be an array or an object that implements Countable
#0 [internal function]: CodeIgniter\Debug\Exceptions->errorHandler(2, 'count(): Parame...', 'C:\\xampp\\htdocs...', 37, Array)
#1 C:\xampp\htdocs\cms_ci4_gitlab\app\Controllers\Admin\Transaction\Transaction.php(37): count(NULL)
#2 C:\xampp\htdocs\cms_ci4_gitlab\system\CodeIgniter.php(914): App\Controllers\Admin\Transaction\Transaction->periode()
#3 C:\xampp\htdocs\cms_ci4_gitlab\system\CodeIgniter.php(400): CodeIgniter\CodeIgniter->runController(Object(App\Controllers\Admin\Transaction\Transaction))
#4 C:\xampp\htdocs\cms_ci4_gitlab\system\CodeIgniter.php(308): CodeIgniter\CodeIgniter->handleRequest(NULL, Object(Config\Cache), false)
#5 C:\xampp\htdocs\cms_ci4_gitlab\index.php(45): CodeIgniter\CodeIgniter->run()
#6 {main}
CRITICAL - 2020-07-20 04:00:46 --> count(): Parameter must be an array or an object that implements Countable
#0 [internal function]: CodeIgniter\Debug\Exceptions->errorHandler(2, 'count(): Parame...', 'C:\\xampp\\htdocs...', 37, Array)
#1 C:\xampp\htdocs\cms_ci4_gitlab\app\Controllers\Admin\Transaction\Transaction.php(37): count(NULL)
#2 C:\xampp\htdocs\cms_ci4_gitlab\system\CodeIgniter.php(914): App\Controllers\Admin\Transaction\Transaction->periode()
#3 C:\xampp\htdocs\cms_ci4_gitlab\system\CodeIgniter.php(400): CodeIgniter\CodeIgniter->runController(Object(App\Controllers\Admin\Transaction\Transaction))
#4 C:\xampp\htdocs\cms_ci4_gitlab\system\CodeIgniter.php(308): CodeIgniter\CodeIgniter->handleRequest(NULL, Object(Config\Cache), false)
#5 C:\xampp\htdocs\cms_ci4_gitlab\index.php(45): CodeIgniter\CodeIgniter->run()
#6 {main}
CRITICAL - 2020-07-20 04:02:07 --> count(): Parameter must be an array or an object that implements Countable
#0 [internal function]: CodeIgniter\Debug\Exceptions->errorHandler(2, 'count(): Parame...', 'C:\\xampp\\htdocs...', 37, Array)
#1 C:\xampp\htdocs\cms_ci4_gitlab\app\Controllers\Admin\Transaction\Transaction.php(37): count(NULL)
#2 C:\xampp\htdocs\cms_ci4_gitlab\system\CodeIgniter.php(914): App\Controllers\Admin\Transaction\Transaction->periode()
#3 C:\xampp\htdocs\cms_ci4_gitlab\system\CodeIgniter.php(400): CodeIgniter\CodeIgniter->runController(Object(App\Controllers\Admin\Transaction\Transaction))
#4 C:\xampp\htdocs\cms_ci4_gitlab\system\CodeIgniter.php(308): CodeIgniter\CodeIgniter->handleRequest(NULL, Object(Config\Cache), false)
#5 C:\xampp\htdocs\cms_ci4_gitlab\index.php(45): CodeIgniter\CodeIgniter->run()
#6 {main}
CRITICAL - 2020-07-20 04:06:28 --> count(): Parameter must be an array or an object that implements Countable
#0 [internal function]: CodeIgniter\Debug\Exceptions->errorHandler(2, 'count(): Parame...', 'C:\\xampp\\htdocs...', 37, Array)
#1 C:\xampp\htdocs\cms_ci4_gitlab\app\Controllers\Admin\Transaction\Transaction.php(37): count(NULL)
#2 C:\xampp\htdocs\cms_ci4_gitlab\system\CodeIgniter.php(914): App\Controllers\Admin\Transaction\Transaction->periode()
#3 C:\xampp\htdocs\cms_ci4_gitlab\system\CodeIgniter.php(400): CodeIgniter\CodeIgniter->runController(Object(App\Controllers\Admin\Transaction\Transaction))
#4 C:\xampp\htdocs\cms_ci4_gitlab\system\CodeIgniter.php(308): CodeIgniter\CodeIgniter->handleRequest(NULL, Object(Config\Cache), false)
#5 C:\xampp\htdocs\cms_ci4_gitlab\index.php(45): CodeIgniter\CodeIgniter->run()
#6 {main}
CRITICAL - 2020-07-20 04:11:58 --> count(): Parameter must be an array or an object that implements Countable
#0 [internal function]: CodeIgniter\Debug\Exceptions->errorHandler(2, 'count(): Parame...', 'C:\\xampp\\htdocs...', 37, Array)
#1 C:\xampp\htdocs\cms_ci4_gitlab\app\Controllers\Admin\Transaction\Transaction.php(37): count(NULL)
#2 C:\xampp\htdocs\cms_ci4_gitlab\system\CodeIgniter.php(914): App\Controllers\Admin\Transaction\Transaction->periode()
#3 C:\xampp\htdocs\cms_ci4_gitlab\system\CodeIgniter.php(400): CodeIgniter\CodeIgniter->runController(Object(App\Controllers\Admin\Transaction\Transaction))
#4 C:\xampp\htdocs\cms_ci4_gitlab\system\CodeIgniter.php(308): CodeIgniter\CodeIgniter->handleRequest(NULL, Object(Config\Cache), false)
#5 C:\xampp\htdocs\cms_ci4_gitlab\index.php(45): CodeIgniter\CodeIgniter->run()
#6 {main}
CRITICAL - 2020-07-20 04:12:04 --> count(): Parameter must be an array or an object that implements Countable
#0 [internal function]: CodeIgniter\Debug\Exceptions->errorHandler(2, 'count(): Parame...', 'C:\\xampp\\htdocs...', 37, Array)
#1 C:\xampp\htdocs\cms_ci4_gitlab\app\Controllers\Admin\Transaction\Transaction.php(37): count(NULL)
#2 C:\xampp\htdocs\cms_ci4_gitlab\system\CodeIgniter.php(914): App\Controllers\Admin\Transaction\Transaction->periode()
#3 C:\xampp\htdocs\cms_ci4_gitlab\system\CodeIgniter.php(400): CodeIgniter\CodeIgniter->runController(Object(App\Controllers\Admin\Transaction\Transaction))
#4 C:\xampp\htdocs\cms_ci4_gitlab\system\CodeIgniter.php(308): CodeIgniter\CodeIgniter->handleRequest(NULL, Object(Config\Cache), false)
#5 C:\xampp\htdocs\cms_ci4_gitlab\index.php(45): CodeIgniter\CodeIgniter->run()
#6 {main}
CRITICAL - 2020-07-20 04:13:55 --> count(): Parameter must be an array or an object that implements Countable
#0 [internal function]: CodeIgniter\Debug\Exceptions->errorHandler(2, 'count(): Parame...', 'C:\\xampp\\htdocs...', 37, Array)
#1 C:\xampp\htdocs\cms_ci4_gitlab\app\Controllers\Admin\Transaction\Transaction.php(37): count(NULL)
#2 C:\xampp\htdocs\cms_ci4_gitlab\system\CodeIgniter.php(914): App\Controllers\Admin\Transaction\Transaction->periode()
#3 C:\xampp\htdocs\cms_ci4_gitlab\system\CodeIgniter.php(400): CodeIgniter\CodeIgniter->runController(Object(App\Controllers\Admin\Transaction\Transaction))
#4 C:\xampp\htdocs\cms_ci4_gitlab\system\CodeIgniter.php(308): CodeIgniter\CodeIgniter->handleRequest(NULL, Object(Config\Cache), false)
#5 C:\xampp\htdocs\cms_ci4_gitlab\index.php(45): CodeIgniter\CodeIgniter->run()
#6 {main}
CRITICAL - 2020-07-20 04:14:15 --> count(): Parameter must be an array or an object that implements Countable
#0 [internal function]: CodeIgniter\Debug\Exceptions->errorHandler(2, 'count(): Parame...', 'C:\\xampp\\htdocs...', 37, Array)
#1 C:\xampp\htdocs\cms_ci4_gitlab\app\Controllers\Admin\Transaction\Transaction.php(37): count(NULL)
#2 C:\xampp\htdocs\cms_ci4_gitlab\system\CodeIgniter.php(914): App\Controllers\Admin\Transaction\Transaction->periode()
#3 C:\xampp\htdocs\cms_ci4_gitlab\system\CodeIgniter.php(400): CodeIgniter\CodeIgniter->runController(Object(App\Controllers\Admin\Transaction\Transaction))
#4 C:\xampp\htdocs\cms_ci4_gitlab\system\CodeIgniter.php(308): CodeIgniter\CodeIgniter->handleRequest(NULL, Object(Config\Cache), false)
#5 C:\xampp\htdocs\cms_ci4_gitlab\index.php(45): CodeIgniter\CodeIgniter->run()
#6 {main}
CRITICAL - 2020-07-20 04:14:54 --> count(): Parameter must be an array or an object that implements Countable
#0 [internal function]: CodeIgniter\Debug\Exceptions->errorHandler(2, 'count(): Parame...', 'C:\\xampp\\htdocs...', 37, Array)
#1 C:\xampp\htdocs\cms_ci4_gitlab\app\Controllers\Admin\Transaction\Transaction.php(37): count(NULL)
#2 C:\xampp\htdocs\cms_ci4_gitlab\system\CodeIgniter.php(914): App\Controllers\Admin\Transaction\Transaction->periode()
#3 C:\xampp\htdocs\cms_ci4_gitlab\system\CodeIgniter.php(400): CodeIgniter\CodeIgniter->runController(Object(App\Controllers\Admin\Transaction\Transaction))
#4 C:\xampp\htdocs\cms_ci4_gitlab\system\CodeIgniter.php(308): CodeIgniter\CodeIgniter->handleRequest(NULL, Object(Config\Cache), false)
#5 C:\xampp\htdocs\cms_ci4_gitlab\index.php(45): CodeIgniter\CodeIgniter->run()
#6 {main}
CRITICAL - 2020-07-20 04:15:04 --> count(): Parameter must be an array or an object that implements Countable
#0 [internal function]: CodeIgniter\Debug\Exceptions->errorHandler(2, 'count(): Parame...', 'C:\\xampp\\htdocs...', 37, Array)
#1 C:\xampp\htdocs\cms_ci4_gitlab\app\Controllers\Admin\Transaction\Transaction.php(37): count(NULL)
#2 C:\xampp\htdocs\cms_ci4_gitlab\system\CodeIgniter.php(914): App\Controllers\Admin\Transaction\Transaction->periode()
#3 C:\xampp\htdocs\cms_ci4_gitlab\system\CodeIgniter.php(400): CodeIgniter\CodeIgniter->runController(Object(App\Controllers\Admin\Transaction\Transaction))
#4 C:\xampp\htdocs\cms_ci4_gitlab\system\CodeIgniter.php(308): CodeIgniter\CodeIgniter->handleRequest(NULL, Object(Config\Cache), false)
#5 C:\xampp\htdocs\cms_ci4_gitlab\index.php(45): CodeIgniter\CodeIgniter->run()
#6 {main}
CRITICAL - 2020-07-20 04:15:25 --> count(): Parameter must be an array or an object that implements Countable
#0 [internal function]: CodeIgniter\Debug\Exceptions->errorHandler(2, 'count(): Parame...', 'C:\\xampp\\htdocs...', 37, Array)
#1 C:\xampp\htdocs\cms_ci4_gitlab\app\Controllers\Admin\Transaction\Transaction.php(37): count(NULL)
#2 C:\xampp\htdocs\cms_ci4_gitlab\system\CodeIgniter.php(914): App\Controllers\Admin\Transaction\Transaction->periode()
#3 C:\xampp\htdocs\cms_ci4_gitlab\system\CodeIgniter.php(400): CodeIgniter\CodeIgniter->runController(Object(App\Controllers\Admin\Transaction\Transaction))
#4 C:\xampp\htdocs\cms_ci4_gitlab\system\CodeIgniter.php(308): CodeIgniter\CodeIgniter->handleRequest(NULL, Object(Config\Cache), false)
#5 C:\xampp\htdocs\cms_ci4_gitlab\index.php(45): CodeIgniter\CodeIgniter->run()
#6 {main}
CRITICAL - 2020-07-20 04:15:51 --> count(): Parameter must be an array or an object that implements Countable
#0 [internal function]: CodeIgniter\Debug\Exceptions->errorHandler(2, 'count(): Parame...', 'C:\\xampp\\htdocs...', 37, Array)
#1 C:\xampp\htdocs\cms_ci4_gitlab\app\Controllers\Admin\Transaction\Transaction.php(37): count(NULL)
#2 C:\xampp\htdocs\cms_ci4_gitlab\system\CodeIgniter.php(914): App\Controllers\Admin\Transaction\Transaction->periode()
#3 C:\xampp\htdocs\cms_ci4_gitlab\system\CodeIgniter.php(400): CodeIgniter\CodeIgniter->runController(Object(App\Controllers\Admin\Transaction\Transaction))
#4 C:\xampp\htdocs\cms_ci4_gitlab\system\CodeIgniter.php(308): CodeIgniter\CodeIgniter->handleRequest(NULL, Object(Config\Cache), false)
#5 C:\xampp\htdocs\cms_ci4_gitlab\index.php(45): CodeIgniter\CodeIgniter->run()
#6 {main}
CRITICAL - 2020-07-20 04:16:43 --> count(): Parameter must be an array or an object that implements Countable
#0 [internal function]: CodeIgniter\Debug\Exceptions->errorHandler(2, 'count(): Parame...', 'C:\\xampp\\htdocs...', 37, Array)
#1 C:\xampp\htdocs\cms_ci4_gitlab\app\Controllers\Admin\Transaction\Transaction.php(37): count(NULL)
#2 C:\xampp\htdocs\cms_ci4_gitlab\system\CodeIgniter.php(914): App\Controllers\Admin\Transaction\Transaction->periode()
#3 C:\xampp\htdocs\cms_ci4_gitlab\system\CodeIgniter.php(400): CodeIgniter\CodeIgniter->runController(Object(App\Controllers\Admin\Transaction\Transaction))
#4 C:\xampp\htdocs\cms_ci4_gitlab\system\CodeIgniter.php(308): CodeIgniter\CodeIgniter->handleRequest(NULL, Object(Config\Cache), false)
#5 C:\xampp\htdocs\cms_ci4_gitlab\index.php(45): CodeIgniter\CodeIgniter->run()
#6 {main}
CRITICAL - 2020-07-20 04:16:49 --> count(): Parameter must be an array or an object that implements Countable
#0 [internal function]: CodeIgniter\Debug\Exceptions->errorHandler(2, 'count(): Parame...', 'C:\\xampp\\htdocs...', 37, Array)
#1 C:\xampp\htdocs\cms_ci4_gitlab\app\Controllers\Admin\Transaction\Transaction.php(37): count(NULL)
#2 C:\xampp\htdocs\cms_ci4_gitlab\system\CodeIgniter.php(914): App\Controllers\Admin\Transaction\Transaction->periode()
#3 C:\xampp\htdocs\cms_ci4_gitlab\system\CodeIgniter.php(400): CodeIgniter\CodeIgniter->runController(Object(App\Controllers\Admin\Transaction\Transaction))
#4 C:\xampp\htdocs\cms_ci4_gitlab\system\CodeIgniter.php(308): CodeIgniter\CodeIgniter->handleRequest(NULL, Object(Config\Cache), false)
#5 C:\xampp\htdocs\cms_ci4_gitlab\index.php(45): CodeIgniter\CodeIgniter->run()
#6 {main}
CRITICAL - 2020-07-20 04:17:08 --> count(): Parameter must be an array or an object that implements Countable
#0 [internal function]: CodeIgniter\Debug\Exceptions->errorHandler(2, 'count(): Parame...', 'C:\\xampp\\htdocs...', 37, Array)
#1 C:\xampp\htdocs\cms_ci4_gitlab\app\Controllers\Admin\Transaction\Transaction.php(37): count(NULL)
#2 C:\xampp\htdocs\cms_ci4_gitlab\system\CodeIgniter.php(914): App\Controllers\Admin\Transaction\Transaction->periode()
#3 C:\xampp\htdocs\cms_ci4_gitlab\system\CodeIgniter.php(400): CodeIgniter\CodeIgniter->runController(Object(App\Controllers\Admin\Transaction\Transaction))
#4 C:\xampp\htdocs\cms_ci4_gitlab\system\CodeIgniter.php(308): CodeIgniter\CodeIgniter->handleRequest(NULL, Object(Config\Cache), false)
#5 C:\xampp\htdocs\cms_ci4_gitlab\index.php(45): CodeIgniter\CodeIgniter->run()
#6 {main}
CRITICAL - 2020-07-20 04:20:12 --> count(): Parameter must be an array or an object that implements Countable
#0 [internal function]: CodeIgniter\Debug\Exceptions->errorHandler(2, 'count(): Parame...', 'C:\\xampp\\htdocs...', 37, Array)
#1 C:\xampp\htdocs\cms_ci4_gitlab\app\Controllers\Admin\Transaction\Transaction.php(37): count(NULL)
#2 C:\xampp\htdocs\cms_ci4_gitlab\system\CodeIgniter.php(914): App\Controllers\Admin\Transaction\Transaction->periode()
#3 C:\xampp\htdocs\cms_ci4_gitlab\system\CodeIgniter.php(400): CodeIgniter\CodeIgniter->runController(Object(App\Controllers\Admin\Transaction\Transaction))
#4 C:\xampp\htdocs\cms_ci4_gitlab\system\CodeIgniter.php(308): CodeIgniter\CodeIgniter->handleRequest(NULL, Object(Config\Cache), false)
#5 C:\xampp\htdocs\cms_ci4_gitlab\index.php(45): CodeIgniter\CodeIgniter->run()
#6 {main}
CRITICAL - 2020-07-20 04:22:00 --> count(): Parameter must be an array or an object that implements Countable
#0 [internal function]: CodeIgniter\Debug\Exceptions->errorHandler(2, 'count(): Parame...', 'C:\\xampp\\htdocs...', 37, Array)
#1 C:\xampp\htdocs\cms_ci4_gitlab\app\Controllers\Admin\Transaction\Transaction.php(37): count(NULL)
#2 C:\xampp\htdocs\cms_ci4_gitlab\system\CodeIgniter.php(914): App\Controllers\Admin\Transaction\Transaction->periode()
#3 C:\xampp\htdocs\cms_ci4_gitlab\system\CodeIgniter.php(400): CodeIgniter\CodeIgniter->runController(Object(App\Controllers\Admin\Transaction\Transaction))
#4 C:\xampp\htdocs\cms_ci4_gitlab\system\CodeIgniter.php(308): CodeIgniter\CodeIgniter->handleRequest(NULL, Object(Config\Cache), false)
#5 C:\xampp\htdocs\cms_ci4_gitlab\index.php(45): CodeIgniter\CodeIgniter->run()
#6 {main}
CRITICAL - 2020-07-20 04:22:43 --> count(): Parameter must be an array or an object that implements Countable
#0 [internal function]: CodeIgniter\Debug\Exceptions->errorHandler(2, 'count(): Parame...', 'C:\\xampp\\htdocs...', 37, Array)
#1 C:\xampp\htdocs\cms_ci4_gitlab\app\Controllers\Admin\Transaction\Transaction.php(37): count(NULL)
#2 C:\xampp\htdocs\cms_ci4_gitlab\system\CodeIgniter.php(914): App\Controllers\Admin\Transaction\Transaction->periode()
#3 C:\xampp\htdocs\cms_ci4_gitlab\system\CodeIgniter.php(400): CodeIgniter\CodeIgniter->runController(Object(App\Controllers\Admin\Transaction\Transaction))
#4 C:\xampp\htdocs\cms_ci4_gitlab\system\CodeIgniter.php(308): CodeIgniter\CodeIgniter->handleRequest(NULL, Object(Config\Cache), false)
#5 C:\xampp\htdocs\cms_ci4_gitlab\index.php(45): CodeIgniter\CodeIgniter->run()
#6 {main}
CRITICAL - 2020-07-20 04:23:00 --> count(): Parameter must be an array or an object that implements Countable
#0 [internal function]: CodeIgniter\Debug\Exceptions->errorHandler(2, 'count(): Parame...', 'C:\\xampp\\htdocs...', 37, Array)
#1 C:\xampp\htdocs\cms_ci4_gitlab\app\Controllers\Admin\Transaction\Transaction.php(37): count(NULL)
#2 C:\xampp\htdocs\cms_ci4_gitlab\system\CodeIgniter.php(914): App\Controllers\Admin\Transaction\Transaction->periode()
#3 C:\xampp\htdocs\cms_ci4_gitlab\system\CodeIgniter.php(400): CodeIgniter\CodeIgniter->runController(Object(App\Controllers\Admin\Transaction\Transaction))
#4 C:\xampp\htdocs\cms_ci4_gitlab\system\CodeIgniter.php(308): CodeIgniter\CodeIgniter->handleRequest(NULL, Object(Config\Cache), false)
#5 C:\xampp\htdocs\cms_ci4_gitlab\index.php(45): CodeIgniter\CodeIgniter->run()
#6 {main}
CRITICAL - 2020-07-20 04:24:03 --> count(): Parameter must be an array or an object that implements Countable
#0 [internal function]: CodeIgniter\Debug\Exceptions->errorHandler(2, 'count(): Parame...', 'C:\\xampp\\htdocs...', 37, Array)
#1 C:\xampp\htdocs\cms_ci4_gitlab\app\Controllers\Admin\Transaction\Transaction.php(37): count(NULL)
#2 C:\xampp\htdocs\cms_ci4_gitlab\system\CodeIgniter.php(914): App\Controllers\Admin\Transaction\Transaction->periode()
#3 C:\xampp\htdocs\cms_ci4_gitlab\system\CodeIgniter.php(400): CodeIgniter\CodeIgniter->runController(Object(App\Controllers\Admin\Transaction\Transaction))
#4 C:\xampp\htdocs\cms_ci4_gitlab\system\CodeIgniter.php(308): CodeIgniter\CodeIgniter->handleRequest(NULL, Object(Config\Cache), false)
#5 C:\xampp\htdocs\cms_ci4_gitlab\index.php(45): CodeIgniter\CodeIgniter->run()
#6 {main}
CRITICAL - 2020-07-20 04:25:35 --> count(): Parameter must be an array or an object that implements Countable
#0 [internal function]: CodeIgniter\Debug\Exceptions->errorHandler(2, 'count(): Parame...', 'C:\\xampp\\htdocs...', 37, Array)
#1 C:\xampp\htdocs\cms_ci4_gitlab\app\Controllers\Admin\Transaction\Transaction.php(37): count(NULL)
#2 C:\xampp\htdocs\cms_ci4_gitlab\system\CodeIgniter.php(914): App\Controllers\Admin\Transaction\Transaction->periode()
#3 C:\xampp\htdocs\cms_ci4_gitlab\system\CodeIgniter.php(400): CodeIgniter\CodeIgniter->runController(Object(App\Controllers\Admin\Transaction\Transaction))
#4 C:\xampp\htdocs\cms_ci4_gitlab\system\CodeIgniter.php(308): CodeIgniter\CodeIgniter->handleRequest(NULL, Object(Config\Cache), false)
#5 C:\xampp\htdocs\cms_ci4_gitlab\index.php(45): CodeIgniter\CodeIgniter->run()
#6 {main}
CRITICAL - 2020-07-20 04:26:37 --> count(): Parameter must be an array or an object that implements Countable
#0 [internal function]: CodeIgniter\Debug\Exceptions->errorHandler(2, 'count(): Parame...', 'C:\\xampp\\htdocs...', 37, Array)
#1 C:\xampp\htdocs\cms_ci4_gitlab\app\Controllers\Admin\Transaction\Transaction.php(37): count(NULL)
#2 C:\xampp\htdocs\cms_ci4_gitlab\system\CodeIgniter.php(914): App\Controllers\Admin\Transaction\Transaction->periode()
#3 C:\xampp\htdocs\cms_ci4_gitlab\system\CodeIgniter.php(400): CodeIgniter\CodeIgniter->runController(Object(App\Controllers\Admin\Transaction\Transaction))
#4 C:\xampp\htdocs\cms_ci4_gitlab\system\CodeIgniter.php(308): CodeIgniter\CodeIgniter->handleRequest(NULL, Object(Config\Cache), false)
#5 C:\xampp\htdocs\cms_ci4_gitlab\index.php(45): CodeIgniter\CodeIgniter->run()
#6 {main}
CRITICAL - 2020-07-20 04:27:07 --> count(): Parameter must be an array or an object that implements Countable
#0 [internal function]: CodeIgniter\Debug\Exceptions->errorHandler(2, 'count(): Parame...', 'C:\\xampp\\htdocs...', 37, Array)
#1 C:\xampp\htdocs\cms_ci4_gitlab\app\Controllers\Admin\Transaction\Transaction.php(37): count(NULL)
#2 C:\xampp\htdocs\cms_ci4_gitlab\system\CodeIgniter.php(914): App\Controllers\Admin\Transaction\Transaction->periode()
#3 C:\xampp\htdocs\cms_ci4_gitlab\system\CodeIgniter.php(400): CodeIgniter\CodeIgniter->runController(Object(App\Controllers\Admin\Transaction\Transaction))
#4 C:\xampp\htdocs\cms_ci4_gitlab\system\CodeIgniter.php(308): CodeIgniter\CodeIgniter->handleRequest(NULL, Object(Config\Cache), false)
#5 C:\xampp\htdocs\cms_ci4_gitlab\index.php(45): CodeIgniter\CodeIgniter->run()
#6 {main}
CRITICAL - 2020-07-20 04:27:39 --> count(): Parameter must be an array or an object that implements Countable
#0 [internal function]: CodeIgniter\Debug\Exceptions->errorHandler(2, 'count(): Parame...', 'C:\\xampp\\htdocs...', 37, Array)
#1 C:\xampp\htdocs\cms_ci4_gitlab\app\Controllers\Admin\Transaction\Transaction.php(37): count(NULL)
#2 C:\xampp\htdocs\cms_ci4_gitlab\system\CodeIgniter.php(914): App\Controllers\Admin\Transaction\Transaction->periode()
#3 C:\xampp\htdocs\cms_ci4_gitlab\system\CodeIgniter.php(400): CodeIgniter\CodeIgniter->runController(Object(App\Controllers\Admin\Transaction\Transaction))
#4 C:\xampp\htdocs\cms_ci4_gitlab\system\CodeIgniter.php(308): CodeIgniter\CodeIgniter->handleRequest(NULL, Object(Config\Cache), false)
#5 C:\xampp\htdocs\cms_ci4_gitlab\index.php(45): CodeIgniter\CodeIgniter->run()
#6 {main}
CRITICAL - 2020-07-20 04:28:20 --> count(): Parameter must be an array or an object that implements Countable
#0 [internal function]: CodeIgniter\Debug\Exceptions->errorHandler(2, 'count(): Parame...', 'C:\\xampp\\htdocs...', 37, Array)
#1 C:\xampp\htdocs\cms_ci4_gitlab\app\Controllers\Admin\Transaction\Transaction.php(37): count(NULL)
#2 C:\xampp\htdocs\cms_ci4_gitlab\system\CodeIgniter.php(914): App\Controllers\Admin\Transaction\Transaction->periode()
#3 C:\xampp\htdocs\cms_ci4_gitlab\system\CodeIgniter.php(400): CodeIgniter\CodeIgniter->runController(Object(App\Controllers\Admin\Transaction\Transaction))
#4 C:\xampp\htdocs\cms_ci4_gitlab\system\CodeIgniter.php(308): CodeIgniter\CodeIgniter->handleRequest(NULL, Object(Config\Cache), false)
#5 C:\xampp\htdocs\cms_ci4_gitlab\index.php(45): CodeIgniter\CodeIgniter->run()
#6 {main}
CRITICAL - 2020-07-20 04:28:39 --> count(): Parameter must be an array or an object that implements Countable
#0 [internal function]: CodeIgniter\Debug\Exceptions->errorHandler(2, 'count(): Parame...', 'C:\\xampp\\htdocs...', 37, Array)
#1 C:\xampp\htdocs\cms_ci4_gitlab\app\Controllers\Admin\Transaction\Transaction.php(37): count(NULL)
#2 C:\xampp\htdocs\cms_ci4_gitlab\system\CodeIgniter.php(914): App\Controllers\Admin\Transaction\Transaction->periode()
#3 C:\xampp\htdocs\cms_ci4_gitlab\system\CodeIgniter.php(400): CodeIgniter\CodeIgniter->runController(Object(App\Controllers\Admin\Transaction\Transaction))
#4 C:\xampp\htdocs\cms_ci4_gitlab\system\CodeIgniter.php(308): CodeIgniter\CodeIgniter->handleRequest(NULL, Object(Config\Cache), false)
#5 C:\xampp\htdocs\cms_ci4_gitlab\index.php(45): CodeIgniter\CodeIgniter->run()
#6 {main}
CRITICAL - 2020-07-20 04:37:31 --> count(): Parameter must be an array or an object that implements Countable
#0 [internal function]: CodeIgniter\Debug\Exceptions->errorHandler(2, 'count(): Parame...', 'C:\\xampp\\htdocs...', 37, Array)
#1 C:\xampp\htdocs\cms_ci4_gitlab\app\Controllers\Admin\Transaction\Transaction.php(37): count(NULL)
#2 C:\xampp\htdocs\cms_ci4_gitlab\system\CodeIgniter.php(914): App\Controllers\Admin\Transaction\Transaction->periode()
#3 C:\xampp\htdocs\cms_ci4_gitlab\system\CodeIgniter.php(400): CodeIgniter\CodeIgniter->runController(Object(App\Controllers\Admin\Transaction\Transaction))
#4 C:\xampp\htdocs\cms_ci4_gitlab\system\CodeIgniter.php(308): CodeIgniter\CodeIgniter->handleRequest(NULL, Object(Config\Cache), false)
#5 C:\xampp\htdocs\cms_ci4_gitlab\index.php(45): CodeIgniter\CodeIgniter->run()
#6 {main}
CRITICAL - 2020-07-20 04:38:08 --> count(): Parameter must be an array or an object that implements Countable
#0 [internal function]: CodeIgniter\Debug\Exceptions->errorHandler(2, 'count(): Parame...', 'C:\\xampp\\htdocs...', 37, Array)
#1 C:\xampp\htdocs\cms_ci4_gitlab\app\Controllers\Admin\Transaction\Transaction.php(37): count(NULL)
#2 C:\xampp\htdocs\cms_ci4_gitlab\system\CodeIgniter.php(914): App\Controllers\Admin\Transaction\Transaction->periode()
#3 C:\xampp\htdocs\cms_ci4_gitlab\system\CodeIgniter.php(400): CodeIgniter\CodeIgniter->runController(Object(App\Controllers\Admin\Transaction\Transaction))
#4 C:\xampp\htdocs\cms_ci4_gitlab\system\CodeIgniter.php(308): CodeIgniter\CodeIgniter->handleRequest(NULL, Object(Config\Cache), false)
#5 C:\xampp\htdocs\cms_ci4_gitlab\index.php(45): CodeIgniter\CodeIgniter->run()
#6 {main}
CRITICAL - 2020-07-20 04:39:40 --> count(): Parameter must be an array or an object that implements Countable
#0 [internal function]: CodeIgniter\Debug\Exceptions->errorHandler(2, 'count(): Parame...', 'C:\\xampp\\htdocs...', 37, Array)
#1 C:\xampp\htdocs\cms_ci4_gitlab\app\Controllers\Admin\Transaction\Transaction.php(37): count(NULL)
#2 C:\xampp\htdocs\cms_ci4_gitlab\system\CodeIgniter.php(914): App\Controllers\Admin\Transaction\Transaction->periode()
#3 C:\xampp\htdocs\cms_ci4_gitlab\system\CodeIgniter.php(400): CodeIgniter\CodeIgniter->runController(Object(App\Controllers\Admin\Transaction\Transaction))
#4 C:\xampp\htdocs\cms_ci4_gitlab\system\CodeIgniter.php(308): CodeIgniter\CodeIgniter->handleRequest(NULL, Object(Config\Cache), false)
#5 C:\xampp\htdocs\cms_ci4_gitlab\index.php(45): CodeIgniter\CodeIgniter->run()
#6 {main}
CRITICAL - 2020-07-20 04:41:31 --> count(): Parameter must be an array or an object that implements Countable
#0 [internal function]: CodeIgniter\Debug\Exceptions->errorHandler(2, 'count(): Parame...', 'C:\\xampp\\htdocs...', 37, Array)
#1 C:\xampp\htdocs\cms_ci4_gitlab\app\Controllers\Admin\Transaction\Transaction.php(37): count(NULL)
#2 C:\xampp\htdocs\cms_ci4_gitlab\system\CodeIgniter.php(914): App\Controllers\Admin\Transaction\Transaction->periode()
#3 C:\xampp\htdocs\cms_ci4_gitlab\system\CodeIgniter.php(400): CodeIgniter\CodeIgniter->runController(Object(App\Controllers\Admin\Transaction\Transaction))
#4 C:\xampp\htdocs\cms_ci4_gitlab\system\CodeIgniter.php(308): CodeIgniter\CodeIgniter->handleRequest(NULL, Object(Config\Cache), false)
#5 C:\xampp\htdocs\cms_ci4_gitlab\index.php(45): CodeIgniter\CodeIgniter->run()
#6 {main}
CRITICAL - 2020-07-20 04:42:05 --> count(): Parameter must be an array or an object that implements Countable
#0 [internal function]: CodeIgniter\Debug\Exceptions->errorHandler(2, 'count(): Parame...', 'C:\\xampp\\htdocs...', 37, Array)
#1 C:\xampp\htdocs\cms_ci4_gitlab\app\Controllers\Admin\Transaction\Transaction.php(37): count(NULL)
#2 C:\xampp\htdocs\cms_ci4_gitlab\system\CodeIgniter.php(914): App\Controllers\Admin\Transaction\Transaction->periode()
#3 C:\xampp\htdocs\cms_ci4_gitlab\system\CodeIgniter.php(400): CodeIgniter\CodeIgniter->runController(Object(App\Controllers\Admin\Transaction\Transaction))
#4 C:\xampp\htdocs\cms_ci4_gitlab\system\CodeIgniter.php(308): CodeIgniter\CodeIgniter->handleRequest(NULL, Object(Config\Cache), false)
#5 C:\xampp\htdocs\cms_ci4_gitlab\index.php(45): CodeIgniter\CodeIgniter->run()
#6 {main}
CRITICAL - 2020-07-20 04:42:43 --> count(): Parameter must be an array or an object that implements Countable
#0 [internal function]: CodeIgniter\Debug\Exceptions->errorHandler(2, 'count(): Parame...', 'C:\\xampp\\htdocs...', 37, Array)
#1 C:\xampp\htdocs\cms_ci4_gitlab\app\Controllers\Admin\Transaction\Transaction.php(37): count(NULL)
#2 C:\xampp\htdocs\cms_ci4_gitlab\system\CodeIgniter.php(914): App\Controllers\Admin\Transaction\Transaction->periode()
#3 C:\xampp\htdocs\cms_ci4_gitlab\system\CodeIgniter.php(400): CodeIgniter\CodeIgniter->runController(Object(App\Controllers\Admin\Transaction\Transaction))
#4 C:\xampp\htdocs\cms_ci4_gitlab\system\CodeIgniter.php(308): CodeIgniter\CodeIgniter->handleRequest(NULL, Object(Config\Cache), false)
#5 C:\xampp\htdocs\cms_ci4_gitlab\index.php(45): CodeIgniter\CodeIgniter->run()
#6 {main}
CRITICAL - 2020-07-20 04:42:48 --> count(): Parameter must be an array or an object that implements Countable
#0 [internal function]: CodeIgniter\Debug\Exceptions->errorHandler(2, 'count(): Parame...', 'C:\\xampp\\htdocs...', 37, Array)
#1 C:\xampp\htdocs\cms_ci4_gitlab\app\Controllers\Admin\Transaction\Transaction.php(37): count(NULL)
#2 C:\xampp\htdocs\cms_ci4_gitlab\system\CodeIgniter.php(914): App\Controllers\Admin\Transaction\Transaction->periode()
#3 C:\xampp\htdocs\cms_ci4_gitlab\system\CodeIgniter.php(400): CodeIgniter\CodeIgniter->runController(Object(App\Controllers\Admin\Transaction\Transaction))
#4 C:\xampp\htdocs\cms_ci4_gitlab\system\CodeIgniter.php(308): CodeIgniter\CodeIgniter->handleRequest(NULL, Object(Config\Cache), false)
#5 C:\xampp\htdocs\cms_ci4_gitlab\index.php(45): CodeIgniter\CodeIgniter->run()
#6 {main}
CRITICAL - 2020-07-20 04:43:42 --> Undefined property: stdClass::$resutls
#0 C:\xampp\htdocs\cms_ci4_gitlab\app\Views\outlet\index.php(33): CodeIgniter\Debug\Exceptions->errorHandler(8, 'Undefined prope...', 'C:\\xampp\\htdocs...', 33, Array)
#1 C:\xampp\htdocs\cms_ci4_gitlab\system\View\View.php(246): include('C:\\xampp\\htdocs...')
#2 C:\xampp\htdocs\cms_ci4_gitlab\system\Common.php(1087): CodeIgniter\View\View->render('outlet/index', Array, true)
#3 C:\xampp\htdocs\cms_ci4_gitlab\app\Controllers\Admin\Outlet\Outlet.php(15): view('outlet/index', Array)
#4 C:\xampp\htdocs\cms_ci4_gitlab\system\CodeIgniter.php(914): App\Controllers\Admin\Outlet\Outlet->index()
#5 C:\xampp\htdocs\cms_ci4_gitlab\system\CodeIgniter.php(400): CodeIgniter\CodeIgniter->runController(Object(App\Controllers\Admin\Outlet\Outlet))
#6 C:\xampp\htdocs\cms_ci4_gitlab\system\CodeIgniter.php(308): CodeIgniter\CodeIgniter->handleRequest(NULL, Object(Config\Cache), false)
#7 C:\xampp\htdocs\cms_ci4_gitlab\index.php(45): CodeIgniter\CodeIgniter->run()
#8 {main}
CRITICAL - 2020-07-20 04:44:46 --> Undefined property: stdClass::$resutls
#0 C:\xampp\htdocs\cms_ci4_gitlab\app\Views\outlet\index.php(33): CodeIgniter\Debug\Exceptions->errorHandler(8, 'Undefined prope...', 'C:\\xampp\\htdocs...', 33, Array)
#1 C:\xampp\htdocs\cms_ci4_gitlab\system\View\View.php(246): include('C:\\xampp\\htdocs...')
#2 C:\xampp\htdocs\cms_ci4_gitlab\system\Common.php(1087): CodeIgniter\View\View->render('outlet/index', Array, true)
#3 C:\xampp\htdocs\cms_ci4_gitlab\app\Controllers\Admin\Outlet\Outlet.php(15): view('outlet/index', Array)
#4 C:\xampp\htdocs\cms_ci4_gitlab\system\CodeIgniter.php(914): App\Controllers\Admin\Outlet\Outlet->index()
#5 C:\xampp\htdocs\cms_ci4_gitlab\system\CodeIgniter.php(400): CodeIgniter\CodeIgniter->runController(Object(App\Controllers\Admin\Outlet\Outlet))
#6 C:\xampp\htdocs\cms_ci4_gitlab\system\CodeIgniter.php(308): CodeIgniter\CodeIgniter->handleRequest(NULL, Object(Config\Cache), false)
#7 C:\xampp\htdocs\cms_ci4_gitlab\index.php(45): CodeIgniter\CodeIgniter->run()
#8 {main}
CRITICAL - 2020-07-20 04:45:08 --> Request URI segment is our of range: 2
#0 C:\xampp\htdocs\cms_ci4_gitlab\system\HTTP\URI.php(485): CodeIgniter\HTTP\Exceptions\HTTPException::forURISegmentOutOfRange(2)
#1 C:\xampp\htdocs\cms_ci4_gitlab\app\Views\templates\admin\navbar.php(49): CodeIgniter\HTTP\URI->getSegment(2)
#2 C:\xampp\htdocs\cms_ci4_gitlab\system\View\View.php(246): include('C:\\xampp\\htdocs...')
#3 C:\xampp\htdocs\cms_ci4_gitlab\system\View\View.php(525): CodeIgniter\View\View->render('templates/admin...', NULL, true)
#4 C:\xampp\htdocs\cms_ci4_gitlab\app\Views\dashboard\index.php(8): CodeIgniter\View\View->include('templates/admin...')
#5 C:\xampp\htdocs\cms_ci4_gitlab\system\View\View.php(246): include('C:\\xampp\\htdocs...')
#6 C:\xampp\htdocs\cms_ci4_gitlab\system\Common.php(1087): CodeIgniter\View\View->render('dashboard/index', Array, true)
#7 C:\xampp\htdocs\cms_ci4_gitlab\app\Controllers\Admin\Dashboard\Dashboard.php(23): view('dashboard/index', Array)
#8 C:\xampp\htdocs\cms_ci4_gitlab\system\CodeIgniter.php(914): App\Controllers\Admin\Dashboard\Dashboard->index()
#9 C:\xampp\htdocs\cms_ci4_gitlab\system\CodeIgniter.php(400): CodeIgniter\CodeIgniter->runController(Object(App\Controllers\Admin\Dashboard\Dashboard))
#10 C:\xampp\htdocs\cms_ci4_gitlab\system\CodeIgniter.php(308): CodeIgniter\CodeIgniter->handleRequest(NULL, Object(Config\Cache), false)
#11 C:\xampp\htdocs\cms_ci4_gitlab\index.php(45): CodeIgniter\CodeIgniter->run()
#12 {main}
CRITICAL - 2020-07-20 04:45:52 --> count(): Parameter must be an array or an object that implements Countable
#0 [internal function]: CodeIgniter\Debug\Exceptions->errorHandler(2, 'count(): Parame...', 'C:\\xampp\\htdocs...', 37, Array)
#1 C:\xampp\htdocs\cms_ci4_gitlab\app\Controllers\Admin\Transaction\Transaction.php(37): count(NULL)
#2 C:\xampp\htdocs\cms_ci4_gitlab\system\CodeIgniter.php(914): App\Controllers\Admin\Transaction\Transaction->periode()
#3 C:\xampp\htdocs\cms_ci4_gitlab\system\CodeIgniter.php(400): CodeIgniter\CodeIgniter->runController(Object(App\Controllers\Admin\Transaction\Transaction))
#4 C:\xampp\htdocs\cms_ci4_gitlab\system\CodeIgniter.php(308): CodeIgniter\CodeIgniter->handleRequest(NULL, Object(Config\Cache), false)
#5 C:\xampp\htdocs\cms_ci4_gitlab\index.php(45): CodeIgniter\CodeIgniter->run()
#6 {main}
CRITICAL - 2020-07-20 04:48:23 --> count(): Parameter must be an array or an object that implements Countable
#0 [internal function]: CodeIgniter\Debug\Exceptions->errorHandler(2, 'count(): Parame...', 'C:\\xampp\\htdocs...', 37, Array)
#1 C:\xampp\htdocs\cms_ci4_gitlab\app\Controllers\Admin\Transaction\Transaction.php(37): count(NULL)
#2 C:\xampp\htdocs\cms_ci4_gitlab\system\CodeIgniter.php(914): App\Controllers\Admin\Transaction\Transaction->periode()
#3 C:\xampp\htdocs\cms_ci4_gitlab\system\CodeIgniter.php(400): CodeIgniter\CodeIgniter->runController(Object(App\Controllers\Admin\Transaction\Transaction))
#4 C:\xampp\htdocs\cms_ci4_gitlab\system\CodeIgniter.php(308): CodeIgniter\CodeIgniter->handleRequest(NULL, Object(Config\Cache), false)
#5 C:\xampp\htdocs\cms_ci4_gitlab\index.php(45): CodeIgniter\CodeIgniter->run()
#6 {main}
CRITICAL - 2020-07-20 04:49:05 --> count(): Parameter must be an array or an object that implements Countable
#0 [internal function]: CodeIgniter\Debug\Exceptions->errorHandler(2, 'count(): Parame...', 'C:\\xampp\\htdocs...', 37, Array)
#1 C:\xampp\htdocs\cms_ci4_gitlab\app\Controllers\Admin\Transaction\Transaction.php(37): count(NULL)
#2 C:\xampp\htdocs\cms_ci4_gitlab\system\CodeIgniter.php(914): App\Controllers\Admin\Transaction\Transaction->periode()
#3 C:\xampp\htdocs\cms_ci4_gitlab\system\CodeIgniter.php(400): CodeIgniter\CodeIgniter->runController(Object(App\Controllers\Admin\Transaction\Transaction))
#4 C:\xampp\htdocs\cms_ci4_gitlab\system\CodeIgniter.php(308): CodeIgniter\CodeIgniter->handleRequest(NULL, Object(Config\Cache), false)
#5 C:\xampp\htdocs\cms_ci4_gitlab\index.php(45): CodeIgniter\CodeIgniter->run()
#6 {main}
